0	0
0	0
0	0
0	0
0	0
0	0
0	0
0	0
0	0
0	0
0	0
0	0
0	0
0	0
0	0
0	0
0	0
0	0
0	0
0	0
0	0
0	0
0	0
0	0
0	0
0	0
0	0
0	0
0	0
0	0
0	0
0	0
0	0
0	0
0	0
0	0
0	0
0	0
0	0
0	0
0	0
0	0
0	0
0	0
0	0
0	0
0	0
0	0
0	0
0	0
0	0
0	0
0	0
0	0
0	0
0	0
0	0
0	0
0	0
0	0
0	0
0	0
0	0
0	0
0	0
0	0
0	0
0	0
0	0
0	0
0	0
0	0
0	0
0	0
0	0
0	0
0	0
0	0
0	0
0	0
0	0
0	0
0	0
0	0
0	0
0	0
0	0
0	0
0	0
0	0
0	0
0	0
0	0
0	0
0	0
0	0
0	0
0	0
0	0
0	0
0	0
0	0
0	0
0	0
0	0
0	0
0	0
0	0
0	0
0	0
0	0
0	0
0	0
0	0
0	0
0	0
0	0
0	0
0	0
0	0
0	0
0	0
0	0
0	0
0	0
0	0
0	0
0	0
0	0
0	0
0	0
0	0
0	0
0	0
0	0
0	0
0	0
0	0
0	0
0	0
0	0
0	0
0	0
0	0
0	0
0	0
0	0
0	0
0	0
0	0
0	0
0	0
0	0
0	0
0	0
0	0
0	0
0	0
0	0
0	0
0	0
0	0
0	0
0	0
0	0
0	0
0	0
0	0
0	0
0	0
0	0
0	0
0	0
0	0
0	0
0	0
0	0
0	0
0	0
0	0
0	0
0	0
0	0
0	0
0	0
0	0
0	0
0	0
0	0
0	0
0	0
0	0
0	0
0	0
0	0
0	0
0	0
0	0
0	0
0	0
0	0
0	0
0	0
0	0
0	0
0	0
0	0
0	0
0	0
0	0
0	0
0	0
0	0
0	0
0	0
0	0
0	0
0	0
0	0
0	0
0	0
0	0
0	0
0	0
0	0
0	0
0	0
0	0
0	0
0	0
0	0
0	0
0	0
0	0
0	0
0	0
0	0
0	0
0	0.719634
0.796996	0.719634
0.796996	0.719634
0.796996	0.719634
0.796996	0.719634
0.796996	0.719634
0.796996	0.719634
0.796996	0.719634
0.796996	0.719634
0.796996	0.719634
0.796996	0.719634
0.796996	0.719634
0.796996	0.719634
0.796996	0.719634
0.796996	0.719634
0.796996	0.719634
0.796996	0.719634
0.796996	0.719634
0.796996	0.719634
0.796996	0.719634
0.796996	0.719634
0.796996	0.719634
0.796996	0.719634
0.796996	0.719634
0.796996	0.719634
0.796996	0.719634
0.796996	0.719634
0.796996	0.719634
0.796996	0.719634
0.796996	0.719634
0.796996	0.719634
0.796996	0.719634
0.796996	0.719634
0.796996	0.719634
0.796996	0.719634
0.796996	0.719634
0.796996	0.719634
0.796996	0.719634
0.796996	0.719634
0.796996	0.719634
0.796996	0.719634
0.796996	0.719634
0.796996	0.719634
0.796996	0.719634
0.796996	0.719634
0.796996	0.719634
0.796996	0.719634
0.796996	0.719634
0.796996	0.719634
0.796996	0.719634
0.796996	0.719634
0.796996	0.719634
0.796996	0.719634
0.796996	0.719634
0.796996	0.719634
0.796996	0.719634
0.796996	0.719634
0.796996	0.719634
0.796996	0.719634
0.796996	0.719634
0.796996	0.719634
0.796996	0.719634
0.796996	0.719634
0.796996	0.719634
0.796996	0.719634
0.796996	0.719634
0.796996	0.719634
0.796996	0.719634
0.796996	0.719634
0.796996	0.719634
0.796996	0.719634
0.796996	0.719634
0.796996	0.719634
0.796996	0.719634
0.796996	0.719634
0.796996	0.719634
0.796996	0.719634
0.796996	0.719634
0.796996	0.719634
0.796996	0.719634
0.796996	0.719634
0.796996	0.719634
0.796996	0.719634
0.796996	0.719634
0.796996	0.719634
0.796996	0.719634
0.796996	0.719634
0.796996	0.719634
0.796996	0.719634
0.796996	0.719634
0.796996	0.719634
0.796996	0.719634
0.796996	0.719634
0.796996	0.719634
0.796996	0.719634
0.796996	0.719634
0.796996	0.719634
0.796996	0.719634
0.796996	0.719634
0.796996	0.719634
0.796996	0.719634
0.796996	0.719634
0.796996	0.719634
0.796996	0.719634
0.796996	0.719634
0.796996	0.719634
0.796996	0.719634
0.796996	0.719634
0.796996	0.719634
0.796996	0.719634
0.796996	0.719634
0.796996	0.719634
0.796996	0.719634
0.796996	0.719634
0.796996	0.719634
0.796996	0.719634
0.796996	0.719634
0.796996	0.719634
0.796996	0.719634
0.796996	0.719634
0.796996	0.719634
0.796996	0.719634
0.796996	0.719634
0.796996	0.719634
0.796996	0.719634
0.796996	0.719634
0.796996	0.719634
0.796996	0.719634
0.796996	0.719634
0.796996	0.719634
0.796996	0.719634
0.796996	0.719634
0.796996	0.719634
0.796996	0.719634
0.796996	0.719634
0.796996	0.719634
0.796996	0.719634
0.796996	0.719634
0.796996	0.719634
0.796996	0.719634
0.796996	0.719634
0.796996	0.719634
0.796996	0.719634
0.796996	0.719634
0.796996	0.719634
0.796996	0.719634
0.796996	0.719634
0.796996	0.719634
0.796996	0.719634
0.796996	0.719634
0.796996	0.719634
0.796996	0.719634
0.796996	0.719634
0.796996	0.719634
0.796996	0.719634
0.796996	0.719634
0.796996	0.719634
0.796996	0.719634
0.796996	0.719634
0.796996	0.719634
0.796996	0.719634
0.796996	0.719634
0.796996	0.719634
0.796996	0.719634
0.796996	0.719634
0.796996	0.719634
0.796996	0.719634
0.796996	0.719634
0.796996	0.719634
0.796996	0.719634
0.796996	0.719634
0.796996	0.719634
0.796996	0.719634
0.796996	0.719634
0.796996	0.719634
0.796996	0.719634
0.796996	0.719634
0.796996	0.719634
0.796996	0.719634
0.796996	0.719634
0.796996	0.719634
0.796996	0.719634
0.796996	0.719634
0.796996	0.719634
0.796996	0.719634
0.796996	0.719634
0.796996	0.719634
0.796996	0.719634
0.796996	0.719634
0.796996	0.719634
0.796996	0.719634
0.796996	0.719634
0.796996	0.719634
0.796996	0.719634
0.796996	0.719634
0.796996	0.719634
0.796996	0.719634
0.796996	0.719634
0.796996	0.719634
0.796996	0.719634
0.796996	0.719634
0.796996	0.719634
0.796996	0.719634
0.796996	0.719634
0.796996	0.719634
0.796996	0.719634
0.796996	0.719634
0.796996	0.719634
0.796996	0.719634
0.796996	0.719634
0.796996	0.719634
0.796996	0.719634
0.796996	0.719634
0.796996	0.719634
0.796996	0.719634
0.796996	0.719634
0.796996	0.719634
0.796996	0.719634
0.796996	0.719634
0.796996	0.719634
0.796996	0.719634
0.796996	0.719634
0.796996	0.719634
0.796996	0.719634
0.796996	0.719634
0.796996	0.719634
0.796996	0.719634
0.796996	0.719634
0.796996	0.719634
0.796996	0.719634
0.796996	0.719634
0.796996	0.719634
0.796996	0.719634
0.796996	0.719634
0.796996	0.719634
0.796996	0.719634
0.796996	0.719634
0.796996	0.719634
0.796996	0.719634
0.796996	0.719634
0.796996	0.719634
0.796996	0.719634
0.796996	0.719634
0.796996	0.719634
0.796996	0.719634
0.796996	0.719634
0.796996	0.719634
0.796996	0.719634
0.796996	0.719634
0.796996	0.719634
0.796996	0.719634
0.796996	0.719634
0.796996	0.719634
0.796996	0.719634
0.796996	0.719634
0.796996	0.719634
0.796996	0.719634
0.796996	0.719634
0.796996	0.719634
0.796996	0.719634
0.796996	0.719634
0.796996	0.719634
0.796996	0.719634
0.796996	0.719634
0.796996	0.719634
0.796996	0.719634
0.796996	0.719634
0.796996	0.719634
0.796996	0.719634
0.796996	0.719634
0.796996	0.719634
0.796996	0.719634
0.796996	0.719634
0.796996	0.719634
0.796996	0.719634
0.796996	0.719634
0.796996	0.719634
0.796996	0.719634
0.796996	0.719634
0.796996	0.719634
0.796996	0.719634
0.796996	0.719634
0.796996	0.719634
0.796996	0.719634
0.796996	0.719634
0.796996	0.719634
0.796996	0.719634
0.796996	0.719634
0.796996	0.719634
0.796996	0.719634
0.796996	0.719634
0.796996	0.719634
0.796996	0.719634
0.796996	0.719634
0.796996	0.719634
0.796996	0.719634
0.796996	0.719634
0.796996	0.719634
0.796996	0.719634
0.796996	0.719634
0.796996	0.719634
0.796996	0.719634
0.796996	0.719634
0.796996	0.719634
0.796996	0.719634
0.796996	0.719634
0.796996	0.719634
0.796996	0.719634
0.796996	0.719634
0.796996	0.719634
0.796996	0.719634
0.796996	0.719634
0.796996	0.719634
0.796996	0.719634
0.796996	0.719634
0.796996	0.719634
0.796996	0.719634
0.796996	0.719634
0.796996	0.719634
0.796996	0.719634
0.796996	0.719634
0.796996	0.719634
0.796996	0.719634
0.796996	0.719634
0.796996	0.719634
0.796996	0.719634
0.796996	0.719634
0.796996	0.719634
0.796996	0.719634
0.796996	0.719634
0.796996	0.719634
0.796996	0.719634
0.796996	0.719634
0.796996	0.719634
0.796996	0.719634
0.796996	0.719634
0.796996	0.719634
0.796996	0.719634
0.796996	0.719634
0.796996	0.719634
0.796996	0.719634
0.796996	0.719634
0.796996	0.719634
0.796996	0.719634
0.796996	0.719634
0.796996	0.719634
0.796996	0.719634
0.796996	0.719634
0.796996	0.719634
0.796996	0.719634
0.796996	0.719634
0.796996	0.719634
0.796996	0.719634
0.796996	0.719634
0.796996	0.719634
0.796996	0.719634
0.796996	0.719634
0.796996	0.719634
0.796996	0.719634
0.796996	0.719634
0.796996	0.719634
0.796996	0.719634
0.796996	0.719634
0.796996	0.719634
0.796996	0.719634
0.796996	0.719634
0.796996	0.719634
0.796996	0.719634
0.796996	0.719634
0.796996	0.719634
0.796996	0.719634
0.796996	0.719634
0.796996	0.719634
0.796996	0.719634
0.796996	0.719634
0.796996	0.719634
0.796996	0.719634
0.796996	0.719634
0.796996	0.719634
0.796996	0.719634
0.796996	0.719634
0.796996	0.719634
0.796996	0.719634
0.796996	0.719634
0.796996	0.719634
0.796996	0.719634
0.796996	0.719634
0.796996	0.719634
0.796996	0.719634
0.796996	0.719634
0.796996	0.719634
0.796996	0.719634
0.796996	0.719634
0.796996	0.719634
0.796996	0.719634
0.796996	0.719634
0.796996	0.719634
0.796996	0.719634
0.796996	0.719634
0.796996	0.719634
0.796996	0.719634
0.796996	0.719634
0.796996	0.719634
0.796996	0.719634
0.796996	0.719634
0.796996	0.719634
0.796996	0.719634
0.796996	0.719634
0.796996	0.719634
0.796996	0.719634
0.796996	0.719634
0.796996	0.719634
0.796996	0.719634
0.796996	0.719634
0.796996	0.719634
0.796996	0.719634
0.796996	0.719634
0.796996	0.719634
0.796996	0.719634
0.796996	0.719634
0.796996	0.719634
0.796996	0.719634
0.796996	0.719634
0.796996	0.719634
0.796996	0.719634
0.796996	0.719634
0.796996	0.719634
0.796996	0.719634
0.796996	0.719634
0.796996	0.719634
0.796996	0.719634
0.796996	0.719634
0.796996	0.719634
0.796996	0.719634
0.796996	0.719634
0.796996	0.719634
0.796996	0.719634
0.796996	0.719634
0.796996	0.719634
0.796996	0.719634
0.796996	0.719634
0.796996	0.719634
0.796996	0.719634
0.796996	0.719634
0.796996	0.719634
0.796996	0.719634
0.796996	0.719634
0.796996	0.719634
0.796996	0.719634
0.796996	0.719634
0.796996	0.719634
0.796996	0.719634
0.796996	0.719634
0.796996	0.719634
0.796996	0.719634
0.796996	0.719634
0.796996	0.719634
0.796996	0.719634
0.796996	0.719634
0.796996	0.719634
0.796996	0.719634
0.796996	0.719634
0.796996	0.719634
0.796996	0.719634
0.796996	0.719634
0.796996	0.719634
0.796996	0.719634
0.796996	0.719634
0.796996	0.719634
0.796996	0.719634
0.796996	0.719634
0.796996	0.719634
0.796996	0.719634
0.796996	0.719634
0.796996	0.719634
0.796996	0.719634
0.796996	0.719634
0.796996	0.719634
0.796996	0.719634
0.796996	0.719634
0.796996	0.719634
0.796996	0.719634
0.796996	0.719634
0.796996	0.719634
0.796996	0.719634
0.796996	0.719634
0.796996	0.719634
0.796996	0.719634
0.796996	0.719634
0.796996	0.719634
0.796996	0.719634
0.796996	0.719634
0.796996	0.719634
0.796996	0.719634
0.796996	0.719634
0.796996	0.719634
0.796996	0.719634
0.796996	0.719634
0.796996	0.719634
0.796996	0.719634
0.796996	0.719634
0.796996	0.719634
0.796996	0.719634
0.796996	0.719634
0.796996	0.719634
0.796996	0.719634
0.796996	0.719634
0.796996	0.719634
0.796996	0.719634
0.796996	0.719634
0.796996	0.719634
0.796996	0.719634
0.796996	0.719634
0.796996	0.719634
0.796996	0.719634
0.796996	0.719634
0.796996	0.719634
0.796996	0.719634
0.796996	0.719634
0.796996	0.719634
0.796996	0.719634
0.796996	0.719634
0.796996	0.719634
0.796996	0.719634
0.796996	0.719634
0.796996	0.719634
0.796996	0.719634
0.796996	0.719634
0.796996	0.719634
0.796996	0.719634
0.796996	0.719634
0.796996	0.719634
0.796996	0.719634
0.796996	0.719634
0.796996	0.719634
0.796996	0.719634
0.796996	0.719634
0.796996	0.719634
0.796996	0.719634
0.796996	0.719634
0.796996	0.719634
0.796996	0.719634
0.796996	0.719634
0.796996	0.719634
0.796996	0.719634
0.796996	0.719634
0.796996	0.719634
0.796996	0.719634
0.796996	0.719634
0.796996	0.719634
0.796996	0.719634
0.796996	0.719634
0.796996	0.719634
0.796996	0.719634
0.796996	0.719634
0.796996	0.719634
0.796996	0.719634
0.796996	0.719634
0.796996	0.719634
0.796996	0.719634
0.796996	0.719634
0.796996	0.719634
0.796996	0.719634
0.796996	0.719634
0.796996	0.719634
0.796996	0.719634
0.796996	0.719634
0.796996	0.719634
0.796996	0.719634
0.796996	0.719634
0.796996	0.719634
0.796996	0.719634
0.796996	0.719634
0.796996	0.719634
0.796996	0.719634
0.796996	0.719634
0.796996	0.719634
0.796996	0.719634
0.796996	0.719634
0.796996	0.719634
0.796996	0.719634
0.796996	0.719634
0.796996	0.719634
0.796996	0.719634
0.796996	0.719634
0.796996	0.719634
0.796996	0.719634
0.796996	0.719634
0.796996	0.719634
0.796996	0.719634
0.796996	0.719634
0.796996	0.719634
0.796996	0.719634
0.796996	0.719634
0.796996	0.719634
0.796996	0.719634
0.796996	0.719634
0.796996	0.719634
0.796996	0.719634
0.796996	0.719634
0.796996	0.719634
0.796996	0.719634
0.796191	0.719634
0.796996	0.719634
0.796191	0.719634
0.796191	0.719634
0.796191	0.719634
0.796191	0.719634
0.796191	0.718828
0.795385	0.718828
0.795385	0.718828
0.795385	0.718828
0.795385	0.718828
0.795385	0.718828
0.795385	0.718828
0.795385	0.718828
0.795385	0.718828
0.795385	0.718828
0.795385	0.718828
0.795385	0.718828
0.795385	0.718828
0.794579	0.718828
0.794579	0.718828
0.794579	0.718828
0.794579	0.718828
0.794579	0.718828
0.794579	0.718828
0.794579	0.718828
0.794579	0.718828
0.794579	0.718828
0.794579	0.718828
0.794579	0.718828
0.794579	0.718828
0.794579	0.718828
0.794579	0.718828
0.793773	0.718828
0.793773	0.718828
0.793773	0.718828
0.793773	0.718828
0.793773	0.718828
0.793773	0.718828
0.793773	0.718828
0.793773	0.718828
0.793773	0.718828
0.793773	0.718828
0.793773	0.718828
0.793773	0.718828
0.793773	0.718828
0.793773	0.718828
0.793773	0.718828
0.793773	0.718828
0.793773	0.718828
0.793773	0.718828
0.793773	0.718828
0.793773	0.718828
0.793773	0.718828
0.793773	0.718828
0.793773	0.718828
0.793773	0.718828
0.793773	0.718828
0.793773	0.718828
0.793773	0.718828
0.793773	0.718828
0.793773	0.718828
0.793773	0.718828
0.792967	0.718828
0.793773	0.718828
0.793773	0.718828
0.793773	0.718828
0.793773	0.718828
0.793773	0.718828
0.793773	0.718828
0.793773	0.718828
0.793773	0.718828
0.793773	0.718828
0.793773	0.718828
0.793773	0.718828
0.793773	0.718828
0.793773	0.718828
0.793773	0.718828
0.793773	0.718828
0.793773	0.718828
0.793773	0.718828
0.793773	0.718828
0.793773	0.718828
0.793773	0.718828
0.793773	0.718828
0.793773	0.718828
0.793773	0.718828
0.793773	0.718828
0.793773	0.718828
0.793773	0.718828
0.793773	0.718828
0.793773	0.718828
0.793773	0.718828
0.793773	0.718828
0.793773	0.718828
0.793773	0.718828
0.793773	0.718828
0.793773	0.718828
0.793773	0.718828
0.793773	0.718828
0.793773	0.718828
0.793773	0.718828
0.793773	0.718828
0.793773	0.718828
0.793773	0.718828
0.793773	0.718828
0.793773	0.718828
0.793773	0.718828
0.793773	0.718828
0.793773	0.718828
0.793773	0.718828
0.793773	0.718828
0.793773	0.718828
0.793773	0.718828
0.793773	0.718828
0.793773	0.718828
0.793773	0.718828
0.793773	0.718828
0.793773	0.718828
0.793773	0.719634
0.793773	0.718828
0.793773	0.718828
0.794579	0.718828
0.794579	0.718828
0.794579	0.719634
0.794579	0.719634
0.793773	0.719634
0.794579	0.719634
0.794579	0.718828
0.794579	0.719634
0.794579	0.719634
0.794579	0.719634
0.794579	0.719634
0.794579	0.719634
0.794579	0.719634
0.794579	0.719634
0.794579	0.719634
0.794579	0.719634
0.794579	0.719634
0.794579	0.719634
0.794579	0.719634
0.794579	0.719634
0.794579	0.719634
0.794579	0.719634
0.794579	0.719634
0.794579	0.719634
0.794579	0.719634
0.794579	0.719634
0.794579	0.719634
0.794579	0.719634
0.794579	0.719634
0.794579	0.719634
0.794579	0.719634
0.794579	0.719634
0.794579	0.719634
0.794579	0.719634
0.794579	0.719634
0.794579	0.719634
0.794579	0.719634
0.794579	0.719634
0.794579	0.719634
0.794579	0.719634
0.794579	0.719634
0.794579	0.719634
0.794579	0.719634
0.794579	0.719634
0.794579	0.719634
0.794579	0.719634
0.794579	0.719634
0.794579	0.719634
0.794579	0.719634
0.794579	0.719634
0.794579	0.719634
0.794579	0.719634
0.794579	0.719634
0.794579	0.719634
0.794579	0.719634
0.794579	0.719634
0.794579	0.719634
0.794579	0.719634
0.794579	0.719634
0.794579	0.719634
0.794579	0.719634
0.794579	0.719634
0.795385	0.719634
0.794579	0.719634
0.795385	0.719634
0.795385	0.719634
0.795385	0.719634
0.794579	0.719634
0.794579	0.719634
0.795385	0.719634
0.795385	0.719634
0.795385	0.719634
0.795385	0.719634
0.795385	0.719634
0.794579	0.719634
0.794579	0.719634
0.795385	0.719634
0.795385	0.719634
0.795385	0.719634
0.795385	0.719634
0.795385	0.719634
0.795385	0.719634
0.795385	0.719634
0.794579	0.719634
0.795385	0.719634
0.795385	0.719634
0.795385	0.719634
0.795385	0.719634
0.795385	0.719634
0.795385	0.719634
0.795385	0.719634
0.795385	0.719634
0.795385	0.719634
0.795385	0.719634
0.795385	0.719634
0.795385	0.719634
0.795385	0.719634
0.795385	0.719634
0.795385	0.719634
0.795385	0.719634
0.795385	0.719634
0.794579	0.719634
0.795385	0.719634
0.795385	0.719634
0.795385	0.719634
0.795385	0.719634
0.795385	0.719634
0.795385	0.719634
0.795385	0.719634
0.795385	0.719634
0.794579	0.719634
0.795385	0.719634
0.795385	0.719634
0.795385	0.719634
0.794579	0.719634
0.794579	0.719634
0.795385	0.719634
0.794579	0.719634
0.794579	0.719634
0.795385	0.719634
0.794579	0.719634
0.794579	0.719634
0.794579	0.719634
0.794579	0.719634
0.794579	0.719634
0.794579	0.719634
0.794579	0.719634
0.794579	0.719634
0.794579	0.719634
0.794579	0.719634
0.794579	0.719634
0.794579	0.718828
0.794579	0.719634
0.794579	0.719634
0.794579	0.718828
0.794579	0.718828
0.794579	0.718828
0.794579	0.718828
0.794579	0.718828
0.794579	0.718828
0.794579	0.718828
0.794579	0.718828
0.794579	0.718828
0.793773	0.718828
0.793773	0.718828
0.793773	0.718828
0.793773	0.718022
0.792967	0.718022
0.792967	0.718022
0.792967	0.718022
0.792967	0.718022
0.792967	0.717216
0.792967	0.717216
0.792967	0.717216
0.792967	0.717216
0.792967	0.717216
0.792967	0.717216
0.792967	0.717216
0.792967	0.717216
0.792967	0.717216
0.792967	0.718022
0.792967	0.718022
0.792967	0.717216
0.792967	0.718022
0.792967	0.718022
0.792967	0.718022
0.792967	0.717216
0.792967	0.717216
0.792967	0.717216
0.792967	0.717216
0.792967	0.718022
0.792967	0.718022
0.792967	0.718022
0.792967	0.718022
0.792967	0.718022
0.793773	0.718022
0.793773	0.718022
0.793773	0.718828
0.793773	0.718828
0.794579	0.718828
0.793773	0.718828
0.794579	0.718828
0.794579	0.718828
0.794579	0.718828
0.794579	0.718022
0.794579	0.718828
0.794579	0.718022
0.794579	0.718022
0.794579	0.718022
0.794579	0.718022
0.794579	0.718022
0.794579	0.718022
0.795385	0.718022
0.795385	0.718022
0.795385	0.718022
0.795385	0.718022
0.795385	0.718022
0.795385	0.718022
0.795385	0.718022
0.795385	0.718022
0.795385	0.718022
0.795385	0.718022
0.795385	0.718022
0.795385	0.718022
0.795385	0.718022
0.795385	0.718022
0.795385	0.718022
0.795385	0.718022
0.795385	0.718022
0.795385	0.718022
0.795385	0.718022
0.795385	0.718022
0.795385	0.718022
0.795385	0.718022
0.795385	0.718022
0.795385	0.718022
0.795385	0.718022
0.795385	0.718022
0.795385	0.718022
0.795385	0.718022
0.795385	0.718022
0.795385	0.718022
0.795385	0.717216
0.795385	0.718022
0.795385	0.717216
0.795385	0.717216
0.795385	0.717216
0.795385	0.717216
0.795385	0.717216
0.794579	0.717216
0.794579	0.717216
0.794579	0.717216
0.794579	0.717216
0.793773	0.717216
0.794579	0.717216
0.793773	0.717216
0.793773	0.71641
0.793773	0.71641
0.793773	0.71641
0.792967	0.71641
0.792967	0.71641
0.792967	0.71641
0.792161	0.71641
0.792161	0.71641
0.792161	0.71641
0.792161	0.71641
0.791355	0.71641
0.791355	0.71641
0.791355	0.71641
0.791355	0.71641
0.791355	0.71641
0.791355	0.71641
0.791355	0.71641
0.790549	0.71641
0.790549	0.71641
0.790549	0.71641
0.790549	0.71641
0.790549	0.71641
0.790549	0.71641
0.790549	0.71641
0.790549	0.71641
0.789744	0.71641
0.789744	0.71641
0.789744	0.71641
0.789744	0.71641
0.789744	0.717216
0.788938	0.717216
0.789744	0.71641
0.788938	0.71641
0.788938	0.71641
0.788938	0.71641
0.788132	0.71641
0.788132	0.71641
0.788132	0.71641
0.787326	0.71641
0.78652	0.71641
0.785714	0.71641
0.784908	0.71641
0.784103	0.71641
0.783297	0.71641
0.780879	0.71641
0.77685	0.715604
0.775238	0.71641
0.774432	0.715604
0.775238	0.715604
0.776044	0.714799
0.775238	0.715604
0.774432	0.714799
0.772821	0.715604
0.771209	0.715604
0.771209	0.714799
0.771209	0.714799
0.771209	0.715604
0.771209	0.715604
0.772015	0.715604
0.771209	0.715604
0.771209	0.714799
0.771209	0.715604
0.771209	0.714799
0.771209	0.714799
0.771209	0.714799
0.771209	0.713993
0.771209	0.713993
0.771209	0.713993
0.771209	0.713993
0.771209	0.713993
0.771209	0.713993
0.771209	0.713993
0.771209	0.713993
0.771209	0.713993
0.771209	0.713993
0.771209	0.713187
0.771209	0.713187
0.771209	0.713187
0.771209	0.713187
0.771209	0.713187
0.771209	0.713187
0.771209	0.713187
0.771209	0.713187
0.771209	0.713187
0.771209	0.713187
0.771209	0.713187
0.771209	0.713187
0.771209	0.713187
0.770403	0.713187
0.770403	0.713187
0.770403	0.713187
0.770403	0.712381
0.769597	0.713187
0.770403	0.712381
0.770403	0.712381
0.770403	0.712381
0.770403	0.712381
0.770403	0.711575
0.770403	0.711575
0.770403	0.712381
0.771209	0.712381
0.771209	0.712381
0.771209	0.712381
0.772015	0.712381
0.772015	0.712381
0.772015	0.712381
0.772821	0.712381
0.773626	0.712381
0.774432	0.712381
0.774432	0.712381
0.775238	0.712381
0.775238	0.712381
0.776044	0.713187
0.776044	0.713187
0.776044	0.713187
0.776044	0.713187
0.77685	0.713993
0.77685	0.713993
0.777656	0.713993
0.777656	0.714799
0.777656	0.714799
0.778462	0.714799
0.778462	0.714799
0.779267	0.714799
0.779267	0.714799
0.779267	0.714799
0.779267	0.715604
0.780073	0.715604
0.780073	0.714799
0.780073	0.715604
0.780879	0.715604
0.780879	0.715604
0.780879	0.715604
0.780879	0.715604
0.781685	0.715604
0.781685	0.715604
0.781685	0.715604
0.781685	0.715604
0.781685	0.715604
0.781685	0.715604
0.782491	0.715604
0.781685	0.715604
0.781685	0.715604
0.782491	0.715604
0.782491	0.715604
0.781685	0.715604
0.781685	0.715604
0.782491	0.715604
0.782491	0.715604
0.782491	0.715604
0.782491	0.715604
0.781685	0.715604
0.782491	0.71641
0.781685	0.715604
0.782491	0.715604
0.781685	0.715604
0.781685	0.715604
0.781685	0.715604
0.781685	0.715604
0.781685	0.715604
0.781685	0.715604
0.781685	0.715604
0.781685	0.715604
0.781685	0.715604
0.781685	0.715604
0.781685	0.715604
0.781685	0.715604
0.781685	0.715604
0.781685	0.715604
0.781685	0.715604
0.781685	0.715604
0.781685	0.715604
0.781685	0.715604
0.781685	0.715604
0.781685	0.715604
0.781685	0.715604
0.781685	0.715604
0.781685	0.715604
0.781685	0.715604
0.781685	0.715604
0.781685	0.715604
0.781685	0.715604
0.780879	0.715604
0.781685	0.715604
0.781685	0.715604
0.781685	0.715604
0.781685	0.715604
0.780879	0.715604
0.781685	0.715604
0.781685	0.715604
0.781685	0.715604
0.780879	0.715604
0.781685	0.715604
0.781685	0.715604
0.780879	0.715604
0.781685	0.715604
0.780879	0.715604
0.780879	0.715604
0.780879	0.715604
0.781685	0.715604
0.780879	0.715604
0.780879	0.715604
0.780879	0.715604
0.780879	0.715604
0.780879	0.715604
0.780879	0.715604
0.780879	0.715604
0.780879	0.715604
0.780879	0.715604
0.780879	0.715604
0.780879	0.715604
0.780073	0.715604
0.780073	0.715604
0.780073	0.715604
0.780073	0.715604
0.780073	0.715604
0.780073	0.715604
0.780073	0.715604
0.780073	0.715604
0.780073	0.715604
0.780073	0.715604
0.780073	0.715604
0.780073	0.715604
0.780073	0.715604
0.780073	0.715604
0.780073	0.715604
0.780073	0.715604
0.780073	0.715604
0.780073	0.715604
0.780073	0.715604
0.780073	0.715604
0.780073	0.715604
0.779267	0.715604
0.780073	0.715604
0.780073	0.715604
0.779267	0.715604
0.779267	0.715604
0.780073	0.715604
0.779267	0.715604
0.779267	0.715604
0.779267	0.715604
0.779267	0.715604
0.779267	0.715604
0.779267	0.715604
0.779267	0.715604
0.779267	0.715604
0.779267	0.715604
0.779267	0.715604
0.779267	0.715604
0.779267	0.715604
0.779267	0.715604
0.779267	0.715604
0.779267	0.715604
0.779267	0.715604
0.779267	0.715604
0.779267	0.715604
0.779267	0.715604
0.779267	0.715604
0.779267	0.715604
0.779267	0.715604
0.779267	0.715604
0.779267	0.715604
0.779267	0.715604
0.779267	0.715604
0.779267	0.715604
0.779267	0.715604
0.779267	0.715604
0.779267	0.715604
0.779267	0.715604
0.779267	0.715604
0.779267	0.715604
0.779267	0.715604
0.779267	0.715604
0.779267	0.715604
0.779267	0.715604
0.779267	0.715604
0.779267	0.715604
0.779267	0.715604
0.779267	0.715604
0.779267	0.715604
0.779267	0.715604
0.779267	0.715604
0.779267	0.715604
0.779267	0.715604
0.779267	0.715604
0.779267	0.715604
0.779267	0.715604
0.779267	0.715604
0.779267	0.715604
0.779267	0.715604
0.779267	0.715604
0.779267	0.715604
0.779267	0.715604
0.779267	0.715604
0.779267	0.715604
0.779267	0.715604
0.779267	0.715604
0.779267	0.715604
0.779267	0.715604
0.779267	0.715604
0.779267	0.715604
0.779267	0.715604
0.779267	0.715604
0.779267	0.715604
0.779267	0.715604
0.780073	0.715604
0.779267	0.715604
0.780073	0.715604
0.780073	0.715604
0.780073	0.715604
0.779267	0.715604
0.779267	0.715604
0.780073	0.715604
0.779267	0.715604
0.779267	0.715604
0.779267	0.715604
0.779267	0.715604
0.779267	0.715604
0.779267	0.715604
0.779267	0.715604
0.779267	0.715604
0.779267	0.715604
0.779267	0.715604
0.780073	0.715604
0.780073	0.715604
0.780073	0.715604
0.779267	0.715604
0.779267	0.715604
0.779267	0.715604
0.779267	0.715604
0.779267	0.715604
0.780073	0.715604
0.779267	0.715604
0.779267	0.715604
0.779267	0.71641
0.780073	0.715604
0.779267	0.715604
0.779267	0.715604
0.779267	0.715604
0.779267	0.715604
0.779267	0.715604
0.780073	0.715604
0.779267	0.715604
0.779267	0.715604
0.780073	0.715604
0.779267	0.715604
0.779267	0.715604
0.779267	0.715604
0.780073	0.715604
0.779267	0.715604
0.780073	0.715604
0.780073	0.715604
0.780073	0.715604
0.780073	0.715604
0.780073	0.715604
0.780073	0.715604
0.780073	0.715604
0.780073	0.715604
0.780073	0.715604
0.779267	0.715604
0.780073	0.715604
0.780073	0.715604
0.780073	0.715604
0.780073	0.715604
0.780073	0.715604
0.780073	0.715604
0.780073	0.715604
0.780073	0.715604
0.780073	0.715604
0.780073	0.715604
0.780073	0.715604
0.780073	0.715604
0.780073	0.715604
0.780073	0.715604
0.780073	0.715604
0.780073	0.71641
0.780073	0.715604
0.780073	0.715604
0.780073	0.715604
0.780073	0.715604
0.780073	0.715604
0.780073	0.715604
0.780073	0.715604
0.780073	0.715604
0.780073	0.715604
0.780073	0.715604
0.780073	0.715604
0.780073	0.715604
0.780073	0.715604
0.780073	0.715604
0.780073	0.71641
0.780073	0.715604
0.780073	0.715604
0.780073	0.715604
0.780073	0.715604
0.780073	0.715604
0.780073	0.715604
0.780073	0.715604
0.780073	0.715604
0.780073	0.715604
0.780073	0.715604
0.780073	0.715604
0.780073	0.715604
0.780073	0.71641
0.780073	0.71641
0.780073	0.715604
0.780073	0.715604
0.780073	0.715604
0.780073	0.715604
0.780073	0.71641
0.780073	0.715604
0.780073	0.715604
0.780073	0.715604
0.780879	0.715604
0.780073	0.715604
0.780073	0.71641
0.780073	0.71641
0.780073	0.715604
0.780073	0.715604
0.780879	0.71641
0.780073	0.715604
0.780073	0.715604
0.780879	0.715604
0.780879	0.71641
0.780879	0.71641
0.780073	0.71641
0.780879	0.71641
0.780879	0.71641
0.780073	0.71641
0.780879	0.71641
0.780879	0.71641
0.780879	0.715604
0.780073	0.71641
0.780879	0.71641
0.780879	0.71641
0.780879	0.71641
0.780879	0.71641
0.780879	0.715604
0.780879	0.71641
0.780879	0.71641
0.780879	0.71641
0.780879	0.715604
0.780879	0.715604
0.780879	0.71641
0.780879	0.715604
0.780879	0.71641
0.780879	0.71641
0.780879	0.715604
0.780879	0.71641
0.780879	0.71641
0.780879	0.71641
0.780879	0.71641
0.780879	0.71641
0.780879	0.71641
0.780879	0.71641
0.780879	0.71641
0.780879	0.71641
0.780879	0.715604
0.780879	0.715604
0.780879	0.71641
0.780879	0.71641
0.780879	0.71641
0.780073	0.71641
0.780879	0.71641
0.780879	0.715604
0.780879	0.71641
0.780879	0.71641
0.780879	0.71641
0.780879	0.71641
0.780879	0.71641
0.780879	0.71641
0.780879	0.71641
0.780879	0.71641
0.780879	0.71641
0.780879	0.71641
0.780879	0.71641
0.780879	0.71641
0.780879	0.71641
0.780879	0.71641
0.780879	0.71641
0.780879	0.71641
0.780879	0.715604
0.780879	0.715604
0.780879	0.71641
0.780879	0.715604
0.780879	0.71641
0.780879	0.715604
0.780879	0.71641
0.780879	0.71641
0.780879	0.71641
0.780879	0.71641
0.780879	0.71641
0.780879	0.715604
0.780879	0.71641
0.780879	0.71641
0.780879	0.71641
0.780879	0.71641
0.780879	0.71641
0.780879	0.715604
0.780879	0.71641
0.780879	0.715604
0.780879	0.71641
0.780879	0.71641
0.780879	0.715604
0.780879	0.71641
0.780879	0.71641
0.780879	0.71641
0.780879	0.71641
0.780879	0.71641
0.780879	0.715604
0.780879	0.715604
0.780879	0.71641
0.780879	0.715604
0.780879	0.71641
0.780879	0.71641
0.780879	0.71641
0.780879	0.715604
0.780879	0.71641
0.780879	0.71641
0.780879	0.71641
0.780879	0.715604
0.780879	0.715604
0.780879	0.71641
0.780879	0.71641
0.780879	0.71641
0.780879	0.71641
0.780879	0.715604
0.780879	0.71641
0.780879	0.71641
0.780879	0.715604
0.780879	0.71641
0.780879	0.71641
0.780879	0.71641
0.780879	0.71641
0.780879	0.71641
0.780879	0.71641
0.780879	0.71641
0.780879	0.71641
0.780879	0.71641
0.780879	0.71641
0.780879	0.71641
0.780879	0.71641
0.780879	0.71641
0.780879	0.71641
0.780879	0.71641
0.780879	0.71641
0.780879	0.71641
0.780879	0.71641
0.780879	0.71641
0.780879	0.71641
0.780879	0.71641
0.780879	0.71641
0.780879	0.71641
0.780879	0.715604
0.780073	0.71641
0.780879	0.71641
0.780879	0.71641
0.780073	0.71641
0.780879	0.71641
0.780879	0.71641
0.780879	0.71641
0.780879	0.71641
0.780073	0.71641
0.780879	0.71641
0.780879	0.71641
0.780879	0.71641
0.780073	0.71641
0.780073	0.71641
0.780073	0.71641
0.780073	0.71641
0.780073	0.71641
0.780073	0.71641
0.780073	0.71641
0.780073	0.71641
0.780073	0.71641
0.780073	0.71641
0.780073	0.71641
0.780073	0.71641
0.780073	0.71641
0.780073	0.71641
0.780073	0.71641
0.780073	0.71641
0.780073	0.71641
0.780073	0.71641
0.780073	0.71641
0.780073	0.71641
0.780073	0.71641
0.780073	0.71641
0.780073	0.71641
0.780073	0.71641
0.780073	0.71641
0.780073	0.71641
0.780073	0.71641
0.780073	0.71641
0.780073	0.71641
0.780073	0.71641
0.780073	0.71641
0.780073	0.71641
0.779267	0.71641
0.779267	0.71641
0.779267	0.71641
0.779267	0.71641
0.779267	0.71641
0.779267	0.71641
0.778462	0.71641
0.778462	0.71641
0.778462	0.71641
0.777656	0.71641
0.777656	0.71641
0.777656	0.71641
0.777656	0.71641
0.77685	0.71641
0.77685	0.71641
0.77685	0.71641
0.77685	0.71641
0.77685	0.71641
0.77685	0.71641
0.77685	0.71641
0.77685	0.71641
0.77685	0.71641
0.77685	0.71641
0.77685	0.71641
0.77685	0.71641
0.77685	0.71641
0.77685	0.71641
0.776044	0.71641
0.776044	0.71641
0.776044	0.71641
0.776044	0.71641
0.77685	0.71641
0.776044	0.71641
0.77685	0.71641
0.776044	0.71641
0.77685	0.71641
0.776044	0.71641
0.776044	0.71641
0.776044	0.71641
0.776044	0.71641
0.776044	0.71641
0.776044	0.71641
0.776044	0.71641
0.776044	0.71641
0.776044	0.71641
0.776044	0.715604
0.776044	0.715604
0.776044	0.715604
0.776044	0.715604
0.775238	0.715604
0.775238	0.715604
0.775238	0.715604
0.775238	0.715604
0.774432	0.715604
0.773626	0.715604
0.772821	0.715604
0.772015	0.715604
0.770403	0.714799
0.767985	0.714799
0.765568	0.714799
0.762344	0.713993
0.760733	0.713187
0.757509	0.713187
0.756703	0.712381
0.756703	0.712381
0.756703	0.712381
0.756703	0.712381
0.756703	0.713187
0.755897	0.712381
0.755897	0.712381
0.755897	0.712381
0.755092	0.712381
0.755092	0.712381
0.755092	0.712381
0.75348	0.712381
0.752674	0.712381
0.751868	0.712381
0.751062	0.711575
0.749451	0.711575
0.747839	0.710769
0.745421	0.710769
0.74381	0.709963
0.742198	0.709158
0.741392	0.709158
0.741392	0.709158
0.741392	0.709158
0.741392	0.709158
0.740586	0.709158
0.740586	0.709158
0.73978	0.709158
0.73978	0.709158
0.738974	0.709158
0.738974	0.709158
0.738168	0.709158
0.738168	0.709158
0.735751	0.708352
0.734945	0.708352
0.733333	0.708352
0.733333	0.708352
0.733333	0.708352
0.733333	0.708352
0.733333	0.708352
0.733333	0.708352
0.732527	0.708352
0.732527	0.707546
0.732527	0.707546
0.732527	0.707546
0.731722	0.707546
0.731722	0.707546
0.731722	0.707546
0.730916	0.707546
0.730916	0.707546
0.730916	0.707546
0.730916	0.707546
0.73011	0.707546
0.73011	0.707546
0.729304	0.70674
0.728498	0.70674
0.728498	0.70674
0.726886	0.705934
0.726081	0.705934
0.724469	0.705934
0.724469	0.705934
0.724469	0.705934
0.724469	0.705934
0.724469	0.705934
0.724469	0.705934
0.724469	0.705934
0.724469	0.705934
0.724469	0.705934
0.724469	0.705934
0.724469	0.705934
0.723663	0.705128
0.724469	0.705934
0.723663	0.705934
0.723663	0.705128
0.723663	0.705128
0.723663	0.705128
0.723663	0.705128
0.723663	0.705128
0.723663	0.705128
0.723663	0.705128
0.722857	0.705934
0.722857	0.705934
0.722857	0.705934
0.722857	0.705128
0.722857	0.705934
0.722857	0.705128
0.722857	0.705128
0.722857	0.705128
0.722857	0.705128
0.722857	0.705128
0.722051	0.705128
0.722051	0.705128
0.722051	0.705128
0.722051	0.705128
0.721245	0.704322
0.721245	0.704322
0.721245	0.704322
0.72044	0.704322
0.72044	0.704322
0.72044	0.704322
0.72044	0.704322
0.719634	0.704322
0.719634	0.703516
0.718828	0.703516
0.718828	0.703516
0.718828	0.704322
0.718828	0.704322
0.718828	0.704322
0.718828	0.704322
0.718828	0.704322
0.718828	0.704322
0.718828	0.704322
0.718828	0.704322
0.718828	0.704322
0.718828	0.704322
0.718828	0.704322
0.718828	0.704322
0.718828	0.704322
0.718828	0.704322
0.718828	0.703516
0.718828	0.703516
0.718828	0.703516
0.718828	0.703516
0.718828	0.703516
0.718828	0.703516
0.718022	0.703516
0.718022	0.703516
0.718022	0.703516
0.718022	0.703516
0.718022	0.703516
0.718022	0.703516
0.718022	0.703516
0.718022	0.703516
0.718022	0.703516
0.718022	0.703516
0.718022	0.703516
0.718022	0.703516
0.718022	0.703516
0.718022	0.703516
0.718022	0.703516
0.718022	0.703516
0.718022	0.703516
0.718022	0.703516
0.718022	0.703516
0.718022	0.703516
0.718022	0.703516
0.718022	0.703516
0.718022	0.703516
0.718022	0.703516
0.718022	0.703516
0.718022	0.702711
0.718022	0.702711
0.718022	0.703516
0.718022	0.703516
0.717216	0.702711
0.718022	0.702711
0.718022	0.702711
0.718022	0.702711
0.717216	0.702711
0.718022	0.702711
0.718022	0.702711
0.718022	0.703516
0.718022	0.702711
0.718022	0.702711
0.718022	0.702711
0.717216	0.702711
0.718022	0.702711
0.717216	0.703516
0.718022	0.703516
0.718022	0.703516
0.718022	0.703516
0.717216	0.703516
0.717216	0.703516
0.718022	0.703516
0.718022	0.703516
0.718022	0.703516
0.717216	0.703516
0.718022	0.703516
0.718022	0.703516
0.718022	0.703516
0.718022	0.703516
0.718022	0.703516
0.718022	0.703516
0.718022	0.703516
0.718022	0.703516
0.718022	0.703516
0.718022	0.703516
0.718022	0.703516
0.718022	0.703516
0.718022	0.703516
0.718022	0.703516
0.718022	0.703516
0.718022	0.703516
0.718022	0.704322
0.718022	0.703516
0.718022	0.704322
0.718022	0.704322
0.718828	0.704322
0.718022	0.703516
0.718828	0.704322
0.718022	0.704322
0.718828	0.704322
0.718828	0.704322
0.718828	0.704322
0.718828	0.704322
0.718828	0.704322
0.718828	0.704322
0.718828	0.704322
0.718828	0.704322
0.718828	0.704322
0.718828	0.704322
0.718828	0.704322
0.718828	0.705128
0.718828	0.705128
0.718828	0.704322
0.718828	0.705128
0.718828	0.705128
0.718828	0.705128
0.718828	0.705128
0.718828	0.705128
0.718828	0.705128
0.718828	0.705128
0.718828	0.705128
0.718828	0.705128
0.718828	0.705128
0.718828	0.705128
0.718828	0.705128
0.718828	0.705128
0.718828	0.705128
0.718828	0.705128
0.718828	0.705128
0.718828	0.705128
0.718828	0.705128
0.718828	0.705128
0.718828	0.705128
0.718828	0.705128
0.718828	0.705128
0.718828	0.705128
0.718828	0.705128
0.718828	0.705128
0.718828	0.705128
0.718828	0.705128
0.718828	0.705128
0.718828	0.705128
0.718828	0.705128
0.718828	0.705128
0.719634	0.705128
0.718828	0.705128
0.719634	0.705128
0.718828	0.705128
0.718828	0.705128
0.718828	0.705128
0.719634	0.705128
0.719634	0.705128
0.718828	0.705128
0.718828	0.705128
0.719634	0.705128
0.719634	0.705128
0.719634	0.705128
0.719634	0.705128
0.719634	0.705128
0.719634	0.705128
0.718828	0.705128
0.719634	0.705128
0.719634	0.705128
0.719634	0.705128
0.719634	0.705128
0.719634	0.705128
0.719634	0.705128
0.719634	0.705128
0.719634	0.705128
0.719634	0.705128
0.719634	0.705128
0.719634	0.705128
0.719634	0.705128
0.719634	0.705128
0.719634	0.705128
0.719634	0.705128
0.719634	0.705128
0.719634	0.705128
0.719634	0.705128
0.719634	0.705128
0.719634	0.705128
0.719634	0.705128
0.719634	0.705128
0.719634	0.705128
0.719634	0.705128
0.719634	0.705128
0.719634	0.705128
0.719634	0.705128
0.719634	0.705128
0.72044	0.705128
0.719634	0.705128
0.719634	0.705128
0.719634	0.705128
0.719634	0.705128
0.719634	0.705128
0.719634	0.705128
0.719634	0.705128
0.719634	0.705128
0.719634	0.705128
0.719634	0.705128
0.72044	0.705128
0.719634	0.705128
0.72044	0.705128
0.72044	0.705128
0.72044	0.705128
0.72044	0.705128
0.72044	0.705128
0.72044	0.705128
0.72044	0.705128
0.72044	0.705128
0.72044	0.705128
0.72044	0.705934
0.72044	0.705934
0.72044	0.705934
0.72044	0.705128
0.72044	0.705934
0.72044	0.705934
0.72044	0.705128
0.72044	0.705934
0.72044	0.705934
0.72044	0.705934
0.72044	0.705934
0.72044	0.705934
0.72044	0.705934
0.72044	0.705934
0.72044	0.705934
0.721245	0.705934
0.72044	0.705934
0.721245	0.705934
0.72044	0.705934
0.72044	0.705934
0.72044	0.705934
0.72044	0.705934
0.72044	0.705934
0.72044	0.705934
0.72044	0.705934
0.72044	0.705934
0.72044	0.705934
0.72044	0.705934
0.72044	0.705934
0.72044	0.705934
0.72044	0.705934
0.72044	0.705934
0.72044	0.705934
0.72044	0.705934
0.721245	0.705934
0.721245	0.705934
0.72044	0.705934
0.721245	0.705934
0.72044	0.705934
0.72044	0.705934
0.721245	0.705934
0.721245	0.705934
0.721245	0.705934
0.721245	0.705934
0.721245	0.705934
0.721245	0.705934
0.721245	0.705934
0.721245	0.705934
0.721245	0.70674
0.721245	0.70674
0.721245	0.70674
0.721245	0.70674
0.721245	0.70674
0.721245	0.70674
0.721245	0.70674
0.721245	0.70674
0.721245	0.70674
0.721245	0.70674
0.721245	0.70674
0.721245	0.70674
0.721245	0.70674
0.721245	0.70674
0.721245	0.70674
0.721245	0.70674
0.722051	0.70674
0.721245	0.70674
0.721245	0.70674
0.721245	0.70674
0.721245	0.70674
0.721245	0.70674
0.721245	0.70674
0.721245	0.70674
0.722051	0.70674
0.721245	0.70674
0.721245	0.70674
0.722051	0.70674
0.721245	0.70674
0.722051	0.70674
0.722051	0.70674
0.722051	0.707546
0.722051	0.70674
0.722051	0.70674
0.722051	0.70674
0.722051	0.70674
0.722051	0.707546
0.722051	0.707546
0.722051	0.707546
0.722051	0.707546
0.722051	0.707546
0.722051	0.707546
0.722051	0.707546
0.722051	0.70674
0.722051	0.70674
0.722051	0.707546
0.722051	0.707546
0.722051	0.70674
0.722051	0.707546
0.722051	0.707546
0.722051	0.707546
0.722051	0.707546
0.722051	0.707546
0.722051	0.707546
0.722051	0.707546
0.722051	0.707546
0.722051	0.707546
0.722051	0.707546
0.722051	0.707546
0.722051	0.707546
0.722051	0.707546
0.722051	0.70674
0.722051	0.70674
0.722051	0.707546
0.722051	0.707546
0.722051	0.707546
0.722051	0.707546
0.722051	0.707546
0.722051	0.707546
0.722051	0.707546
0.722051	0.707546
0.722051	0.707546
0.722051	0.707546
0.722051	0.707546
0.722051	0.707546
0.722051	0.707546
0.722051	0.707546
0.722051	0.707546
0.722051	0.707546
0.722051	0.707546
0.722051	0.707546
0.722051	0.707546
0.722051	0.707546
0.722051	0.707546
0.722051	0.707546
0.722051	0.707546
0.722051	0.707546
0.722051	0.707546
0.722051	0.707546
0.722051	0.707546
0.722051	0.707546
0.722051	0.707546
0.722051	0.707546
0.722051	0.707546
0.722051	0.707546
0.722051	0.707546
0.722051	0.707546
0.722051	0.707546
0.722051	0.707546
0.722051	0.707546
0.722051	0.707546
0.722051	0.707546
0.722051	0.707546
0.722051	0.708352
0.722051	0.707546
0.722051	0.707546
0.722051	0.707546
0.722051	0.708352
0.722051	0.707546
0.722051	0.708352
0.722051	0.707546
0.722051	0.708352
0.722051	0.707546
0.722051	0.708352
0.722051	0.707546
0.722051	0.708352
0.722051	0.707546
0.722051	0.708352
0.722051	0.708352
0.722051	0.708352
0.722051	0.708352
0.722051	0.708352
0.722051	0.708352
0.722051	0.708352
0.722051	0.708352
0.722051	0.708352
0.722051	0.708352
0.722051	0.708352
0.722051	0.708352
0.722051	0.708352
0.722051	0.707546
0.722051	0.708352
0.722051	0.708352
0.722051	0.708352
0.722051	0.708352
0.722051	0.708352
0.722051	0.708352
0.722051	0.708352
0.722051	0.708352
0.722051	0.708352
0.722051	0.708352
0.722051	0.708352
0.722051	0.708352
0.722051	0.708352
0.722051	0.708352
0.722051	0.708352
0.722051	0.708352
0.722051	0.708352
0.722051	0.708352
0.722051	0.708352
0.722051	0.708352
0.722051	0.708352
0.722051	0.708352
0.722051	0.708352
0.722051	0.708352
0.722051	0.708352
0.722051	0.708352
0.722051	0.708352
0.722051	0.708352
0.722051	0.708352
0.722051	0.708352
0.722051	0.708352
0.722051	0.708352
0.722051	0.708352
0.722051	0.708352
0.722051	0.708352
0.722051	0.708352
0.722051	0.708352
0.722051	0.708352
0.722051	0.708352
0.722051	0.708352
0.722051	0.708352
0.722051	0.708352
0.722051	0.708352
0.722051	0.708352
0.722051	0.708352
0.722051	0.708352
0.722051	0.708352
0.722051	0.708352
0.722051	0.708352
0.722051	0.708352
0.722051	0.708352
0.722051	0.708352
0.722051	0.708352
0.722051	0.708352
0.722051	0.708352
0.722051	0.708352
0.722051	0.708352
0.722051	0.708352
0.722051	0.708352
0.722051	0.708352
0.722051	0.708352
0.722051	0.708352
0.722051	0.708352
0.722051	0.708352
0.722051	0.708352
0.722051	0.708352
0.722051	0.708352
0.722051	0.708352
0.722051	0.708352
0.722051	0.708352
0.722051	0.708352
0.722051	0.707546
0.722051	0.708352
0.722051	0.708352
0.722051	0.708352
0.722051	0.708352
0.722051	0.708352
0.722051	0.708352
0.722051	0.708352
0.722051	0.707546
0.722051	0.708352
0.722051	0.707546
0.722051	0.708352
0.722051	0.708352
0.722051	0.708352
0.722051	0.708352
0.722051	0.708352
0.722051	0.707546
0.722051	0.707546
0.722051	0.707546
0.722051	0.708352
0.722051	0.707546
0.722051	0.707546
0.722051	0.708352
0.722051	0.707546
0.722051	0.707546
0.722051	0.708352
0.722051	0.707546
0.722051	0.707546
0.722051	0.708352
0.722051	0.707546
0.722051	0.707546
0.722051	0.707546
0.722051	0.707546
0.722051	0.707546
0.722051	0.707546
0.722051	0.707546
0.722051	0.707546
0.722051	0.707546
0.722051	0.707546
0.722051	0.707546
0.722051	0.707546
0.722051	0.707546
0.722051	0.707546
0.722051	0.707546
0.722051	0.707546
0.722051	0.707546
0.722051	0.707546
0.722051	0.707546
0.722051	0.707546
0.722051	0.707546
0.722051	0.707546
0.722051	0.707546
0.722051	0.707546
0.722051	0.707546
0.722051	0.707546
0.722051	0.707546
0.722051	0.707546
0.722051	0.707546
0.722051	0.707546
0.722051	0.707546
0.722051	0.707546
0.722051	0.707546
0.722051	0.707546
0.722051	0.707546
0.722051	0.707546
0.722051	0.707546
0.722051	0.70674
0.722051	0.707546
0.721245	0.70674
0.722051	0.70674
0.722051	0.70674
0.721245	0.70674
0.721245	0.70674
0.722051	0.70674
0.722051	0.70674
0.722051	0.70674
0.721245	0.70674
0.721245	0.70674
0.721245	0.70674
0.721245	0.70674
0.721245	0.70674
0.721245	0.70674
0.722051	0.70674
0.721245	0.70674
0.721245	0.70674
0.722051	0.70674
0.721245	0.70674
0.721245	0.70674
0.722051	0.70674
0.721245	0.70674
0.721245	0.70674
0.721245	0.70674
0.721245	0.70674
0.721245	0.70674
0.721245	0.70674
0.721245	0.70674
0.721245	0.70674
0.721245	0.70674
0.721245	0.70674
0.721245	0.70674
0.721245	0.705934
0.721245	0.70674
0.721245	0.70674
0.721245	0.70674
0.721245	0.705934
0.721245	0.70674
0.721245	0.70674
0.721245	0.70674
0.721245	0.70674
0.721245	0.70674
0.721245	0.70674
0.721245	0.705934
0.721245	0.70674
0.721245	0.70674
0.721245	0.70674
0.721245	0.70674
0.721245	0.705934
0.721245	0.705934
0.721245	0.705934
0.721245	0.705934
0.721245	0.705934
0.721245	0.70674
0.721245	0.705934
0.721245	0.705934
0.721245	0.705934
0.721245	0.705934
0.721245	0.705934
0.721245	0.705934
0.721245	0.705934
0.721245	0.705934
0.721245	0.705934
0.721245	0.705934
0.721245	0.705934
0.721245	0.705934
0.721245	0.705934
0.72044	0.705934
0.721245	0.705934
0.721245	0.705934
0.72044	0.705934
0.72044	0.705934
0.72044	0.705934
0.72044	0.705934
0.72044	0.705934
0.72044	0.705934
0.72044	0.705934
0.72044	0.705934
0.72044	0.705934
0.721245	0.705934
0.72044	0.705934
0.72044	0.705934
0.72044	0.705934
0.721245	0.705934
0.72044	0.705934
0.721245	0.705934
0.721245	0.705934
0.72044	0.705934
0.72044	0.705934
0.72044	0.705934
0.72044	0.705934
0.72044	0.705934
0.72044	0.705934
0.72044	0.705934
0.72044	0.705934
0.72044	0.705934
0.72044	0.705934
0.721245	0.705934
0.72044	0.705934
0.72044	0.705934
0.721245	0.705934
0.72044	0.705934
0.721245	0.705934
0.72044	0.705934
0.72044	0.705934
0.721245	0.705934
0.721245	0.705934
0.721245	0.705934
0.72044	0.705934
0.721245	0.705934
0.721245	0.705934
0.72044	0.705934
0.72044	0.705934
0.72044	0.705934
0.72044	0.705934
0.72044	0.705934
0.721245	0.705934
0.72044	0.705934
0.72044	0.705934
0.72044	0.705934
0.721245	0.705934
0.72044	0.705934
0.72044	0.705934
0.721245	0.705934
0.721245	0.705934
0.721245	0.705934
0.72044	0.705934
0.721245	0.705934
0.72044	0.705934
0.72044	0.705934
0.721245	0.705934
0.721245	0.705934
0.721245	0.705934
0.72044	0.705934
0.721245	0.705934
0.721245	0.705934
0.72044	0.705934
0.721245	0.705934
0.721245	0.705934
0.721245	0.705934
0.721245	0.705934
0.721245	0.705934
0.721245	0.705934
0.72044	0.705934
0.721245	0.705934
0.721245	0.705934
0.721245	0.705934
0.72044	0.705934
0.721245	0.705934
0.721245	0.705934
0.721245	0.705934
0.721245	0.705934
0.721245	0.705934
0.721245	0.705934
0.721245	0.705934
0.721245	0.705934
0.721245	0.705934
0.72044	0.705934
0.721245	0.705934
0.721245	0.705934
0.721245	0.705934
0.721245	0.705934
0.721245	0.705934
0.72044	0.705934
0.721245	0.705934
0.721245	0.705934
0.721245	0.705934
0.721245	0.705934
0.72044	0.705934
0.721245	0.705934
0.721245	0.705934
0.721245	0.705934
0.721245	0.705934
0.721245	0.705934
0.721245	0.705934
0.721245	0.705934
0.721245	0.705934
0.721245	0.705934
0.721245	0.705934
0.721245	0.705934
0.72044	0.705934
0.721245	0.705934
0.721245	0.705934
0.721245	0.705934
0.721245	0.705934
0.721245	0.705934
0.721245	0.705934
0.721245	0.705934
0.721245	0.705934
0.721245	0.705934
0.721245	0.705934
0.721245	0.705934
0.721245	0.705934
0.721245	0.705934
0.721245	0.705934
0.721245	0.705934
0.721245	0.705934
0.721245	0.705934
0.721245	0.705934
0.721245	0.705934
0.721245	0.705934
0.721245	0.70674
0.721245	0.705934
0.721245	0.705934
0.721245	0.705934
0.721245	0.70674
0.721245	0.705934
0.721245	0.70674
0.721245	0.705934
0.721245	0.705934
0.721245	0.705934
0.721245	0.705934
0.721245	0.705934
0.721245	0.70674
0.721245	0.705934
0.721245	0.705934
0.721245	0.70674
0.721245	0.705934
0.721245	0.705934
0.721245	0.705934
0.721245	0.70674
0.721245	0.705934
0.721245	0.70674
0.721245	0.70674
0.721245	0.70674
0.721245	0.70674
0.721245	0.70674
0.721245	0.705934
0.721245	0.70674
0.721245	0.705934
0.721245	0.70674
0.721245	0.70674
0.721245	0.70674
0.721245	0.70674
0.721245	0.70674
0.721245	0.70674
0.721245	0.70674
0.721245	0.70674
0.721245	0.70674
0.721245	0.70674
0.721245	0.70674
0.721245	0.70674
0.721245	0.70674
0.721245	0.70674
0.721245	0.70674
0.721245	0.70674
0.721245	0.70674
0.721245	0.70674
0.721245	0.70674
0.721245	0.70674
0.721245	0.70674
0.721245	0.70674
0.721245	0.70674
0.721245	0.70674
0.721245	0.70674
0.721245	0.70674
0.721245	0.70674
0.721245	0.70674
0.721245	0.70674
0.721245	0.70674
0.721245	0.70674
0.721245	0.70674
0.721245	0.70674
0.721245	0.70674
0.721245	0.707546
0.721245	0.70674
0.721245	0.70674
0.721245	0.70674
0.721245	0.70674
0.722051	0.707546
0.721245	0.707546
0.721245	0.707546
0.721245	0.707546
0.722051	0.707546
0.721245	0.707546
0.721245	0.707546
0.722051	0.70674
0.722051	0.707546
0.721245	0.707546
0.721245	0.707546
0.722051	0.707546
0.722051	0.707546
0.722051	0.707546
0.721245	0.707546
0.721245	0.707546
0.721245	0.707546
0.721245	0.707546
0.722051	0.707546
0.722051	0.707546
0.721245	0.707546
0.721245	0.707546
0.721245	0.707546
0.721245	0.707546
0.722051	0.707546
0.722051	0.707546
0.722051	0.707546
0.722051	0.707546
0.722051	0.707546
0.722051	0.707546
0.722051	0.707546
0.722051	0.707546
0.721245	0.707546
0.722051	0.707546
0.722051	0.707546
0.721245	0.707546
0.721245	0.707546
0.721245	0.707546
0.722051	0.707546
0.721245	0.707546
0.721245	0.707546
0.721245	0.707546
0.721245	0.707546
0.722051	0.707546
0.721245	0.707546
0.722051	0.707546
0.722051	0.707546
0.721245	0.707546
0.721245	0.707546
0.722051	0.707546
0.721245	0.707546
0.722051	0.707546
0.722051	0.707546
0.722051	0.707546
0.722051	0.707546
0.721245	0.707546
0.722051	0.707546
0.722051	0.707546
0.722051	0.707546
0.721245	0.707546
0.721245	0.707546
0.721245	0.707546
0.722051	0.707546
0.721245	0.707546
0.722051	0.707546
0.721245	0.707546
0.722051	0.707546
0.722051	0.707546
0.721245	0.707546
0.721245	0.707546
0.722051	0.707546
0.721245	0.707546
0.721245	0.707546
0.722051	0.707546
0.722051	0.707546
0.722051	0.707546
0.721245	0.707546
0.722051	0.707546
0.721245	0.707546
0.721245	0.707546
0.722051	0.707546
0.721245	0.707546
0.721245	0.707546
0.722051	0.707546
0.722051	0.707546
0.722051	0.707546
0.722051	0.707546
0.722857	0.707546
0.722857	0.707546
0.722857	0.707546
0.722857	0.707546
0.722857	0.707546
0.722857	0.707546
0.722857	0.707546
0.722857	0.707546
0.722857	0.707546
0.722857	0.707546
0.722857	0.707546
0.722857	0.707546
0.723663	0.708352
0.724469	0.708352
0.725275	0.709158
0.727692	0.709963
0.73011	0.710769
0.730916	0.710769
0.731722	0.710769
0.731722	0.709963
0.731722	0.710769
0.731722	0.711575
0.732527	0.712381
0.732527	0.713187
0.732527	0.713993
0.732527	0.713993
0.733333	0.714799
0.733333	0.715604
0.734139	0.715604
0.734139	0.715604
0.734945	0.71641
0.734945	0.71641
0.734945	0.71641
0.735751	0.717216
0.735751	0.71641
0.735751	0.717216
0.735751	0.717216
0.735751	0.717216
0.734945	0.71641
0.734945	0.71641
0.733333	0.715604
0.732527	0.715604
0.731722	0.715604
0.731722	0.715604
0.731722	0.715604
0.732527	0.715604
0.732527	0.715604
0.731722	0.714799
0.731722	0.714799
0.731722	0.714799
0.731722	0.714799
0.731722	0.714799
0.731722	0.714799
0.731722	0.714799
0.732527	0.714799
0.732527	0.714799
0.732527	0.714799
0.732527	0.714799
0.732527	0.714799
0.732527	0.714799
0.732527	0.714799
0.732527	0.715604
0.732527	0.715604
0.732527	0.715604
0.732527	0.715604
0.732527	0.715604
0.733333	0.715604
0.733333	0.71641
0.733333	0.71641
0.734139	0.71641
0.734945	0.717216
0.734945	0.717216
0.735751	0.718022
0.736557	0.718022
0.736557	0.718828
0.737363	0.718828
0.737363	0.719634
0.737363	0.719634
0.738168	0.72044
0.738168	0.721245
0.738168	0.721245
0.738168	0.721245
0.738168	0.721245
0.738168	0.722051
0.738974	0.722857
0.738974	0.722857
0.738974	0.722857
0.738974	0.722051
0.738168	0.722051
0.737363	0.721245
0.738168	0.721245
0.737363	0.721245
0.737363	0.721245
0.737363	0.721245
0.737363	0.722051
0.737363	0.721245
0.737363	0.722051
0.737363	0.722051
0.738168	0.722051
0.738168	0.722051
0.738168	0.722051
0.738168	0.722051
0.738168	0.722051
0.738168	0.722051
0.738168	0.722051
0.738168	0.722051
0.738168	0.722857
0.738168	0.722857
0.738168	0.722857
0.738168	0.722857
0.738168	0.722857
0.738168	0.722857
0.738168	0.722857
0.738168	0.722857
0.738168	0.722857
0.738168	0.722857
0.738168	0.722857
0.738168	0.722857
0.738168	0.723663
0.738974	0.724469
0.738974	0.725275
0.73978	0.725275
0.73978	0.727692
0.73978	0.729304
0.740586	0.729304
0.741392	0.730916
0.741392	0.731722
0.741392	0.732527
0.742198	0.732527
0.742198	0.732527
0.742198	0.733333
0.743004	0.733333
0.743004	0.733333
0.743004	0.733333
0.743004	0.733333
0.743004	0.734139
0.74381	0.734139
0.74381	0.734139
0.74381	0.734139
0.74381	0.734945
0.744615	0.734945
0.744615	0.734945
0.744615	0.735751
0.745421	0.735751
0.745421	0.736557
0.745421	0.736557
0.745421	0.737363
0.745421	0.738168
0.745421	0.738168
0.745421	0.738168
0.745421	0.738168
0.745421	0.738974
0.745421	0.738168
0.745421	0.738168
0.745421	0.738168
0.745421	0.738168
0.745421	0.738168
0.745421	0.738168
0.745421	0.738168
0.745421	0.738168
0.745421	0.738974
0.745421	0.738168
0.745421	0.738168
0.745421	0.738974
0.745421	0.738974
0.745421	0.738974
0.744615	0.738974
0.744615	0.738974
0.744615	0.738168
0.744615	0.738168
0.744615	0.738168
0.744615	0.738168
0.744615	0.738168
0.744615	0.738168
0.744615	0.738168
0.74381	0.737363
0.74381	0.738168
0.744615	0.738168
0.745421	0.738168
0.745421	0.738168
0.744615	0.738168
0.74381	0.738168
0.74381	0.738168
0.743004	0.737363
0.742198	0.736557
0.742198	0.736557
0.740586	0.736557
0.740586	0.735751
0.740586	0.735751
0.73978	0.735751
0.738974	0.735751
0.738974	0.734945
0.738168	0.734945
0.738168	0.734945
0.738168	0.734945
0.737363	0.734945
0.737363	0.734945
0.737363	0.734945
0.737363	0.734945
0.737363	0.734945
0.737363	0.734945
0.737363	0.734945
0.737363	0.734945
0.737363	0.734945
0.737363	0.734945
0.736557	0.734945
0.736557	0.734945
0.736557	0.734945
0.736557	0.734945
0.736557	0.734945
0.735751	0.734945
0.735751	0.735751
0.734945	0.735751
0.734945	0.735751
0.734945	0.735751
0.734945	0.736557
0.734945	0.736557
0.734945	0.736557
0.734139	0.736557
0.734139	0.736557
0.734139	0.736557
0.734139	0.735751
0.734139	0.735751
0.734139	0.735751
0.734139	0.735751
0.733333	0.735751
0.733333	0.735751
0.733333	0.735751
0.733333	0.735751
0.733333	0.734945
0.733333	0.734945
0.734139	0.735751
0.734139	0.735751
0.734139	0.735751
0.734139	0.735751
0.734139	0.735751
0.734139	0.735751
0.734139	0.736557
0.734139	0.736557
0.734139	0.736557
0.734139	0.736557
0.734139	0.735751
0.734139	0.735751
0.734139	0.735751
0.734945	0.736557
0.734945	0.737363
0.734945	0.737363
0.734945	0.737363
0.734139	0.736557
0.734139	0.736557
0.734139	0.736557
0.734945	0.735751
0.734945	0.735751
0.735751	0.735751
0.735751	0.734945
0.736557	0.734945
0.737363	0.734945
0.737363	0.734945
0.738168	0.734945
0.738168	0.734945
0.738168	0.734139
0.738974	0.734139
0.738974	0.733333
0.73978	0.734139
0.73978	0.734139
0.73978	0.734139
0.740586	0.734139
0.740586	0.734139
0.740586	0.734139
0.741392	0.734139
0.741392	0.733333
0.742198	0.733333
0.744615	0.734139
0.747033	0.732527
0.748645	0.730916
0.749451	0.732527
0.749451	0.732527
0.749451	0.733333
0.750256	0.733333
0.749451	0.733333
0.749451	0.733333
0.749451	0.734139
0.749451	0.734139
0.749451	0.734139
0.750256	0.734945
0.749451	0.734139
0.750256	0.734139
0.750256	0.734945
0.750256	0.734945
0.750256	0.734945
0.750256	0.734945
0.750256	0.734945
0.750256	0.734945
0.750256	0.734945
0.750256	0.734945
0.750256	0.734945
0.750256	0.734945
0.751868	0.734139
0.75348	0.732527
0.755897	0.729304
0.758315	0.729304
0.758315	0.728498
0.759121	0.728498
0.759121	0.728498
0.759927	0.728498
0.759927	0.729304
0.759927	0.73011
0.760733	0.73011
0.761538	0.73011
0.762344	0.73011
0.763956	0.729304
0.766374	0.729304
0.766374	0.729304
0.767985	0.729304
0.768791	0.728498
0.768791	0.728498
0.768791	0.727692
0.769597	0.728498
0.770403	0.728498
0.771209	0.728498
0.772821	0.728498
0.772821	0.729304
0.774432	0.73011
0.77685	0.73011
0.778462	0.729304
0.778462	0.728498
0.779267	0.729304
0.779267	0.729304
0.780073	0.728498
0.780879	0.729304
0.781685	0.729304
0.782491	0.729304
0.783297	0.729304
0.784103	0.729304
0.784908	0.729304
0.785714	0.729304
0.785714	0.73011
0.785714	0.729304
0.785714	0.729304
0.785714	0.73011
0.785714	0.73011
0.785714	0.73011
0.785714	0.73011
0.785714	0.73011
0.785714	0.73011
0.785714	0.73011
0.785714	0.73011
0.785714	0.73011
0.785714	0.73011
0.785714	0.729304
0.785714	0.73011
0.785714	0.73011
0.785714	0.729304
0.785714	0.73011
0.785714	0.729304
0.785714	0.729304
0.784908	0.729304
0.784908	0.729304
0.784908	0.729304
0.784103	0.729304
0.784103	0.728498
0.783297	0.728498
0.782491	0.727692
0.782491	0.727692
0.781685	0.727692
0.781685	0.726886
0.780879	0.727692
0.780879	0.727692
0.780879	0.726886
0.780879	0.726886
0.780879	0.726886
0.780073	0.726886
0.780073	0.726886
0.780073	0.726886
0.780073	0.726886
0.780073	0.726081
0.780073	0.726886
0.779267	0.726886
0.779267	0.726886
0.779267	0.726886
0.780073	0.726886
0.779267	0.726886
0.779267	0.726081
0.779267	0.726886
0.779267	0.726886
0.779267	0.726886
0.779267	0.726886
0.779267	0.726081
0.779267	0.726081
0.779267	0.726081
0.779267	0.726081
0.779267	0.726081
0.779267	0.726081
0.779267	0.726081
0.779267	0.726081
0.779267	0.726081
0.779267	0.726081
0.779267	0.726081
0.779267	0.726081
0.779267	0.726081
0.779267	0.726081
0.779267	0.726081
0.779267	0.726081
0.779267	0.726081
0.779267	0.726081
0.779267	0.726081
0.779267	0.726081
0.779267	0.726081
0.779267	0.726886
0.779267	0.726081
0.779267	0.726081
0.779267	0.726081
0.779267	0.726081
0.779267	0.726081
0.779267	0.726081
0.779267	0.726081
0.779267	0.726081
0.779267	0.726081
0.779267	0.726081
0.778462	0.725275
0.778462	0.724469
0.778462	0.724469
0.777656	0.722857
0.77685	0.722051
0.77685	0.721245
0.77685	0.721245
0.77685	0.721245
0.77685	0.721245
0.77685	0.72044
0.77685	0.721245
0.77685	0.72044
0.77685	0.721245
0.77685	0.72044
0.77685	0.721245
0.77685	0.721245
0.77685	0.721245
0.77685	0.721245
0.77685	0.721245
0.77685	0.721245
0.77685	0.721245
0.77685	0.721245
0.77685	0.721245
0.77685	0.721245
0.77685	0.721245
0.77685	0.721245
0.77685	0.721245
0.77685	0.721245
0.77685	0.721245
0.77685	0.721245
0.77685	0.721245
0.77685	0.721245
0.77685	0.721245
0.77685	0.721245
0.77685	0.721245
0.77685	0.721245
0.77685	0.721245
0.777656	0.721245
0.77685	0.721245
0.77685	0.721245
0.77685	0.721245
0.777656	0.721245
0.777656	0.721245
0.777656	0.721245
0.777656	0.721245
0.777656	0.721245
0.777656	0.721245
0.777656	0.721245
0.777656	0.721245
0.777656	0.721245
0.777656	0.721245
0.777656	0.721245
0.777656	0.721245
0.777656	0.721245
0.777656	0.721245
0.777656	0.721245
0.777656	0.721245
0.777656	0.721245
0.777656	0.721245
0.777656	0.721245
0.777656	0.721245
0.777656	0.721245
0.777656	0.721245
0.777656	0.721245
0.777656	0.721245
0.777656	0.721245
0.777656	0.721245
0.777656	0.72044
0.777656	0.72044
0.778462	0.721245
0.777656	0.72044
0.777656	0.72044
0.777656	0.72044
0.777656	0.72044
0.777656	0.72044
0.777656	0.72044
0.777656	0.72044
0.777656	0.72044
0.777656	0.72044
0.777656	0.72044
0.777656	0.72044
0.777656	0.72044
0.777656	0.72044
0.777656	0.72044
0.777656	0.72044
0.777656	0.72044
0.777656	0.72044
0.777656	0.72044
0.777656	0.72044
0.777656	0.72044
0.777656	0.72044
0.777656	0.72044
0.777656	0.72044
0.777656	0.719634
0.777656	0.719634
0.777656	0.72044
0.777656	0.719634
0.777656	0.719634
0.777656	0.719634
0.777656	0.719634
0.777656	0.719634
0.777656	0.72044
0.777656	0.72044
0.777656	0.719634
0.777656	0.719634
0.777656	0.72044
0.777656	0.72044
0.777656	0.719634
0.777656	0.72044
0.778462	0.72044
0.777656	0.72044
0.777656	0.719634
0.777656	0.719634
0.777656	0.72044
0.777656	0.719634
0.778462	0.719634
0.778462	0.72044
0.778462	0.72044
0.778462	0.72044
0.778462	0.719634
0.778462	0.72044
0.778462	0.719634
0.778462	0.72044
0.779267	0.719634
0.779267	0.719634
0.779267	0.719634
0.779267	0.72044
0.779267	0.719634
0.779267	0.72044
0.780073	0.72044
0.780073	0.719634
0.780073	0.72044
0.780073	0.72044
0.780073	0.72044
0.780073	0.72044
0.780073	0.72044
0.780073	0.72044
0.780073	0.72044
0.780073	0.72044
0.780073	0.72044
0.780073	0.72044
0.780073	0.72044
0.780073	0.72044
0.780073	0.72044
0.780879	0.72044
0.780879	0.72044
0.780879	0.72044
0.780879	0.721245
0.780879	0.721245
0.780879	0.721245
0.780879	0.721245
0.780879	0.721245
0.780879	0.721245
0.780879	0.721245
0.780879	0.721245
0.780879	0.721245
0.780879	0.721245
0.780879	0.721245
0.780879	0.721245
0.780879	0.721245
0.780879	0.721245
0.780879	0.721245
0.780879	0.721245
0.780879	0.721245
0.780879	0.721245
0.780879	0.721245
0.780879	0.721245
0.780879	0.721245
0.780879	0.721245
0.780879	0.721245
0.780879	0.722051
0.780879	0.721245
0.780879	0.722051
0.780879	0.722051
0.780879	0.721245
0.780879	0.721245
0.780879	0.721245
0.780879	0.721245
0.780879	0.721245
0.780879	0.721245
0.780879	0.722051
0.780879	0.721245
0.780879	0.721245
0.780879	0.722051
0.780879	0.722051
0.780879	0.722051
0.780879	0.722051
0.780879	0.722051
0.780879	0.721245
0.780879	0.722051
0.780879	0.722051
0.780879	0.722051
0.780879	0.721245
0.780879	0.722051
0.780879	0.722051
0.780879	0.722051
0.780879	0.722051
0.780879	0.721245
0.780879	0.722051
0.780879	0.722051
0.780879	0.722051
0.780879	0.722051
0.780879	0.722051
0.780879	0.722051
0.780879	0.722051
0.780879	0.721245
0.780879	0.722051
0.780879	0.722051
0.780879	0.721245
0.780879	0.721245
0.780879	0.722051
0.780879	0.721245
0.780879	0.721245
0.780879	0.721245
0.780879	0.722051
0.780879	0.721245
0.780879	0.721245
0.780879	0.721245
0.780879	0.721245
0.780879	0.721245
0.780879	0.721245
0.780879	0.722051
0.780879	0.721245
0.780879	0.721245
0.780879	0.721245
0.780879	0.722051
0.780879	0.722051
0.780879	0.722051
0.780879	0.722051
0.780879	0.721245
0.780879	0.721245
0.780879	0.721245
0.780879	0.722051
0.780879	0.721245
0.780879	0.721245
0.780879	0.721245
0.780879	0.722051
0.780879	0.721245
0.780879	0.721245
0.780879	0.722051
0.780879	0.722051
0.780879	0.721245
0.780879	0.721245
0.780879	0.722051
0.780879	0.721245
0.780879	0.722051
0.780879	0.721245
0.780879	0.722051
0.780879	0.722051
0.780879	0.722051
0.780879	0.722051
0.780879	0.722051
0.780879	0.722051
0.780879	0.722051
0.780879	0.722051
0.781685	0.722051
0.780879	0.722857
0.781685	0.722857
0.781685	0.722051
0.781685	0.722857
0.781685	0.722857
0.781685	0.722051
0.781685	0.722857
0.781685	0.722857
0.781685	0.722051
0.782491	0.722051
0.782491	0.722857
0.782491	0.722857
0.782491	0.722051
0.782491	0.722857
0.782491	0.722857
0.783297	0.722857
0.783297	0.722857
0.783297	0.722857
0.783297	0.722857
0.783297	0.722857
0.783297	0.722857
0.783297	0.722857
0.784103	0.722857
0.784103	0.722857
0.784103	0.722857
0.784103	0.722857
0.784103	0.722857
0.784103	0.722857
0.784908	0.722857
0.784908	0.722857
0.784908	0.722857
0.784908	0.722857
0.784908	0.722857
0.784908	0.722857
0.784908	0.722857
0.784908	0.722857
0.784908	0.722857
0.785714	0.722857
0.784908	0.722857
0.784908	0.722051
0.785714	0.722051
0.785714	0.722051
0.784908	0.722051
0.785714	0.722857
0.785714	0.722857
0.785714	0.722857
0.785714	0.722857
0.785714	0.722857
0.785714	0.722857
0.785714	0.722857
0.785714	0.722857
0.78652	0.722857
0.78652	0.722857
0.78652	0.722857
0.78652	0.722857
0.78652	0.722857
0.78652	0.722857
0.78652	0.722051
0.78652	0.722857
0.78652	0.722051
0.78652	0.722051
0.78652	0.722857
0.78652	0.722857
0.78652	0.722051
0.78652	0.722857
0.78652	0.722857
0.78652	0.722857
0.78652	0.722857
0.78652	0.722857
0.78652	0.722857
0.78652	0.722857
0.78652	0.722857
0.78652	0.722857
0.78652	0.722857
0.78652	0.722857
0.78652	0.722857
0.78652	0.722857
0.78652	0.722857
0.78652	0.722857
0.78652	0.722857
0.78652	0.722857
0.78652	0.722857
0.78652	0.722857
0.78652	0.722857
0.78652	0.722857
0.78652	0.722857
0.78652	0.722857
0.78652	0.722857
0.78652	0.722857
0.787326	0.723663
0.78652	0.722857
0.787326	0.723663
0.787326	0.723663
0.78652	0.723663
0.787326	0.723663
0.787326	0.723663
0.787326	0.723663
0.787326	0.723663
0.787326	0.723663
0.787326	0.723663
0.787326	0.723663
0.787326	0.723663
0.787326	0.723663
0.787326	0.723663
0.787326	0.723663
0.787326	0.723663
0.787326	0.723663
0.787326	0.723663
0.787326	0.723663
0.787326	0.723663
0.787326	0.723663
0.787326	0.723663
0.787326	0.723663
0.787326	0.723663
0.787326	0.723663
0.787326	0.723663
0.787326	0.724469
0.787326	0.724469
0.787326	0.724469
0.787326	0.724469
0.787326	0.724469
0.787326	0.724469
0.787326	0.724469
0.787326	0.724469
0.787326	0.724469
0.787326	0.724469
0.787326	0.724469
0.787326	0.724469
0.787326	0.724469
0.787326	0.724469
0.787326	0.724469
0.787326	0.724469
0.787326	0.724469
0.787326	0.724469
0.787326	0.724469
0.787326	0.724469
0.787326	0.724469
0.787326	0.724469
0.787326	0.724469
0.787326	0.724469
0.787326	0.725275
0.787326	0.725275
0.787326	0.725275
0.787326	0.724469
0.787326	0.725275
0.787326	0.725275
0.787326	0.725275
0.787326	0.724469
0.787326	0.725275
0.787326	0.725275
0.787326	0.725275
0.787326	0.725275
0.787326	0.725275
0.788132	0.725275
0.788132	0.725275
0.787326	0.725275
0.788132	0.725275
0.787326	0.725275
0.788132	0.725275
0.787326	0.725275
0.787326	0.725275
0.788132	0.725275
0.787326	0.725275
0.788132	0.725275
0.788132	0.725275
0.788132	0.725275
0.788132	0.725275
0.788132	0.725275
0.788132	0.725275
0.788132	0.725275
0.788132	0.725275
0.788132	0.725275
0.788132	0.725275
0.788132	0.725275
0.788132	0.725275
0.788132	0.725275
0.788132	0.725275
0.788132	0.726081
0.788132	0.725275
0.787326	0.726081
0.787326	0.726081
0.787326	0.726081
0.78652	0.726081
0.78652	0.726081
0.78652	0.726081
0.78652	0.726081
0.78652	0.726081
0.78652	0.726081
0.78652	0.726886
0.78652	0.726886
0.78652	0.726886
0.785714	0.726886
0.78652	0.726886
0.78652	0.726886
0.785714	0.726886
0.785714	0.726886
0.785714	0.726886
0.785714	0.726886
0.785714	0.726886
0.785714	0.726886
0.785714	0.726886
0.785714	0.726886
0.785714	0.726886
0.785714	0.726886
0.785714	0.726886
0.785714	0.726886
0.785714	0.726886
0.785714	0.726886
0.785714	0.726886
0.785714	0.726886
0.785714	0.726886
0.785714	0.726886
0.785714	0.727692
0.785714	0.726886
0.785714	0.726886
0.785714	0.727692
0.785714	0.727692
0.784908	0.727692
0.784908	0.727692
0.785714	0.726886
0.784908	0.727692
0.784908	0.727692
0.784908	0.727692
0.785714	0.727692
0.785714	0.727692
0.784908	0.727692
0.784908	0.727692
0.784908	0.727692
0.784908	0.727692
0.785714	0.727692
0.785714	0.727692
0.785714	0.727692
0.785714	0.727692
0.785714	0.727692
0.784908	0.727692
0.785714	0.727692
0.784908	0.727692
0.784908	0.727692
0.785714	0.727692
0.785714	0.727692
0.784908	0.727692
0.785714	0.727692
0.784908	0.727692
0.785714	0.727692
0.785714	0.727692
0.785714	0.727692
0.785714	0.727692
0.785714	0.727692
0.785714	0.727692
0.785714	0.727692
0.785714	0.727692
0.785714	0.727692
0.785714	0.727692
0.784908	0.727692
0.785714	0.727692
0.785714	0.727692
0.785714	0.727692
0.785714	0.727692
0.784908	0.727692
0.784908	0.727692
0.785714	0.727692
0.784908	0.727692
0.784908	0.727692
0.785714	0.727692
0.784908	0.726886
0.784908	0.726886
0.784908	0.727692
0.784908	0.727692
0.784908	0.727692
0.784908	0.726886
0.784908	0.727692
0.784908	0.726886
0.784908	0.727692
0.784908	0.726886
0.784908	0.726886
0.784908	0.726886
0.784908	0.726886
0.784908	0.726886
0.784908	0.726886
0.784908	0.726886
0.784908	0.726886
0.784908	0.726886
0.784908	0.726886
0.784103	0.726886
0.784103	0.726886
0.784908	0.726886
0.784908	0.726886
0.784908	0.726886
0.784908	0.726886
0.784908	0.726886
0.784908	0.726886
0.784103	0.726886
0.784908	0.726886
0.784908	0.726886
0.784908	0.726886
0.784908	0.726886
0.784103	0.726886
0.784908	0.726886
0.784103	0.726886
0.784908	0.726886
0.784908	0.726886
0.784908	0.726886
0.784908	0.726886
0.784908	0.726886
0.784908	0.726886
0.784908	0.726886
0.784908	0.726886
0.784908	0.726886
0.784908	0.726886
0.784908	0.726886
0.784908	0.726886
0.784908	0.726886
0.784908	0.726886
0.784908	0.726886
0.784908	0.726886
0.784908	0.726886
0.784908	0.726886
0.784908	0.726886
0.784908	0.726886
0.784908	0.726886
0.784908	0.726886
0.784908	0.726886
0.784908	0.726886
0.784908	0.726886
0.784908	0.726886
0.784908	0.726886
0.784908	0.726886
0.784908	0.726886
0.784908	0.726886
0.784908	0.726886
0.784908	0.726886
0.784908	0.726886
0.784908	0.726886
0.784908	0.726886
0.784908	0.726886
0.784908	0.726886
0.784908	0.726886
0.784908	0.726886
0.784908	0.726886
0.784908	0.726886
0.784908	0.726886
0.784908	0.726886
0.784908	0.726886
0.784908	0.726886
0.784908	0.726886
0.784908	0.726886
0.784908	0.726886
0.784908	0.726886
0.784908	0.726886
0.784908	0.726886
0.784908	0.726886
0.784908	0.726886
0.784908	0.726886
0.784908	0.726886
0.784908	0.726886
0.784908	0.726886
0.784908	0.726886
0.784908	0.726886
0.784908	0.726886
0.784908	0.726886
0.784908	0.726886
0.784908	0.726886
0.784908	0.726886
0.784908	0.726886
0.784908	0.726886
0.784908	0.726886
0.784908	0.726886
0.784908	0.726886
0.784908	0.726886
0.784908	0.726886
0.784908	0.726886
0.784908	0.726886
0.784908	0.726886
0.784908	0.726886
0.784908	0.726886
0.784908	0.726886
0.784908	0.726886
0.784908	0.726886
0.784908	0.726886
0.784908	0.726886
0.784908	0.726886
0.784908	0.726081
0.784908	0.726886
0.784908	0.726886
0.784908	0.726886
0.784908	0.726886
0.784908	0.726886
0.784908	0.726886
0.784908	0.726886
0.784908	0.726081
0.784908	0.726886
0.784908	0.726081
0.784908	0.726886
0.784908	0.726886
0.784908	0.726886
0.784908	0.726886
0.784908	0.726886
0.784908	0.726886
0.784908	0.726886
0.784908	0.726886
0.784908	0.726081
0.784908	0.726886
0.784908	0.726886
0.784908	0.726081
0.784908	0.726886
0.784908	0.726886
0.784908	0.726081
0.784908	0.726886
0.784908	0.726886
0.784908	0.726886
0.784908	0.726886
0.784908	0.726081
0.784908	0.726081
0.784908	0.726886
0.784908	0.726886
0.784908	0.726886
0.784908	0.726886
0.784908	0.726886
0.784908	0.726886
0.784908	0.726081
0.784908	0.726081
0.784908	0.726081
0.784908	0.726886
0.784908	0.726886
0.784908	0.726886
0.784908	0.726886
0.784908	0.726886
0.784908	0.726886
0.784908	0.726886
0.784908	0.726886
0.784908	0.726886
0.784908	0.726886
0.784908	0.726886
0.784908	0.726081
0.784908	0.726081
0.784908	0.726886
0.784908	0.726886
0.784908	0.726081
0.784908	0.726886
0.784908	0.726081
0.784908	0.726081
0.784908	0.726886
0.784908	0.726081
0.784908	0.726081
0.784908	0.726081
0.784908	0.726081
0.784908	0.726081
0.784908	0.726081
0.784908	0.726081
0.784908	0.726081
0.784908	0.726081
0.784908	0.726081
0.784908	0.726081
0.784908	0.726081
0.784908	0.726081
0.784908	0.726081
0.784908	0.726081
0.784908	0.726081
0.784908	0.726081
0.784908	0.726081
0.784908	0.726081
0.784908	0.726081
0.784908	0.726081
0.784908	0.726081
0.784908	0.726886
0.784908	0.726081
0.784908	0.726081
0.784908	0.726081
0.784908	0.726081
0.784908	0.726081
0.784908	0.726081
0.784908	0.726081
0.784908	0.726081
0.784908	0.726081
0.784908	0.726081
0.784908	0.726081
0.784908	0.726081
0.784908	0.726081
0.784908	0.726081
0.784908	0.726081
0.784908	0.726081
0.784908	0.726081
0.784908	0.726081
0.784908	0.726081
0.784908	0.726081
0.784908	0.726081
0.784908	0.726081
0.784908	0.726081
0.784908	0.726081
0.784908	0.726081
0.784908	0.726081
0.784908	0.726081
0.784908	0.726081
0.784908	0.726081
0.784908	0.726081
0.784908	0.726081
0.784908	0.726081
0.784908	0.726081
0.784908	0.726081
0.784908	0.726081
0.784103	0.726081
0.784908	0.725275
0.784908	0.726081
0.784103	0.726081
0.784103	0.725275
0.784103	0.725275
0.784103	0.725275
0.784103	0.725275
0.784103	0.725275
0.784103	0.725275
0.784103	0.725275
0.784103	0.725275
0.784103	0.725275
0.784103	0.725275
0.784103	0.725275
0.784103	0.725275
0.784103	0.725275
0.784103	0.725275
0.784103	0.725275
0.784103	0.725275
0.784103	0.724469
0.784103	0.724469
0.784103	0.725275
0.783297	0.724469
0.783297	0.724469
0.783297	0.724469
0.784103	0.724469
0.783297	0.724469
0.784103	0.724469
0.784103	0.724469
0.783297	0.724469
0.783297	0.724469
0.783297	0.724469
0.783297	0.724469
0.783297	0.724469
0.783297	0.724469
0.783297	0.724469
0.783297	0.724469
0.783297	0.724469
0.783297	0.724469
0.783297	0.724469
0.783297	0.724469
0.783297	0.724469
0.783297	0.724469
0.783297	0.723663
0.783297	0.723663
0.783297	0.723663
0.783297	0.723663
0.783297	0.723663
0.783297	0.723663
0.783297	0.723663
0.783297	0.723663
0.783297	0.723663
0.783297	0.723663
0.783297	0.723663
0.783297	0.723663
0.783297	0.723663
0.783297	0.723663
0.783297	0.723663
0.783297	0.723663
0.783297	0.723663
0.783297	0.723663
0.783297	0.723663
0.783297	0.723663
0.783297	0.723663
0.783297	0.723663
0.783297	0.723663
0.783297	0.723663
0.783297	0.723663
0.783297	0.723663
0.783297	0.723663
0.783297	0.723663
0.783297	0.723663
0.783297	0.723663
0.783297	0.723663
0.783297	0.723663
0.783297	0.723663
0.783297	0.723663
0.783297	0.723663
0.783297	0.723663
0.783297	0.723663
0.783297	0.723663
0.783297	0.723663
0.783297	0.723663
0.783297	0.723663
0.783297	0.723663
0.783297	0.723663
0.783297	0.723663
0.783297	0.723663
0.783297	0.723663
0.783297	0.723663
0.783297	0.723663
0.783297	0.723663
0.783297	0.723663
0.783297	0.723663
0.783297	0.723663
0.783297	0.723663
0.783297	0.723663
0.783297	0.723663
0.783297	0.723663
0.783297	0.723663
0.783297	0.723663
0.783297	0.723663
0.783297	0.723663
0.783297	0.723663
0.783297	0.723663
0.783297	0.723663
0.783297	0.723663
0.783297	0.722857
0.783297	0.723663
0.783297	0.723663
0.783297	0.722857
0.783297	0.723663
0.783297	0.723663
0.783297	0.723663
0.783297	0.723663
0.783297	0.723663
0.784103	0.723663
0.783297	0.723663
0.783297	0.723663
0.783297	0.723663
0.783297	0.723663
0.783297	0.723663
0.783297	0.723663
0.783297	0.723663
0.783297	0.723663
0.784103	0.723663
0.783297	0.723663
0.784103	0.723663
0.783297	0.723663
0.784103	0.723663
0.783297	0.723663
0.783297	0.723663
0.784103	0.723663
0.784103	0.723663
0.784103	0.723663
0.783297	0.723663
0.783297	0.723663
0.783297	0.723663
0.783297	0.723663
0.784103	0.723663
0.784103	0.723663
0.783297	0.723663
0.784103	0.723663
0.784103	0.723663
0.783297	0.723663
0.783297	0.723663
0.784103	0.723663
0.784103	0.723663
0.784103	0.723663
0.784103	0.723663
0.784103	0.723663
0.784103	0.723663
0.784103	0.723663
0.784103	0.723663
0.784103	0.723663
0.784103	0.723663
0.784103	0.723663
0.784103	0.723663
0.784103	0.722857
0.784103	0.723663
0.784103	0.723663
0.784103	0.723663
0.784103	0.723663
0.784103	0.723663
0.784103	0.723663
0.784103	0.723663
0.784103	0.723663
0.784103	0.723663
0.784103	0.723663
0.784103	0.723663
0.784103	0.723663
0.784103	0.723663
0.784103	0.723663
0.784103	0.723663
0.784103	0.723663
0.784103	0.723663
0.784103	0.723663
0.784103	0.723663
0.784103	0.723663
0.784103	0.723663
0.784103	0.723663
0.784103	0.723663
0.784103	0.723663
0.784103	0.723663
0.784103	0.723663
0.784103	0.723663
0.784103	0.723663
0.784103	0.723663
0.784103	0.723663
0.784103	0.723663
0.784908	0.723663
0.784103	0.723663
0.784908	0.723663
0.784103	0.723663
0.784908	0.723663
0.784103	0.723663
0.784908	0.723663
0.784908	0.723663
0.784908	0.723663
0.784908	0.723663
0.784908	0.723663
0.784908	0.723663
0.784908	0.723663
0.784908	0.723663
0.784908	0.723663
0.784908	0.723663
0.784908	0.723663
0.784908	0.723663
0.784908	0.723663
0.784908	0.723663
0.784908	0.723663
0.784908	0.723663
0.784908	0.723663
0.784908	0.723663
0.784908	0.723663
0.784908	0.723663
0.784908	0.723663
0.784908	0.723663
0.784908	0.723663
0.784908	0.723663
0.785714	0.723663
0.785714	0.723663
0.785714	0.723663
0.785714	0.723663
0.785714	0.723663
0.784908	0.723663
0.785714	0.723663
0.785714	0.723663
0.785714	0.723663
0.785714	0.723663
0.785714	0.723663
0.785714	0.723663
0.785714	0.723663
0.785714	0.723663
0.785714	0.723663
0.785714	0.723663
0.785714	0.723663
0.785714	0.723663
0.785714	0.723663
0.785714	0.723663
0.785714	0.723663
0.785714	0.723663
0.785714	0.723663
0.785714	0.723663
0.785714	0.723663
0.785714	0.723663
0.785714	0.723663
0.785714	0.723663
0.785714	0.724469
0.785714	0.724469
0.785714	0.723663
0.785714	0.723663
0.785714	0.723663
0.785714	0.724469
0.785714	0.723663
0.785714	0.723663
0.785714	0.723663
0.78652	0.723663
0.78652	0.724469
0.78652	0.724469
0.785714	0.724469
0.78652	0.724469
0.78652	0.724469
0.78652	0.724469
0.78652	0.724469
0.78652	0.724469
0.78652	0.724469
0.78652	0.724469
0.78652	0.724469
0.78652	0.724469
0.78652	0.724469
0.78652	0.724469
0.78652	0.724469
0.78652	0.724469
0.78652	0.724469
0.78652	0.724469
0.78652	0.724469
0.787326	0.724469
0.78652	0.724469
0.78652	0.724469
0.787326	0.724469
0.787326	0.724469
0.787326	0.724469
0.78652	0.724469
0.787326	0.724469
0.787326	0.724469
0.787326	0.724469
0.787326	0.724469
0.78652	0.724469
0.787326	0.724469
0.787326	0.724469
0.787326	0.724469
0.787326	0.724469
0.787326	0.724469
0.787326	0.724469
0.787326	0.724469
0.787326	0.724469
0.787326	0.724469
0.787326	0.724469
0.787326	0.724469
0.787326	0.724469
0.787326	0.724469
0.787326	0.724469
0.787326	0.724469
0.787326	0.724469
0.787326	0.724469
0.787326	0.724469
0.787326	0.724469
0.787326	0.724469
0.787326	0.724469
0.787326	0.724469
0.787326	0.724469
0.787326	0.724469
0.787326	0.724469
0.787326	0.724469
0.787326	0.724469
0.787326	0.724469
0.787326	0.724469
0.788132	0.724469
0.788132	0.724469
0.787326	0.724469
0.788132	0.724469
0.788132	0.724469
0.788132	0.724469
0.788132	0.724469
0.788132	0.724469
0.787326	0.724469
0.788132	0.724469
0.788132	0.724469
0.788132	0.724469
0.788132	0.724469
0.788132	0.724469
0.788132	0.724469
0.788132	0.724469
0.788132	0.724469
0.788132	0.724469
0.788132	0.724469
0.788132	0.724469
0.788132	0.724469
0.788132	0.724469
0.788132	0.724469
0.788132	0.724469
0.788132	0.724469
0.788132	0.724469
0.788132	0.724469
0.788132	0.724469
0.788132	0.724469
0.788132	0.724469
0.788132	0.724469
0.788132	0.724469
0.788132	0.724469
0.788132	0.724469
0.788132	0.724469
0.788132	0.724469
0.788132	0.724469
0.788132	0.724469
0.788132	0.724469
0.788132	0.724469
0.788132	0.724469
0.788132	0.724469
0.788132	0.724469
0.788132	0.724469
0.788132	0.724469
0.788132	0.724469
0.788132	0.724469
0.788132	0.724469
0.788132	0.724469
0.788132	0.724469
0.788132	0.724469
0.787326	0.724469
0.787326	0.724469
0.788132	0.724469
0.788132	0.724469
0.788132	0.724469
0.787326	0.724469
0.787326	0.724469
0.787326	0.724469
0.787326	0.724469
0.788132	0.724469
0.787326	0.724469
0.787326	0.724469
0.787326	0.724469
0.787326	0.724469
0.787326	0.724469
0.788132	0.724469
0.787326	0.724469
0.787326	0.724469
0.787326	0.724469
0.787326	0.724469
0.787326	0.724469
0.787326	0.724469
0.787326	0.724469
0.787326	0.724469
0.787326	0.724469
0.787326	0.724469
0.787326	0.724469
0.787326	0.724469
0.787326	0.724469
0.787326	0.724469
0.787326	0.724469
0.787326	0.724469
0.787326	0.724469
0.787326	0.724469
0.787326	0.724469
0.787326	0.724469
0.787326	0.724469
0.787326	0.724469
0.787326	0.724469
0.787326	0.724469
0.787326	0.724469
0.787326	0.724469
0.787326	0.724469
0.787326	0.724469
0.787326	0.724469
0.787326	0.724469
0.787326	0.724469
0.787326	0.724469
0.787326	0.724469
0.787326	0.724469
0.787326	0.724469
0.787326	0.724469
0.787326	0.724469
0.787326	0.724469
0.78652	0.724469
0.78652	0.724469
0.78652	0.724469
0.78652	0.724469
0.787326	0.724469
0.78652	0.723663
0.787326	0.724469
0.787326	0.724469
0.78652	0.724469
0.78652	0.724469
0.78652	0.724469
0.78652	0.724469
0.78652	0.724469
0.78652	0.724469
0.78652	0.724469
0.78652	0.723663
0.78652	0.724469
0.78652	0.723663
0.78652	0.723663
0.78652	0.724469
0.78652	0.723663
0.78652	0.723663
0.78652	0.724469
0.78652	0.724469
0.78652	0.724469
0.78652	0.723663
0.78652	0.724469
0.78652	0.723663
0.78652	0.723663
0.78652	0.724469
0.78652	0.723663
0.78652	0.723663
0.78652	0.723663
0.78652	0.724469
0.78652	0.723663
0.78652	0.724469
0.78652	0.723663
0.78652	0.724469
0.78652	0.723663
0.78652	0.723663
0.78652	0.723663
0.78652	0.724469
0.785714	0.723663
0.78652	0.723663
0.785714	0.723663
0.785714	0.723663
0.785714	0.724469
0.785714	0.723663
0.785714	0.723663
0.785714	0.723663
0.785714	0.724469
0.785714	0.724469
0.785714	0.723663
0.785714	0.723663
0.785714	0.723663
0.785714	0.723663
0.785714	0.723663
0.785714	0.723663
0.785714	0.723663
0.785714	0.723663
0.785714	0.723663
0.785714	0.723663
0.785714	0.723663
0.785714	0.723663
0.785714	0.724469
0.785714	0.723663
0.785714	0.723663
0.785714	0.723663
0.785714	0.723663
0.785714	0.723663
0.785714	0.723663
0.785714	0.723663
0.785714	0.723663
0.785714	0.723663
0.785714	0.723663
0.785714	0.723663
0.785714	0.723663
0.785714	0.723663
0.785714	0.723663
0.785714	0.724469
0.785714	0.723663
0.785714	0.723663
0.785714	0.723663
0.785714	0.723663
0.785714	0.723663
0.785714	0.723663
0.785714	0.723663
0.785714	0.723663
0.785714	0.723663
0.785714	0.723663
0.785714	0.723663
0.785714	0.723663
0.785714	0.723663
0.785714	0.723663
0.785714	0.723663
0.785714	0.723663
0.785714	0.723663
0.785714	0.723663
0.785714	0.723663
0.784908	0.723663
0.785714	0.723663
0.785714	0.723663
0.785714	0.724469
0.785714	0.723663
0.785714	0.723663
0.785714	0.723663
0.785714	0.723663
0.785714	0.723663
0.785714	0.724469
0.784908	0.724469
0.785714	0.723663
0.784908	0.723663
0.784908	0.723663
0.785714	0.723663
0.784908	0.724469
0.785714	0.723663
0.785714	0.723663
0.784908	0.723663
0.784908	0.723663
0.784908	0.723663
0.784908	0.723663
0.784908	0.723663
0.784908	0.723663
0.784908	0.723663
0.784908	0.723663
0.784908	0.723663
0.784908	0.723663
0.784908	0.723663
0.784908	0.723663
0.784908	0.723663
0.784908	0.723663
0.784908	0.723663
0.784908	0.723663
0.784908	0.723663
0.784908	0.723663
0.784908	0.723663
0.784908	0.723663
0.784908	0.723663
0.784908	0.723663
0.784908	0.723663
0.784908	0.723663
0.784908	0.723663
0.784908	0.723663
0.784908	0.723663
0.784908	0.723663
0.784908	0.723663
0.784908	0.723663
0.784908	0.723663
0.784908	0.723663
0.784908	0.723663
0.784908	0.723663
0.784908	0.723663
0.784908	0.723663
0.784908	0.723663
0.784908	0.723663
0.784908	0.723663
0.784908	0.723663
0.784908	0.723663
0.784908	0.723663
0.784908	0.723663
0.784908	0.723663
0.784908	0.723663
0.784908	0.723663
0.784908	0.723663
0.784908	0.723663
0.784908	0.723663
0.784908	0.723663
0.784908	0.723663
0.784908	0.723663
0.784908	0.723663
0.784908	0.723663
0.784908	0.724469
0.784908	0.723663
0.784908	0.723663
0.784908	0.723663
0.784908	0.723663
0.784908	0.723663
0.784908	0.723663
0.784908	0.723663
0.784908	0.723663
0.784908	0.723663
0.784908	0.723663
0.784908	0.723663
0.784908	0.723663
0.784908	0.723663
0.784908	0.723663
0.784908	0.723663
0.784908	0.723663
0.784908	0.723663
0.784908	0.723663
0.784908	0.723663
0.784908	0.723663
0.784908	0.723663
0.784908	0.723663
0.784908	0.723663
0.784908	0.723663
0.784908	0.723663
0.784908	0.723663
0.784908	0.723663
0.784908	0.723663
0.784908	0.723663
0.784908	0.723663
0.784908	0.723663
0.784908	0.723663
0.784908	0.723663
0.784908	0.723663
0.784908	0.723663
0.784908	0.723663
0.784908	0.723663
0.784908	0.723663
0.784908	0.723663
0.784908	0.723663
0.784908	0.723663
0.784908	0.723663
0.784908	0.723663
0.784908	0.723663
0.784908	0.723663
0.784908	0.723663
0.784908	0.723663
0.784908	0.723663
0.784908	0.723663
0.784908	0.723663
0.784908	0.723663
0.784908	0.723663
0.784908	0.723663
0.784908	0.723663
0.784908	0.723663
0.784908	0.723663
0.784908	0.723663
0.784908	0.723663
0.784908	0.723663
0.784908	0.723663
0.784908	0.723663
0.784908	0.723663
0.784908	0.723663
0.784908	0.723663
0.784908	0.723663
0.784908	0.724469
0.784908	0.723663
0.784908	0.723663
0.784908	0.723663
0.784908	0.723663
0.784908	0.723663
0.784908	0.723663
0.784908	0.723663
0.784908	0.723663
0.784908	0.723663
0.784908	0.723663
0.784908	0.723663
0.784908	0.723663
0.784908	0.723663
0.784908	0.723663
0.784908	0.723663
0.784908	0.723663
0.784908	0.723663
0.784908	0.723663
0.784908	0.723663
0.784908	0.723663
0.784908	0.723663
0.784908	0.723663
0.784908	0.723663
0.784908	0.723663
0.784908	0.723663
0.784908	0.723663
0.784908	0.723663
0.784908	0.723663
0.784908	0.723663
0.784908	0.723663
0.785714	0.723663
0.784908	0.723663
0.784908	0.723663
0.784908	0.723663
0.784908	0.723663
0.785714	0.723663
0.784908	0.723663
0.784908	0.723663
0.784908	0.723663
0.785714	0.723663
0.784908	0.723663
0.785714	0.723663
0.784908	0.723663
0.784908	0.723663
0.785714	0.723663
0.785714	0.723663
0.785714	0.723663
0.785714	0.723663
0.785714	0.723663
0.785714	0.723663
0.785714	0.723663
0.785714	0.723663
0.784908	0.723663
0.785714	0.723663
0.785714	0.723663
0.785714	0.723663
0.785714	0.723663
0.785714	0.723663
0.785714	0.723663
0.785714	0.723663
0.785714	0.723663
0.785714	0.723663
0.785714	0.723663
0.785714	0.723663
0.785714	0.723663
0.785714	0.723663
0.785714	0.724469
0.785714	0.723663
0.785714	0.723663
0.785714	0.723663
0.785714	0.723663
0.785714	0.723663
0.78652	0.723663
0.78652	0.723663
0.78652	0.723663
0.78652	0.723663
0.78652	0.723663
0.78652	0.723663
0.78652	0.723663
0.78652	0.723663
0.787326	0.723663
0.78652	0.723663
0.787326	0.723663
0.787326	0.723663
0.787326	0.723663
0.787326	0.723663
0.787326	0.723663
0.787326	0.723663
0.787326	0.723663
0.787326	0.723663
0.787326	0.723663
0.787326	0.723663
0.787326	0.723663
0.787326	0.723663
0.787326	0.723663
0.787326	0.723663
0.787326	0.723663
0.787326	0.723663
0.787326	0.723663
0.788132	0.723663
0.788132	0.723663
0.788132	0.723663
0.788132	0.723663
0.788132	0.723663
0.788132	0.723663
0.788132	0.723663
0.788132	0.723663
0.788132	0.723663
0.788132	0.723663
0.788132	0.723663
0.788132	0.723663
0.788132	0.723663
0.788132	0.723663
0.788938	0.723663
0.788132	0.723663
0.788132	0.723663
0.788938	0.723663
0.788938	0.723663
0.788132	0.723663
0.788938	0.722857
0.788938	0.723663
0.788938	0.723663
0.788132	0.723663
0.788938	0.723663
0.788938	0.723663
0.788938	0.723663
0.788938	0.723663
0.788938	0.723663
0.788938	0.723663
0.788938	0.723663
0.788938	0.723663
0.788938	0.723663
0.788938	0.723663
0.788938	0.723663
0.788938	0.723663
0.788938	0.723663
0.788938	0.723663
0.788938	0.723663
0.788938	0.723663
0.788938	0.723663
0.788938	0.723663
0.788938	0.723663
0.788938	0.723663
0.788938	0.723663
0.788938	0.723663
0.788938	0.723663
0.788938	0.723663
0.788938	0.723663
0.788938	0.723663
0.788938	0.723663
0.788938	0.723663
0.788938	0.723663
0.788938	0.723663
0.789744	0.723663
0.788938	0.723663
0.788938	0.723663
0.788938	0.723663
0.788938	0.723663
0.789744	0.723663
0.788938	0.723663
0.789744	0.723663
0.788938	0.723663
0.788938	0.723663
0.788938	0.723663
0.788938	0.723663
0.788938	0.723663
0.788938	0.723663
0.788938	0.723663
0.788938	0.723663
0.789744	0.723663
0.788938	0.723663
0.789744	0.723663
0.788938	0.723663
0.788938	0.723663
0.788938	0.723663
0.789744	0.723663
0.789744	0.723663
0.788938	0.723663
0.788938	0.723663
0.788938	0.723663
0.789744	0.723663
0.788938	0.723663
0.788938	0.723663
0.789744	0.723663
0.788938	0.723663
0.788938	0.723663
0.789744	0.723663
0.789744	0.723663
0.789744	0.723663
0.788938	0.723663
0.789744	0.723663
0.788938	0.723663
0.789744	0.723663
0.788938	0.723663
0.788938	0.723663
0.788938	0.723663
0.789744	0.723663
0.789744	0.723663
0.789744	0.723663
0.789744	0.723663
0.789744	0.723663
0.789744	0.723663
0.789744	0.723663
0.789744	0.723663
0.788938	0.723663
0.788938	0.723663
0.788938	0.723663
0.789744	0.723663
0.788938	0.723663
0.789744	0.723663
0.788938	0.723663
0.789744	0.723663
0.788938	0.723663
0.789744	0.723663
0.788938	0.723663
0.788938	0.723663
0.788938	0.723663
0.788938	0.723663
0.788938	0.723663
0.788938	0.723663
0.789744	0.723663
0.788938	0.723663
0.788938	0.723663
0.788938	0.723663
0.788938	0.723663
0.788938	0.723663
0.788938	0.723663
0.788938	0.723663
0.788938	0.723663
0.788938	0.723663
0.788938	0.723663
0.788938	0.723663
0.788938	0.723663
0.788938	0.723663
0.788938	0.723663
0.788938	0.723663
0.788938	0.722857
0.788938	0.723663
0.788938	0.723663
0.788938	0.723663
0.788938	0.722857
0.788938	0.723663
0.788938	0.723663
0.788938	0.723663
0.788938	0.723663
0.788938	0.723663
0.788938	0.723663
0.788938	0.723663
0.788938	0.723663
0.788938	0.723663
0.788938	0.723663
0.788938	0.723663
0.788938	0.723663
0.788938	0.723663
0.788938	0.723663
0.788938	0.722857
0.788938	0.723663
0.788938	0.723663
0.788938	0.723663
0.788938	0.723663
0.788938	0.723663
0.788938	0.723663
0.788938	0.723663
0.788938	0.723663
0.788938	0.723663
0.788938	0.723663
0.788938	0.723663
0.788938	0.723663
0.788938	0.723663
0.788938	0.723663
0.788938	0.723663
0.788938	0.723663
0.788938	0.723663
0.788938	0.723663
0.788938	0.723663
0.788938	0.723663
0.788938	0.723663
0.788938	0.723663
0.788938	0.723663
0.788938	0.723663
0.788938	0.723663
0.788132	0.723663
0.788938	0.723663
0.788132	0.723663
0.788938	0.723663
0.788132	0.723663
0.788132	0.723663
0.788132	0.723663
0.788132	0.723663
0.788132	0.723663
0.788132	0.723663
0.788132	0.723663
0.788132	0.723663
0.788132	0.723663
0.788132	0.723663
0.788132	0.723663
0.788132	0.723663
0.788132	0.723663
0.788132	0.723663
0.788132	0.723663
0.788132	0.722857
0.788132	0.723663
0.788132	0.722857
0.788132	0.723663
0.788132	0.723663
0.788132	0.723663
0.788132	0.723663
0.788132	0.723663
0.788132	0.723663
0.788132	0.723663
0.788132	0.722857
0.788132	0.723663
0.788132	0.723663
0.788132	0.722857
0.788132	0.723663
0.788132	0.723663
0.788132	0.723663
0.788132	0.723663
0.788132	0.723663
0.788132	0.723663
0.788132	0.723663
0.788132	0.723663
0.788132	0.723663
0.788132	0.723663
0.788132	0.722857
0.788132	0.723663
0.788132	0.722857
0.788132	0.723663
0.788132	0.723663
0.788132	0.722857
0.788132	0.722857
0.788132	0.722857
0.788132	0.722857
0.788132	0.723663
0.788132	0.722857
0.788132	0.722857
0.788132	0.722857
0.788132	0.722857
0.788132	0.722857
0.788132	0.723663
0.788132	0.723663
0.788132	0.723663
0.788132	0.723663
0.788132	0.722857
0.788132	0.722857
0.788132	0.722857
0.788132	0.722857
0.788132	0.722857
0.788132	0.723663
0.788132	0.722857
0.788132	0.722857
0.788132	0.722857
0.788132	0.722857
0.788132	0.722857
0.787326	0.722857
0.788132	0.722857
0.788132	0.723663
0.788132	0.722857
0.788132	0.723663
0.788132	0.722857
0.788132	0.722857
0.788132	0.722857
0.788132	0.722857
0.787326	0.723663
0.788132	0.722857
0.788132	0.722857
0.788132	0.723663
0.788132	0.722857
0.788132	0.722857
0.788132	0.723663
0.788132	0.722857
0.788132	0.722857
0.788132	0.722857
0.788132	0.723663
0.788132	0.722857
0.788132	0.722857
0.788132	0.722857
0.788132	0.722857
0.788132	0.722857
0.788132	0.722857
0.788132	0.723663
0.788132	0.722857
0.788132	0.722857
0.788132	0.722857
0.788132	0.722857
0.788132	0.722857
0.788132	0.722857
0.788132	0.723663
0.788132	0.722857
0.788132	0.722857
0.788132	0.722857
0.788132	0.722857
0.788132	0.722857
0.788132	0.722857
0.788132	0.722857
0.788132	0.722857
0.788132	0.722857
0.788132	0.722857
0.788132	0.722857
0.788132	0.722857
0.788132	0.722857
0.788132	0.723663
0.788132	0.722857
0.788132	0.723663
0.788132	0.723663
0.788132	0.722857
0.788132	0.722857
0.787326	0.722857
0.788132	0.722857
0.788132	0.722857
0.788132	0.722857
0.788132	0.723663
0.788132	0.722857
0.788132	0.722857
0.788132	0.722857
0.788132	0.722857
0.788132	0.722857
0.788132	0.722857
0.788132	0.722857
0.788132	0.722857
0.788132	0.722857
0.788132	0.722857
0.788132	0.722857
0.788132	0.722857
0.788132	0.722857
0.788132	0.722857
0.788132	0.722857
0.788132	0.722857
0.788132	0.722857
0.788132	0.723663
0.788132	0.722857
0.788132	0.723663
0.788132	0.722857
0.788132	0.722857
0.788132	0.722857
0.788132	0.722857
0.788132	0.722857
0.788132	0.722857
0.788132	0.722857
0.788132	0.722857
0.788132	0.722857
0.788132	0.722857
0.788132	0.723663
0.788132	0.722857
0.788132	0.722857
0.788132	0.722857
0.788132	0.722857
0.788132	0.722857
0.788132	0.722857
0.788132	0.722857
0.788132	0.722857
0.788132	0.722857
0.788132	0.722857
0.788132	0.722857
0.788132	0.722857
0.788132	0.722857
0.788132	0.722857
0.788132	0.722857
0.788132	0.722857
0.788132	0.722857
0.788132	0.723663
0.788132	0.722857
0.788132	0.722857
0.788132	0.723663
0.788132	0.723663
0.788132	0.722857
0.788132	0.722857
0.788132	0.722857
0.788132	0.723663
0.788132	0.722857
0.788132	0.722857
0.788132	0.722857
0.788132	0.722857
0.788132	0.722857
0.788132	0.722857
0.788132	0.722857
0.788132	0.722857
0.788132	0.722857
0.788132	0.722857
0.788132	0.722857
0.788132	0.722857
0.788132	0.722857
0.788132	0.722857
0.788132	0.722857
0.788132	0.722857
0.788132	0.722857
0.788132	0.722857
0.788132	0.722857
0.788132	0.722857
0.788132	0.722857
0.788132	0.722857
0.788132	0.722857
0.788132	0.722857
0.788132	0.722857
0.788132	0.722857
0.788132	0.722857
0.788132	0.722857
0.788132	0.722857
0.788132	0.722857
0.788132	0.722857
0.788132	0.722857
0.788132	0.722857
0.788132	0.722857
0.788132	0.722857
0.788132	0.722857
0.788132	0.722857
0.788132	0.722857
0.788132	0.722857
0.788132	0.722857
0.788132	0.722857
0.788132	0.722857
0.788132	0.722857
0.788132	0.722857
0.788132	0.722857
0.788132	0.722857
0.788132	0.722857
0.788132	0.722857
0.788132	0.722857
0.788132	0.722857
0.788132	0.722857
0.788132	0.722857
0.788132	0.722857
0.788132	0.722857
0.788132	0.722857
0.788132	0.722857
0.788132	0.722857
0.788132	0.722857
0.788132	0.722857
0.788132	0.722857
0.788132	0.722857
0.788132	0.722857
0.788132	0.722857
0.788132	0.722857
0.788132	0.722857
0.788132	0.722857
0.788132	0.722857
0.788132	0.722857
0.788132	0.722857
0.788132	0.722857
0.788132	0.722857
0.788132	0.722857
0.788132	0.722857
0.788132	0.722857
0.788132	0.722857
0.788132	0.722857
0.788132	0.722857
0.788132	0.722857
0.788132	0.722857
0.788132	0.722857
0.788132	0.722857
0.788132	0.722857
0.788132	0.722857
0.788132	0.722857
0.788132	0.722857
0.788132	0.722857
0.788132	0.722857
0.788132	0.722857
0.788132	0.722857
0.788132	0.722857
0.788132	0.722857
0.788132	0.722857
0.788132	0.722857
0.788132	0.722857
0.788132	0.722857
0.788132	0.722857
0.788132	0.722857
0.788132	0.722857
0.788132	0.722857
0.788132	0.722857
0.788132	0.722857
