0	0
0	0
0	0
0	0
0	0
0	0
0	0
0	0
0	0
0	0
0	0
0	0
0	0
0	0
0	0
0	0
0	0
0	0
0	0
0	0
0	0
0	0
0	0
0	0
0	0
0	0
0	0
0	0
0	0
0	0
0	0
0	0
0	0
0	0
0	0
0	0
0	0
0	0
0	0
0	0
0	0
0	0
0	0
0	0
0	0
0	0
0	0
0	0
0	0
0	0
0	0
0	0
0	0
0	0
0	0
0	0
0	0
0	0
0	0
0	0
0	0
0	0
0	0
0	0
0	0
0	0
0	0
0	0
0	0
0	0
0	0
0	0
0	0
0	0
0	0
0	0
0	0
0	0
0	0
0	0
0	0
0	0
0	0
0	0
0	0
0	0
0	0
0	0
0	0
0	0
0	0
0	0
0	0
0	0
0	0
0	0
0	0
0	0
0	0
0	0
0	0
0	0
0	0
0	0
0	0
0	0
0	0
0	0
0	0
0	0
0	0
0	0
0	0
0	0
0	0
0	0
0	0
0	0
0	0
0	0
0	0
0	0
0	0
0	0
0	0
0	0
0	0
0	0
0	0
0	0
0	0
0	0
0	0
0	0
0	0
0	0
0	0
0	0
0	0
0	0
0	0
0	0
0	0
0	0
0	0
0	0
0	0
0	0
0	0
0	0
0	0
0	0
0	0
0	0
0	0
0	0
0	0
0	0
0	0
0	0
0	0
0	0
0	0
0	0
0	0
0	0
0	0
0	0
0	0
0	0
0	0
0	0
0	0
0	0
0	0
0	0
0	0
0	0
0	0
0	0
0	0
0	0
0	0
0	0
0	0
0	0
0.767179	0.742198
0.767179	0.742198
0.767179	0.742198
0.767179	0.742198
0.767179	0.742198
0.767179	0.742198
0.767179	0.741392
0.767179	0.741392
0.767179	0.742198
0.767179	0.742198
0.767179	0.742198
0.767179	0.741392
0.767179	0.741392
0.767179	0.741392
0.767179	0.742198
0.767179	0.742198
0.767179	0.741392
0.767179	0.741392
0.767179	0.741392
0.767179	0.742198
0.767179	0.741392
0.767179	0.741392
0.767179	0.742198
0.767179	0.742198
0.767179	0.742198
0.767179	0.742198
0.767179	0.741392
0.767179	0.741392
0.767179	0.741392
0.767179	0.741392
0.767179	0.741392
0.767179	0.742198
0.767179	0.741392
0.767179	0.741392
0.767179	0.741392
0.767179	0.742198
0.767179	0.741392
0.767179	0.742198
0.767179	0.742198
0.767179	0.741392
0.767179	0.741392
0.767179	0.741392
0.767179	0.742198
0.767179	0.742198
0.767179	0.742198
0.767179	0.741392
0.767179	0.741392
0.767179	0.741392
0.767179	0.741392
0.767179	0.741392
0.767179	0.741392
0.767179	0.741392
0.767179	0.741392
0.767179	0.742198
0.767179	0.742198
0.767179	0.741392
0.767179	0.741392
0.767179	0.741392
0.767179	0.741392
0.767179	0.742198
0.767179	0.741392
0.767179	0.741392
0.767179	0.742198
0.767179	0.741392
0.767179	0.741392
0.767179	0.741392
0.767179	0.742198
0.767179	0.742198
0.767179	0.742198
0.767179	0.741392
0.767179	0.741392
0.767179	0.741392
0.767179	0.741392
0.767179	0.742198
0.767179	0.741392
0.767179	0.741392
0.767179	0.741392
0.767179	0.742198
0.767179	0.742198
0.767179	0.741392
0.767179	0.741392
0.767179	0.742198
0.767179	0.742198
0.767179	0.741392
0.767179	0.741392
0.767179	0.741392
0.767179	0.741392
0.767179	0.741392
0.767179	0.741392
0.767179	0.741392
0.767179	0.742198
0.767179	0.741392
0.767179	0.742198
0.767179	0.742198
0.767179	0.741392
0.767179	0.741392
0.767179	0.741392
0.767179	0.742198
0.767179	0.742198
0.767179	0.741392
0.767179	0.742198
0.767179	0.741392
0.767179	0.741392
0.767179	0.741392
0.767179	0.741392
0.767179	0.741392
0.767179	0.741392
0.767179	0.741392
0.767179	0.742198
0.767179	0.742198
0.767179	0.742198
0.767179	0.741392
0.767179	0.741392
0.767179	0.741392
0.767179	0.741392
0.767179	0.741392
0.767179	0.741392
0.767179	0.742198
0.767179	0.741392
0.767179	0.741392
0.767179	0.741392
0.767179	0.742198
0.767179	0.742198
0.767179	0.741392
0.767179	0.742198
0.767179	0.741392
0.767179	0.742198
0.767179	0.742198
0.767179	0.741392
0.767179	0.741392
0.767179	0.742198
0.767179	0.742198
0.767179	0.741392
0.767179	0.742198
0.767179	0.742198
0.767179	0.741392
0.767179	0.741392
0.767179	0.741392
0.767179	0.742198
0.767179	0.741392
0.767179	0.741392
0.767179	0.742198
0.767179	0.741392
0.767179	0.742198
0.767179	0.741392
0.767179	0.741392
0.767179	0.742198
0.767179	0.742198
0.767179	0.741392
0.767179	0.742198
0.767179	0.742198
0.767179	0.742198
0.767179	0.742198
0.767179	0.742198
0.767179	0.741392
0.767179	0.741392
0.767179	0.741392
0.767179	0.742198
0.767179	0.741392
0.767179	0.741392
0.767179	0.741392
0.767179	0.741392
0.767179	0.742198
0.767179	0.742198
0.767179	0.742198
0.767179	0.741392
0.767179	0.742198
0.767179	0.741392
0.767179	0.741392
0.767179	0.742198
0.767179	0.742198
0.767179	0.742198
0.767179	0.741392
0.767179	0.741392
0.767179	0.742198
0.767179	0.742198
0.767179	0.741392
0.767179	0.742198
0.767179	0.742198
0.767179	0.741392
0.767179	0.742198
0.767179	0.741392
0.767179	0.742198
0.767179	0.741392
0.767179	0.742198
0.767179	0.741392
0.767179	0.741392
0.767179	0.741392
0.767179	0.742198
0.767179	0.741392
0.767179	0.742198
0.767179	0.741392
0.767179	0.741392
0.767179	0.742198
0.767179	0.742198
0.767179	0.742198
0.767179	0.741392
0.767179	0.742198
0.767179	0.742198
0.767179	0.741392
0.767179	0.741392
0.767179	0.742198
0.767179	0.741392
0.767179	0.742198
0.767179	0.742198
0.767179	0.741392
0.767179	0.741392
0.767179	0.741392
0.767179	0.741392
0.767179	0.742198
0.767179	0.741392
0.767179	0.741392
0.767179	0.741392
0.767179	0.742198
0.767179	0.742198
0.767179	0.741392
0.767179	0.742198
0.767179	0.741392
0.767179	0.742198
0.767179	0.741392
0.767179	0.741392
0.767179	0.742198
0.767179	0.741392
0.767179	0.741392
0.767179	0.741392
0.767179	0.741392
0.767179	0.741392
0.767179	0.741392
0.767179	0.741392
0.767179	0.742198
0.767179	0.741392
0.767179	0.741392
0.767179	0.741392
0.767179	0.741392
0.767179	0.741392
0.767179	0.741392
0.767179	0.741392
0.767179	0.741392
0.767179	0.741392
0.767179	0.741392
0.767179	0.741392
0.767179	0.741392
0.767985	0.741392
0.767179	0.741392
0.767179	0.741392
0.767179	0.742198
0.767179	0.742198
0.767179	0.742198
0.767179	0.741392
0.767179	0.741392
0.767179	0.741392
0.767179	0.741392
0.767179	0.741392
0.767179	0.741392
0.767985	0.742198
0.767179	0.742198
0.767179	0.741392
0.767179	0.742198
0.767179	0.742198
0.767179	0.742198
0.767179	0.742198
0.767179	0.742198
0.767179	0.741392
0.767179	0.741392
0.767179	0.741392
0.767179	0.741392
0.767179	0.741392
0.767179	0.742198
0.767179	0.741392
0.767179	0.742198
0.767179	0.742198
0.767179	0.742198
0.767179	0.741392
0.767179	0.741392
0.767179	0.741392
0.767179	0.742198
0.767179	0.742198
0.767179	0.741392
0.767179	0.741392
0.767179	0.741392
0.767985	0.741392
0.767179	0.741392
0.767179	0.741392
0.767179	0.742198
0.767179	0.742198
0.767179	0.741392
0.767179	0.742198
0.767985	0.742198
0.767179	0.741392
0.767179	0.742198
0.767179	0.742198
0.767179	0.741392
0.767179	0.741392
0.767179	0.742198
0.767179	0.742198
0.767179	0.741392
0.767179	0.741392
0.767179	0.741392
0.767179	0.741392
0.767179	0.741392
0.767179	0.741392
0.767179	0.741392
0.767985	0.741392
0.767179	0.741392
0.767179	0.742198
0.767179	0.742198
0.767179	0.742198
0.767179	0.742198
0.767179	0.742198
0.767179	0.741392
0.767179	0.741392
0.767179	0.741392
0.767179	0.741392
0.767179	0.741392
0.767179	0.741392
0.767179	0.742198
0.767179	0.741392
0.767179	0.742198
0.767179	0.741392
0.767179	0.741392
0.767179	0.742198
0.767179	0.741392
0.767985	0.741392
0.767179	0.742198
0.767179	0.742198
0.767179	0.741392
0.767179	0.741392
0.767179	0.742198
0.767179	0.742198
0.767179	0.742198
0.767179	0.741392
0.767179	0.742198
0.767179	0.741392
0.767179	0.741392
0.767179	0.741392
0.767179	0.742198
0.767179	0.742198
0.767985	0.742198
0.767179	0.742198
0.767179	0.742198
0.767179	0.742198
0.767179	0.741392
0.767179	0.742198
0.767179	0.741392
0.767179	0.741392
0.767179	0.741392
0.767179	0.741392
0.767179	0.742198
0.767179	0.742198
0.767179	0.742198
0.767179	0.741392
0.767179	0.741392
0.767179	0.741392
0.767179	0.742198
0.767179	0.742198
0.767179	0.741392
0.767179	0.742198
0.767179	0.742198
0.767179	0.742198
0.767179	0.741392
0.767179	0.741392
0.767179	0.741392
0.767179	0.741392
0.767179	0.741392
0.767179	0.741392
0.767179	0.741392
0.767179	0.741392
0.767179	0.742198
0.767179	0.741392
0.767179	0.742198
0.767179	0.742198
0.767179	0.742198
0.767179	0.742198
0.767179	0.741392
0.767179	0.742198
0.767179	0.742198
0.767179	0.742198
0.767179	0.741392
0.767179	0.741392
0.767179	0.741392
0.767179	0.742198
0.767179	0.742198
0.767179	0.741392
0.767179	0.741392
0.767179	0.742198
0.767179	0.741392
0.767179	0.741392
0.767179	0.742198
0.767179	0.741392
0.767179	0.741392
0.767179	0.741392
0.767179	0.742198
0.767179	0.741392
0.767179	0.741392
0.767179	0.741392
0.767179	0.741392
0.767179	0.741392
0.767179	0.742198
0.767179	0.741392
0.767179	0.742198
0.767179	0.742198
0.767179	0.741392
0.767179	0.741392
0.767179	0.741392
0.767179	0.742198
0.767179	0.742198
0.767179	0.741392
0.767179	0.741392
0.767179	0.741392
0.767179	0.742198
0.767179	0.741392
0.767179	0.741392
0.767985	0.741392
0.767179	0.742198
0.767179	0.742198
0.767179	0.741392
0.767179	0.742198
0.767179	0.742198
0.767179	0.741392
0.767179	0.741392
0.767179	0.741392
0.767179	0.741392
0.767179	0.742198
0.767179	0.741392
0.767179	0.741392
0.767179	0.741392
0.767179	0.742198
0.767179	0.742198
0.767179	0.742198
0.767179	0.742198
0.767179	0.741392
0.767179	0.741392
0.767179	0.742198
0.767179	0.742198
0.767179	0.741392
0.767179	0.741392
0.767179	0.742198
0.767179	0.742198
0.767179	0.741392
0.767179	0.742198
0.767179	0.742198
0.767179	0.741392
0.767179	0.741392
0.767179	0.742198
0.767179	0.742198
0.767179	0.741392
0.767179	0.742198
0.767179	0.742198
0.767179	0.742198
0.767179	0.741392
0.767179	0.742198
0.767179	0.742198
0.767179	0.741392
0.767179	0.741392
0.767179	0.741392
0.767179	0.741392
0.767179	0.741392
0.767179	0.741392
0.767179	0.741392
0.767179	0.741392
0.767179	0.741392
0.767179	0.741392
0.767179	0.741392
0.767179	0.741392
0.767179	0.741392
0.767179	0.741392
0.767179	0.742198
0.767179	0.742198
0.767179	0.742198
0.767179	0.741392
0.767179	0.741392
0.767179	0.741392
0.767985	0.742198
0.767179	0.741392
0.767179	0.742198
0.767179	0.742198
0.767179	0.741392
0.767179	0.741392
0.767179	0.741392
0.767179	0.741392
0.767179	0.742198
0.767179	0.741392
0.767179	0.741392
0.767179	0.742198
0.767179	0.742198
0.767985	0.741392
0.767179	0.742198
0.767179	0.741392
0.767179	0.741392
0.767179	0.742198
0.767179	0.741392
0.767179	0.742198
0.767179	0.742198
0.767179	0.741392
0.767179	0.741392
0.767179	0.742198
0.767179	0.742198
0.767179	0.742198
0.767179	0.741392
0.767179	0.742198
0.767179	0.742198
0.767179	0.742198
0.767179	0.741392
0.767179	0.742198
0.767179	0.742198
0.767179	0.741392
0.767179	0.741392
0.767179	0.741392
0.767179	0.741392
0.767179	0.741392
0.767179	0.741392
0.767179	0.742198
0.767179	0.741392
0.767179	0.742198
0.767179	0.742198
0.767179	0.742198
0.767179	0.741392
0.767179	0.741392
0.767179	0.741392
0.767179	0.741392
0.767179	0.741392
0.767179	0.741392
0.767179	0.741392
0.767179	0.742198
0.767179	0.742198
0.767179	0.741392
0.767179	0.741392
0.767179	0.742198
0.767179	0.741392
0.767179	0.742198
0.767179	0.742198
0.767179	0.741392
0.767179	0.742198
0.767179	0.742198
0.767179	0.741392
0.767179	0.742198
0.767179	0.742198
0.767179	0.742198
0.767179	0.742198
0.767179	0.742198
0.767179	0.742198
0.767179	0.741392
0.767179	0.742198
0.767179	0.741392
0.767179	0.741392
0.767179	0.742198
0.767179	0.741392
0.767179	0.741392
0.767179	0.742198
0.767179	0.741392
0.767179	0.742198
0.767179	0.742198
0.767179	0.742198
0.767179	0.741392
0.767179	0.741392
0.767179	0.741392
0.767179	0.741392
0.767179	0.741392
0.767179	0.741392
0.767179	0.742198
0.767179	0.742198
0.767179	0.742198
0.767179	0.742198
0.767179	0.741392
0.767179	0.741392
0.767179	0.741392
0.767179	0.742198
0.767985	0.742198
0.767179	0.742198
0.767179	0.741392
0.767179	0.742198
0.767179	0.742198
0.767179	0.741392
0.767179	0.742198
0.767179	0.742198
0.767985	0.742198
0.767179	0.742198
0.767179	0.741392
0.767179	0.742198
0.767179	0.741392
0.767179	0.742198
0.767179	0.742198
0.767179	0.741392
0.767179	0.742198
0.767179	0.742198
0.767179	0.742198
0.767179	0.742198
0.767179	0.742198
0.767179	0.741392
0.767179	0.741392
0.767179	0.741392
0.767179	0.742198
0.767179	0.742198
0.767179	0.741392
0.767179	0.742198
0.767179	0.741392
0.767179	0.741392
0.767179	0.741392
0.767179	0.741392
0.767179	0.741392
0.767179	0.742198
0.767179	0.741392
0.767179	0.742198
0.767179	0.741392
0.767179	0.742198
0.767179	0.741392
0.767179	0.742198
0.767179	0.742198
0.767179	0.741392
0.767179	0.741392
0.767179	0.741392
0.767179	0.741392
0.767179	0.742198
0.767179	0.742198
0.767179	0.742198
0.767179	0.742198
0.767179	0.741392
0.767179	0.741392
0.767179	0.742198
0.767179	0.741392
0.767179	0.741392
0.767179	0.741392
0.767179	0.741392
0.767179	0.741392
0.767179	0.741392
0.767179	0.741392
0.767179	0.741392
0.767179	0.742198
0.767179	0.741392
0.767179	0.741392
0.767179	0.741392
0.767179	0.741392
0.767179	0.741392
0.767179	0.742198
0.767179	0.741392
0.767179	0.741392
0.767179	0.742198
0.767179	0.741392
0.767179	0.741392
0.767179	0.741392
0.767179	0.742198
0.767179	0.741392
0.767179	0.742198
0.767179	0.742198
0.767179	0.741392
0.767179	0.741392
0.767179	0.741392
0.767179	0.741392
0.767179	0.741392
0.767179	0.741392
0.766374	0.742198
0.766374	0.741392
0.766374	0.741392
0.767179	0.741392
0.766374	0.741392
0.766374	0.741392
0.766374	0.742198
0.766374	0.741392
0.766374	0.742198
0.766374	0.741392
0.766374	0.741392
0.766374	0.741392
0.766374	0.741392
0.766374	0.741392
0.766374	0.741392
0.766374	0.741392
0.766374	0.741392
0.766374	0.742198
0.766374	0.742198
0.765568	0.741392
0.766374	0.741392
0.766374	0.742198
0.766374	0.741392
0.765568	0.741392
0.765568	0.741392
0.765568	0.741392
0.765568	0.741392
0.766374	0.742198
0.765568	0.741392
0.765568	0.742198
0.765568	0.742198
0.765568	0.741392
0.765568	0.742198
0.765568	0.741392
0.765568	0.741392
0.765568	0.741392
0.765568	0.741392
0.765568	0.741392
0.765568	0.742198
0.765568	0.741392
0.765568	0.741392
0.765568	0.741392
0.765568	0.741392
0.765568	0.742198
0.765568	0.742198
0.765568	0.742198
0.765568	0.742198
0.765568	0.742198
0.765568	0.741392
0.765568	0.741392
0.765568	0.741392
0.765568	0.741392
0.765568	0.741392
0.765568	0.742198
0.765568	0.741392
0.765568	0.741392
0.765568	0.741392
0.765568	0.741392
0.765568	0.741392
0.765568	0.741392
0.765568	0.741392
0.765568	0.741392
0.765568	0.741392
0.765568	0.741392
0.765568	0.741392
0.765568	0.741392
0.765568	0.741392
0.765568	0.741392
0.765568	0.741392
0.765568	0.741392
0.765568	0.741392
0.765568	0.741392
0.765568	0.741392
0.765568	0.741392
0.765568	0.741392
0.765568	0.741392
0.765568	0.741392
0.765568	0.741392
0.765568	0.741392
0.765568	0.741392
0.764762	0.741392
0.765568	0.741392
0.765568	0.741392
0.765568	0.741392
0.765568	0.741392
0.765568	0.741392
0.765568	0.741392
0.765568	0.741392
0.765568	0.742198
0.765568	0.741392
0.765568	0.741392
0.765568	0.741392
0.765568	0.741392
0.765568	0.741392
0.765568	0.741392
0.765568	0.741392
0.765568	0.741392
0.765568	0.741392
0.765568	0.741392
0.765568	0.741392
0.765568	0.741392
0.765568	0.741392
0.765568	0.741392
0.765568	0.741392
0.765568	0.741392
0.765568	0.741392
0.765568	0.741392
0.765568	0.741392
0.765568	0.741392
0.765568	0.741392
0.765568	0.741392
0.765568	0.741392
0.765568	0.741392
0.765568	0.741392
0.765568	0.741392
0.765568	0.741392
0.765568	0.741392
0.765568	0.741392
0.765568	0.741392
0.765568	0.741392
0.765568	0.741392
0.765568	0.741392
0.765568	0.741392
0.765568	0.741392
0.765568	0.741392
0.765568	0.741392
0.765568	0.741392
0.765568	0.741392
0.765568	0.741392
0.765568	0.741392
0.766374	0.741392
0.765568	0.741392
0.765568	0.741392
0.765568	0.741392
0.765568	0.741392
0.765568	0.741392
0.765568	0.741392
0.766374	0.741392
0.765568	0.741392
0.765568	0.741392
0.765568	0.741392
0.765568	0.741392
0.765568	0.741392
0.766374	0.741392
0.765568	0.741392
0.765568	0.741392
0.765568	0.741392
0.765568	0.741392
0.765568	0.741392
0.766374	0.741392
0.766374	0.741392
0.766374	0.741392
0.766374	0.741392
0.766374	0.741392
0.766374	0.741392
0.766374	0.741392
0.766374	0.741392
0.766374	0.741392
0.766374	0.741392
0.766374	0.741392
0.766374	0.741392
0.766374	0.741392
0.766374	0.741392
0.766374	0.741392
0.766374	0.741392
0.766374	0.741392
0.766374	0.741392
0.766374	0.741392
0.766374	0.741392
0.766374	0.741392
0.766374	0.741392
0.766374	0.741392
0.766374	0.741392
0.766374	0.741392
0.766374	0.741392
0.766374	0.741392
0.766374	0.741392
0.766374	0.741392
0.766374	0.741392
0.766374	0.741392
0.766374	0.741392
0.766374	0.741392
0.766374	0.741392
0.766374	0.741392
0.766374	0.741392
0.766374	0.741392
0.766374	0.741392
0.766374	0.741392
0.766374	0.741392
0.766374	0.741392
0.766374	0.741392
0.767179	0.741392
0.767179	0.741392
0.767179	0.741392
0.767985	0.741392
0.767985	0.741392
0.767985	0.741392
0.767985	0.741392
0.768791	0.741392
0.768791	0.741392
0.768791	0.741392
0.769597	0.741392
0.769597	0.741392
0.769597	0.742198
0.770403	0.742198
0.770403	0.742198
0.770403	0.742198
0.770403	0.742198
0.770403	0.742198
0.771209	0.742198
0.771209	0.742198
0.771209	0.742198
0.771209	0.742198
0.771209	0.742198
0.771209	0.743004
0.771209	0.743004
0.772015	0.743004
0.772015	0.743004
0.772015	0.743004
0.772821	0.743004
0.772821	0.74381
0.772821	0.74381
0.772821	0.74381
0.772821	0.74381
0.772821	0.74381
0.772821	0.74381
0.772821	0.74381
0.772821	0.74381
0.772821	0.74381
0.772821	0.74381
0.772821	0.74381
0.772821	0.744615
0.772821	0.744615
0.773626	0.744615
0.772821	0.744615
0.772821	0.74381
0.772821	0.744615
0.772821	0.744615
0.773626	0.744615
0.773626	0.744615
0.773626	0.744615
0.774432	0.744615
0.774432	0.744615
0.773626	0.744615
0.773626	0.744615
0.773626	0.744615
0.773626	0.744615
0.774432	0.745421
0.773626	0.745421
0.773626	0.744615
0.773626	0.744615
0.773626	0.744615
0.773626	0.744615
0.773626	0.744615
0.773626	0.744615
0.773626	0.744615
0.773626	0.744615
0.773626	0.744615
0.773626	0.744615
0.773626	0.744615
0.773626	0.744615
0.773626	0.744615
0.773626	0.744615
0.773626	0.744615
0.773626	0.744615
0.773626	0.744615
0.773626	0.744615
0.773626	0.744615
0.773626	0.744615
0.773626	0.744615
0.774432	0.744615
0.773626	0.744615
0.773626	0.744615
0.773626	0.744615
0.774432	0.744615
0.774432	0.744615
0.773626	0.744615
0.774432	0.744615
0.773626	0.744615
0.774432	0.744615
0.774432	0.744615
0.774432	0.744615
0.774432	0.744615
0.774432	0.744615
0.774432	0.74381
0.774432	0.74381
0.774432	0.744615
0.774432	0.74381
0.774432	0.74381
0.774432	0.74381
0.774432	0.74381
0.774432	0.74381
0.774432	0.74381
0.774432	0.74381
0.774432	0.74381
0.774432	0.74381
0.774432	0.74381
0.774432	0.74381
0.774432	0.74381
0.774432	0.74381
0.774432	0.74381
0.774432	0.74381
0.774432	0.74381
0.774432	0.74381
0.774432	0.74381
0.774432	0.74381
0.774432	0.74381
0.774432	0.74381
0.774432	0.74381
0.774432	0.74381
0.774432	0.74381
0.774432	0.74381
0.774432	0.74381
0.774432	0.74381
0.774432	0.74381
0.774432	0.74381
0.774432	0.74381
0.775238	0.74381
0.775238	0.74381
0.775238	0.74381
0.775238	0.74381
0.776044	0.74381
0.776044	0.74381
0.776044	0.74381
0.776044	0.74381
0.776044	0.74381
0.776044	0.74381
0.776044	0.74381
0.77685	0.74381
0.77685	0.744615
0.77685	0.744615
0.77685	0.744615
0.77685	0.744615
0.777656	0.744615
0.777656	0.744615
0.777656	0.744615
0.777656	0.744615
0.778462	0.744615
0.778462	0.744615
0.778462	0.744615
0.779267	0.744615
0.779267	0.744615
0.779267	0.745421
0.780073	0.745421
0.780073	0.745421
0.780879	0.745421
0.780879	0.745421
0.781685	0.744615
0.781685	0.744615
0.781685	0.744615
0.781685	0.744615
0.781685	0.744615
0.781685	0.744615
0.781685	0.74381
0.781685	0.74381
0.781685	0.74381
0.781685	0.74381
0.781685	0.74381
0.781685	0.74381
0.781685	0.74381
0.781685	0.74381
0.781685	0.74381
0.781685	0.74381
0.781685	0.74381
0.781685	0.74381
0.781685	0.74381
0.781685	0.74381
0.781685	0.74381
0.781685	0.74381
0.781685	0.74381
0.781685	0.74381
0.781685	0.74381
0.781685	0.74381
0.780879	0.74381
0.781685	0.743004
0.781685	0.74381
0.781685	0.743004
0.780879	0.74381
0.780879	0.743004
0.780879	0.743004
0.780879	0.742198
0.780073	0.742198
0.780073	0.741392
0.780073	0.741392
0.780073	0.741392
0.779267	0.741392
0.779267	0.741392
0.778462	0.741392
0.77685	0.740586
0.775238	0.740586
0.773626	0.740586
0.772821	0.73978
0.772015	0.73978
0.771209	0.73978
0.769597	0.73978
0.767985	0.738168
0.766374	0.736557
0.765568	0.734945
0.764762	0.734139
0.763956	0.732527
0.76315	0.732527
0.762344	0.731722
0.761538	0.731722
0.760733	0.730916
0.759927	0.730916
0.759927	0.73011
0.759927	0.73011
0.759121	0.73011
0.759121	0.73011
0.759121	0.73011
0.758315	0.73011
0.757509	0.73011
0.756703	0.729304
0.756703	0.729304
0.755897	0.729304
0.751868	0.728498
0.751868	0.728498
0.751062	0.728498
0.750256	0.726886
0.749451	0.726886
0.748645	0.726081
0.747033	0.725275
0.746227	0.724469
0.746227	0.724469
0.744615	0.723663
0.744615	0.723663
0.744615	0.723663
0.74381	0.722857
0.743004	0.722857
0.742198	0.722857
0.742198	0.722857
0.741392	0.722857
0.740586	0.722051
0.73978	0.722051
0.73978	0.722051
0.738974	0.721245
0.737363	0.721245
0.736557	0.72044
0.735751	0.72044
0.734945	0.719634
0.734139	0.719634
0.732527	0.718828
0.732527	0.718828
0.731722	0.718022
0.731722	0.718022
0.731722	0.718022
0.730916	0.718022
0.730916	0.717216
0.730916	0.717216
0.73011	0.717216
0.73011	0.717216
0.73011	0.71641
0.73011	0.71641
0.73011	0.71641
0.73011	0.71641
0.73011	0.71641
0.73011	0.71641
0.729304	0.71641
0.729304	0.715604
0.729304	0.715604
0.729304	0.715604
0.728498	0.715604
0.728498	0.715604
0.728498	0.715604
0.728498	0.715604
0.728498	0.715604
0.728498	0.715604
0.728498	0.715604
0.728498	0.715604
0.728498	0.715604
0.728498	0.715604
0.728498	0.715604
0.728498	0.715604
0.728498	0.715604
0.728498	0.715604
0.728498	0.715604
0.728498	0.715604
0.728498	0.715604
0.728498	0.715604
0.728498	0.715604
0.728498	0.715604
0.728498	0.715604
0.728498	0.715604
0.728498	0.715604
0.728498	0.715604
0.728498	0.715604
0.728498	0.714799
0.728498	0.714799
0.727692	0.714799
0.727692	0.714799
0.727692	0.713993
0.727692	0.713993
0.727692	0.713993
0.727692	0.713993
0.727692	0.713187
0.727692	0.713187
0.727692	0.713187
0.727692	0.713187
0.726886	0.713187
0.726886	0.713187
0.726886	0.712381
0.726886	0.712381
0.726886	0.712381
0.726886	0.712381
0.726081	0.712381
0.726081	0.712381
0.725275	0.711575
0.725275	0.712381
0.725275	0.711575
0.725275	0.711575
0.725275	0.711575
0.724469	0.711575
0.724469	0.711575
0.724469	0.712381
0.724469	0.711575
0.724469	0.712381
0.724469	0.711575
0.724469	0.711575
0.724469	0.711575
0.724469	0.711575
0.723663	0.711575
0.723663	0.711575
0.724469	0.711575
0.724469	0.711575
0.724469	0.711575
0.723663	0.711575
0.723663	0.711575
0.723663	0.711575
0.722857	0.711575
0.722857	0.711575
0.722857	0.711575
0.722857	0.711575
0.722857	0.711575
0.722857	0.711575
0.722051	0.711575
0.722051	0.711575
0.722051	0.711575
0.722051	0.711575
0.722051	0.710769
0.722051	0.710769
0.722051	0.710769
0.722051	0.710769
0.722051	0.710769
0.722051	0.710769
0.722051	0.710769
0.722051	0.710769
0.722051	0.710769
0.721245	0.710769
0.721245	0.710769
0.721245	0.710769
0.721245	0.710769
0.721245	0.711575
0.721245	0.710769
0.721245	0.711575
0.72044	0.711575
0.72044	0.711575
0.72044	0.711575
0.72044	0.711575
0.72044	0.711575
0.719634	0.711575
0.719634	0.711575
0.719634	0.711575
0.718828	0.711575
0.718828	0.711575
0.718828	0.711575
0.718828	0.711575
0.718828	0.711575
0.718828	0.711575
0.718022	0.711575
0.718022	0.711575
0.718022	0.710769
0.718022	0.710769
0.718022	0.710769
0.718022	0.710769
0.717216	0.710769
0.717216	0.710769
0.717216	0.710769
0.717216	0.710769
0.717216	0.710769
0.717216	0.710769
0.71641	0.710769
0.71641	0.710769
0.71641	0.709963
0.71641	0.709963
0.71641	0.709963
0.71641	0.709963
0.71641	0.709963
0.715604	0.709963
0.715604	0.709963
0.715604	0.709963
0.715604	0.709158
0.715604	0.709158
0.714799	0.709158
0.714799	0.709158
0.714799	0.708352
0.713993	0.708352
0.713993	0.708352
0.713993	0.708352
0.713993	0.708352
0.713993	0.708352
0.713993	0.708352
0.713993	0.708352
0.713993	0.708352
0.713187	0.708352
0.713187	0.708352
0.713187	0.708352
0.713187	0.707546
0.713187	0.707546
0.712381	0.707546
0.712381	0.707546
0.711575	0.707546
0.711575	0.707546
0.711575	0.707546
0.711575	0.707546
0.710769	0.707546
0.711575	0.707546
0.710769	0.707546
0.710769	0.707546
0.710769	0.707546
0.710769	0.707546
0.710769	0.707546
0.709963	0.707546
0.709963	0.707546
0.709963	0.70674
0.709963	0.70674
0.709963	0.70674
0.709963	0.707546
0.709963	0.707546
0.709963	0.707546
0.709158	0.707546
0.709963	0.70674
0.709963	0.70674
0.709158	0.707546
0.709158	0.707546
0.709158	0.707546
0.709158	0.707546
0.709158	0.70674
0.709158	0.707546
0.709158	0.707546
0.709158	0.707546
0.709158	0.707546
0.709158	0.707546
0.709158	0.707546
0.709158	0.707546
0.709158	0.707546
0.709158	0.707546
0.709158	0.707546
0.709158	0.707546
0.709158	0.707546
0.709158	0.707546
0.709158	0.707546
0.709158	0.707546
0.709158	0.707546
0.709158	0.707546
0.709158	0.707546
0.708352	0.707546
0.708352	0.707546
0.708352	0.70674
0.708352	0.70674
0.708352	0.707546
0.708352	0.70674
0.708352	0.70674
0.708352	0.70674
0.708352	0.70674
0.708352	0.70674
0.708352	0.707546
0.708352	0.70674
0.708352	0.707546
0.708352	0.707546
0.708352	0.707546
0.708352	0.70674
0.708352	0.707546
0.708352	0.707546
0.707546	0.707546
0.707546	0.70674
0.707546	0.707546
0.707546	0.707546
0.707546	0.707546
0.707546	0.707546
0.707546	0.707546
0.707546	0.70674
0.707546	0.70674
0.707546	0.70674
0.707546	0.70674
0.707546	0.70674
0.707546	0.70674
0.707546	0.707546
0.707546	0.70674
0.707546	0.70674
0.707546	0.707546
0.707546	0.70674
0.707546	0.70674
0.707546	0.70674
0.707546	0.707546
0.707546	0.70674
0.707546	0.707546
0.707546	0.70674
0.707546	0.707546
0.707546	0.707546
0.707546	0.70674
0.707546	0.70674
0.707546	0.70674
0.707546	0.70674
0.707546	0.70674
0.707546	0.70674
0.707546	0.70674
0.707546	0.70674
0.707546	0.70674
0.707546	0.70674
0.707546	0.70674
0.707546	0.70674
0.70674	0.70674
0.70674	0.70674
0.70674	0.70674
0.707546	0.70674
0.707546	0.70674
0.70674	0.70674
0.70674	0.70674
0.70674	0.70674
0.70674	0.70674
0.70674	0.70674
0.70674	0.70674
0.70674	0.70674
0.70674	0.70674
0.70674	0.70674
0.70674	0.70674
0.70674	0.70674
0.70674	0.70674
0.70674	0.70674
0.70674	0.70674
0.70674	0.70674
0.70674	0.70674
0.70674	0.70674
0.70674	0.70674
0.70674	0.70674
0.70674	0.70674
0.70674	0.70674
0.70674	0.70674
0.70674	0.70674
0.70674	0.70674
0.70674	0.70674
0.70674	0.70674
0.70674	0.70674
0.70674	0.70674
0.70674	0.70674
0.70674	0.70674
0.70674	0.70674
0.70674	0.70674
0.70674	0.70674
0.70674	0.70674
0.70674	0.70674
0.70674	0.70674
0.70674	0.70674
0.70674	0.70674
0.70674	0.70674
0.70674	0.70674
0.705934	0.70674
0.70674	0.70674
0.70674	0.705934
0.70674	0.70674
0.70674	0.705934
0.705934	0.70674
0.705934	0.70674
0.705934	0.70674
0.705934	0.70674
0.705934	0.70674
0.705934	0.70674
0.705934	0.70674
0.705934	0.70674
0.705934	0.70674
0.705934	0.70674
0.705934	0.70674
0.705934	0.70674
0.705934	0.70674
0.705934	0.70674
0.705934	0.70674
0.705934	0.70674
0.705934	0.70674
0.705934	0.70674
0.705934	0.70674
0.705934	0.70674
0.705934	0.70674
0.705934	0.70674
0.705934	0.70674
0.705934	0.70674
0.705934	0.70674
0.705934	0.70674
0.705934	0.70674
0.705934	0.70674
0.705934	0.70674
0.705934	0.70674
0.705934	0.70674
0.705934	0.70674
0.705934	0.70674
0.705934	0.70674
0.705934	0.70674
0.705934	0.70674
0.705934	0.70674
0.705934	0.70674
0.705934	0.70674
0.705934	0.70674
0.705934	0.70674
0.705934	0.70674
0.705934	0.70674
0.705934	0.70674
0.705934	0.70674
0.705934	0.70674
0.705934	0.70674
0.705934	0.70674
0.705934	0.70674
0.705934	0.70674
0.705934	0.70674
0.705934	0.70674
0.705934	0.70674
0.705934	0.70674
0.705934	0.70674
0.705934	0.70674
0.705934	0.70674
0.705934	0.70674
0.705934	0.70674
0.705934	0.70674
0.705934	0.70674
0.705934	0.707546
0.705934	0.70674
0.705934	0.70674
0.705934	0.70674
0.705934	0.707546
0.705934	0.70674
0.705934	0.707546
0.705934	0.707546
0.705934	0.707546
0.705934	0.707546
0.705934	0.707546
0.705934	0.707546
0.705934	0.707546
0.705934	0.707546
0.705934	0.707546
0.705934	0.707546
0.705934	0.707546
0.705934	0.707546
0.705934	0.707546
0.705934	0.707546
0.705934	0.707546
0.705934	0.707546
0.705934	0.707546
0.70674	0.707546
0.70674	0.707546
0.705934	0.707546
0.70674	0.707546
0.70674	0.707546
0.705934	0.707546
0.70674	0.707546
0.70674	0.707546
0.705934	0.708352
0.70674	0.707546
0.70674	0.707546
0.70674	0.707546
0.705934	0.708352
0.70674	0.708352
0.70674	0.708352
0.705934	0.707546
0.70674	0.708352
0.705934	0.708352
0.70674	0.708352
0.70674	0.708352
0.70674	0.708352
0.70674	0.708352
0.70674	0.708352
0.70674	0.708352
0.70674	0.708352
0.70674	0.708352
0.70674	0.708352
0.70674	0.708352
0.70674	0.708352
0.70674	0.708352
0.70674	0.708352
0.70674	0.708352
0.70674	0.708352
0.70674	0.708352
0.70674	0.708352
0.70674	0.708352
0.70674	0.708352
0.70674	0.708352
0.70674	0.708352
0.70674	0.708352
0.70674	0.708352
0.70674	0.708352
0.70674	0.709158
0.70674	0.709158
0.70674	0.709158
0.70674	0.709158
0.70674	0.709158
0.70674	0.709158
0.70674	0.709158
0.70674	0.709158
0.70674	0.709158
0.70674	0.709158
0.70674	0.709158
0.70674	0.709158
0.70674	0.709158
0.70674	0.709158
0.70674	0.709963
0.70674	0.709158
0.70674	0.709158
0.70674	0.709158
0.70674	0.709963
0.70674	0.709963
0.70674	0.709963
0.70674	0.709963
0.70674	0.709963
0.70674	0.709963
0.70674	0.709963
0.70674	0.709963
0.70674	0.709963
0.70674	0.709963
0.70674	0.709963
0.70674	0.709963
0.70674	0.709963
0.70674	0.709963
0.70674	0.709963
0.70674	0.709158
0.70674	0.709963
0.70674	0.709963
0.70674	0.709963
0.70674	0.709963
0.70674	0.709963
0.70674	0.709158
0.70674	0.709158
0.70674	0.709963
0.70674	0.709963
0.707546	0.709963
0.707546	0.709963
0.707546	0.709963
0.707546	0.709963
0.708352	0.709963
0.708352	0.709963
0.708352	0.709963
0.709158	0.709963
0.709158	0.709963
0.709158	0.709963
0.709963	0.709963
0.709963	0.709963
0.709963	0.710769
0.709963	0.710769
0.710769	0.710769
0.710769	0.710769
0.710769	0.710769
0.710769	0.710769
0.710769	0.710769
0.710769	0.710769
0.712381	0.712381
0.712381	0.713187
0.713187	0.713993
0.713187	0.713993
0.713187	0.713993
0.713187	0.714799
0.713187	0.714799
0.713187	0.714799
0.713993	0.714799
0.713993	0.715604
0.713993	0.715604
0.713993	0.715604
0.713993	0.71641
0.713993	0.71641
0.713993	0.71641
0.714799	0.717216
0.714799	0.717216
0.714799	0.717216
0.714799	0.717216
0.714799	0.717216
0.71641	0.717216
0.717216	0.717216
0.718828	0.718022
0.718828	0.718022
0.719634	0.717216
0.719634	0.717216
0.72044	0.718022
0.721245	0.718828
0.722051	0.719634
0.722051	0.719634
0.722051	0.718828
0.722051	0.718828
0.722051	0.719634
0.722051	0.719634
0.722051	0.719634
0.722051	0.719634
0.722051	0.719634
0.722857	0.719634
0.722857	0.72044
0.722857	0.72044
0.722857	0.72044
0.722857	0.72044
0.723663	0.721245
0.723663	0.721245
0.723663	0.721245
0.723663	0.721245
0.724469	0.721245
0.725275	0.722051
0.726081	0.722857
0.726886	0.722857
0.726886	0.721245
0.726886	0.721245
0.727692	0.722051
0.728498	0.723663
0.728498	0.723663
0.728498	0.723663
0.728498	0.723663
0.728498	0.722857
0.728498	0.722857
0.729304	0.723663
0.729304	0.723663
0.729304	0.723663
0.729304	0.723663
0.73011	0.723663
0.73011	0.723663
0.729304	0.723663
0.729304	0.723663
0.73011	0.723663
0.73011	0.723663
0.730916	0.724469
0.730916	0.724469
0.730916	0.725275
0.731722	0.725275
0.731722	0.725275
0.731722	0.725275
0.732527	0.725275
0.733333	0.726081
0.733333	0.726081
0.733333	0.726081
0.733333	0.726081
0.734139	0.726081
0.734139	0.726081
0.734139	0.726081
0.734139	0.726081
0.734139	0.726886
0.734945	0.726886
0.734945	0.726886
0.734945	0.726886
0.734945	0.726886
0.734945	0.726886
0.735751	0.727692
0.736557	0.727692
0.737363	0.728498
0.738974	0.728498
0.73978	0.729304
0.740586	0.729304
0.741392	0.73011
0.742198	0.73011
0.742198	0.73011
0.743004	0.730916
0.74381	0.730916
0.744615	0.731722
0.745421	0.731722
0.745421	0.732527
0.745421	0.732527
0.746227	0.733333
0.746227	0.733333
0.747033	0.733333
0.747033	0.733333
0.747839	0.734139
0.748645	0.734139
0.748645	0.734139
0.748645	0.734945
0.749451	0.734945
0.749451	0.735751
0.750256	0.735751
0.751062	0.735751
0.752674	0.736557
0.75348	0.737363
0.755092	0.737363
0.755092	0.738168
0.755092	0.737363
0.755092	0.738168
0.755092	0.738168
0.755092	0.738168
0.755092	0.738168
0.755897	0.738974
0.755897	0.738974
0.756703	0.73978
0.756703	0.73978
0.757509	0.740586
0.757509	0.741392
0.758315	0.742198
0.758315	0.742198
0.759927	0.743004
0.759927	0.743004
0.760733	0.743004
0.761538	0.74381
0.761538	0.74381
0.76315	0.745421
0.76315	0.746227
0.763956	0.747033
0.763956	0.747033
0.763956	0.747033
0.764762	0.747033
0.764762	0.747839
0.764762	0.748645
0.764762	0.748645
0.764762	0.748645
0.764762	0.748645
0.764762	0.748645
0.764762	0.748645
0.764762	0.748645
0.764762	0.748645
0.764762	0.748645
0.763956	0.748645
0.763956	0.748645
0.763956	0.748645
0.763956	0.748645
0.763956	0.748645
0.763956	0.748645
0.763956	0.748645
0.763956	0.748645
0.763956	0.748645
0.763956	0.748645
0.763956	0.748645
0.763956	0.748645
0.76315	0.748645
0.76315	0.748645
0.763956	0.748645
0.76315	0.748645
0.76315	0.748645
0.76315	0.748645
0.76315	0.748645
0.76315	0.747839
0.76315	0.748645
0.76315	0.748645
0.76315	0.747839
0.76315	0.747839
0.76315	0.747839
0.762344	0.747839
0.76315	0.747839
0.762344	0.747839
0.762344	0.747839
0.762344	0.747839
0.762344	0.747033
0.762344	0.747033
0.762344	0.747033
0.762344	0.747033
0.762344	0.747033
0.762344	0.747033
0.762344	0.747033
0.762344	0.747033
0.762344	0.747033
0.762344	0.747033
0.761538	0.747033
0.762344	0.747033
0.762344	0.747033
0.761538	0.747033
0.761538	0.747033
0.762344	0.747033
0.762344	0.747033
0.762344	0.747033
0.762344	0.747033
0.762344	0.747033
0.762344	0.747033
0.762344	0.747033
0.761538	0.747033
0.762344	0.747033
0.761538	0.747033
0.761538	0.747033
0.761538	0.747033
0.761538	0.747033
0.762344	0.747033
0.762344	0.747033
0.762344	0.747033
0.762344	0.747033
0.761538	0.747033
0.761538	0.747033
0.761538	0.747033
0.761538	0.747033
0.762344	0.747033
0.762344	0.747033
0.762344	0.747033
0.762344	0.747033
0.762344	0.747033
0.761538	0.747033
0.761538	0.747033
0.761538	0.747033
0.761538	0.747033
0.761538	0.747033
0.761538	0.747033
0.761538	0.747033
0.761538	0.747033
0.760733	0.747033
0.760733	0.747033
0.760733	0.747033
0.760733	0.747033
0.760733	0.747033
0.760733	0.747033
0.760733	0.747033
0.759927	0.747033
0.759927	0.747033
0.759927	0.747033
0.759121	0.747033
0.759121	0.746227
0.758315	0.746227
0.758315	0.746227
0.757509	0.745421
0.757509	0.745421
0.757509	0.745421
0.757509	0.745421
0.757509	0.745421
0.757509	0.745421
0.757509	0.744615
0.757509	0.745421
0.757509	0.744615
0.757509	0.745421
0.757509	0.744615
0.757509	0.745421
0.757509	0.744615
0.757509	0.745421
0.757509	0.745421
0.757509	0.745421
0.757509	0.745421
0.757509	0.744615
0.757509	0.744615
0.757509	0.744615
0.756703	0.744615
0.756703	0.745421
0.756703	0.745421
0.757509	0.744615
0.756703	0.744615
0.756703	0.744615
0.756703	0.744615
0.756703	0.744615
0.756703	0.744615
0.756703	0.744615
0.756703	0.744615
0.756703	0.744615
0.756703	0.744615
0.756703	0.744615
0.756703	0.744615
0.756703	0.74381
0.756703	0.74381
0.756703	0.74381
0.756703	0.74381
0.756703	0.74381
0.756703	0.74381
0.756703	0.74381
0.756703	0.74381
0.755897	0.743004
0.755897	0.743004
0.755897	0.743004
0.755897	0.743004
0.755897	0.743004
0.755897	0.743004
0.755092	0.743004
0.755092	0.743004
0.755092	0.743004
0.755092	0.743004
0.755092	0.743004
0.755092	0.743004
0.755092	0.743004
0.754286	0.743004
0.754286	0.743004
0.754286	0.743004
0.754286	0.743004
0.754286	0.742198
0.75348	0.742198
0.75348	0.742198
0.75348	0.742198
0.75348	0.742198
0.75348	0.742198
0.752674	0.742198
0.752674	0.742198
0.752674	0.742198
0.752674	0.742198
0.752674	0.742198
0.751868	0.742198
0.751868	0.742198
0.751868	0.742198
0.751868	0.742198
0.751868	0.742198
0.751868	0.742198
0.751868	0.742198
0.751868	0.742198
0.751868	0.741392
0.751062	0.741392
0.751062	0.742198
0.751062	0.741392
0.751062	0.742198
0.751062	0.741392
0.751062	0.741392
0.750256	0.741392
0.751062	0.741392
0.750256	0.741392
0.750256	0.741392
0.750256	0.741392
0.750256	0.741392
0.750256	0.741392
0.750256	0.741392
0.750256	0.741392
0.750256	0.741392
0.750256	0.741392
0.749451	0.741392
0.749451	0.741392
0.750256	0.741392
0.749451	0.741392
0.749451	0.741392
0.749451	0.741392
0.749451	0.741392
0.749451	0.741392
0.749451	0.741392
0.749451	0.741392
0.749451	0.741392
0.749451	0.741392
0.748645	0.741392
0.748645	0.741392
0.748645	0.741392
0.748645	0.741392
0.748645	0.741392
0.748645	0.741392
0.748645	0.741392
0.748645	0.741392
0.748645	0.741392
0.748645	0.741392
0.748645	0.741392
0.748645	0.741392
0.748645	0.741392
0.748645	0.741392
0.748645	0.741392
0.748645	0.741392
0.748645	0.741392
0.747839	0.741392
0.747839	0.741392
0.748645	0.741392
0.747839	0.741392
0.748645	0.741392
0.747839	0.741392
0.747839	0.741392
0.748645	0.741392
0.747839	0.741392
0.747839	0.741392
0.747839	0.741392
0.748645	0.741392
0.747839	0.741392
0.747839	0.741392
0.747839	0.741392
0.747839	0.741392
0.747839	0.741392
0.747839	0.741392
0.747839	0.741392
0.747839	0.741392
0.747839	0.741392
0.747839	0.741392
0.747839	0.741392
0.747839	0.741392
0.747839	0.741392
0.747839	0.741392
0.747839	0.741392
0.747839	0.741392
0.747839	0.741392
0.747839	0.741392
0.747839	0.741392
0.747839	0.741392
0.747839	0.741392
0.747839	0.741392
0.747839	0.741392
0.747839	0.741392
0.747839	0.741392
0.747839	0.741392
0.748645	0.741392
0.748645	0.741392
0.748645	0.741392
0.748645	0.741392
0.748645	0.741392
0.748645	0.741392
0.748645	0.741392
0.748645	0.741392
0.748645	0.741392
0.748645	0.741392
0.748645	0.741392
0.748645	0.741392
0.748645	0.741392
0.748645	0.742198
0.748645	0.741392
0.748645	0.741392
0.748645	0.742198
0.748645	0.742198
0.749451	0.742198
0.749451	0.742198
0.749451	0.742198
0.749451	0.742198
0.749451	0.742198
0.749451	0.742198
0.749451	0.742198
0.750256	0.742198
0.751062	0.743004
0.751062	0.743004
0.751868	0.743004
0.751868	0.74381
0.751868	0.74381
0.752674	0.743004
0.752674	0.743004
0.752674	0.743004
0.752674	0.743004
0.75348	0.743004
0.75348	0.743004
0.75348	0.743004
0.75348	0.743004
0.75348	0.742198
0.754286	0.742198
0.754286	0.743004
0.754286	0.743004
0.754286	0.743004
0.755092	0.743004
0.755092	0.743004
0.755897	0.743004
0.755897	0.742198
0.755897	0.743004
0.755897	0.743004
0.755897	0.742198
0.755897	0.743004
0.756703	0.743004
0.756703	0.743004
0.756703	0.743004
0.756703	0.743004
0.756703	0.743004
0.756703	0.743004
0.757509	0.743004
0.757509	0.743004
0.757509	0.743004
0.757509	0.743004
0.757509	0.743004
0.757509	0.743004
0.757509	0.743004
0.757509	0.743004
0.757509	0.743004
0.758315	0.743004
0.758315	0.743004
0.758315	0.742198
0.758315	0.743004
0.758315	0.743004
0.758315	0.742198
0.758315	0.743004
0.759121	0.743004
0.759121	0.743004
0.759121	0.743004
0.759121	0.743004
0.759121	0.743004
0.759121	0.743004
0.759927	0.743004
0.759927	0.743004
0.759927	0.743004
0.759927	0.743004
0.759927	0.743004
0.760733	0.742198
0.759927	0.743004
0.759927	0.743004
0.760733	0.743004
0.760733	0.743004
0.760733	0.743004
0.760733	0.743004
0.761538	0.743004
0.761538	0.743004
0.761538	0.743004
0.761538	0.743004
0.761538	0.743004
0.761538	0.743004
0.762344	0.743004
0.762344	0.743004
0.762344	0.743004
0.762344	0.743004
0.762344	0.743004
0.762344	0.743004
0.762344	0.743004
0.762344	0.743004
0.762344	0.74381
0.762344	0.74381
0.76315	0.743004
0.76315	0.743004
0.76315	0.743004
0.76315	0.743004
0.76315	0.743004
0.76315	0.743004
0.76315	0.743004
0.76315	0.743004
0.76315	0.743004
0.763956	0.74381
0.763956	0.74381
0.763956	0.74381
0.763956	0.74381
0.763956	0.743004
0.763956	0.74381
0.763956	0.74381
0.763956	0.74381
0.763956	0.74381
0.763956	0.74381
0.763956	0.74381
0.764762	0.74381
0.763956	0.74381
0.763956	0.74381
0.763956	0.74381
0.764762	0.74381
0.764762	0.74381
0.764762	0.74381
0.764762	0.74381
0.764762	0.74381
0.764762	0.74381
0.764762	0.74381
0.764762	0.74381
0.764762	0.74381
0.764762	0.74381
0.764762	0.74381
0.764762	0.74381
0.764762	0.74381
0.764762	0.74381
0.764762	0.74381
0.764762	0.74381
0.764762	0.74381
0.765568	0.74381
0.765568	0.74381
0.765568	0.74381
0.765568	0.74381
0.765568	0.74381
0.765568	0.74381
0.765568	0.74381
0.765568	0.74381
0.765568	0.74381
0.765568	0.74381
0.765568	0.74381
0.765568	0.74381
0.765568	0.74381
0.765568	0.74381
0.765568	0.74381
0.765568	0.744615
0.765568	0.744615
0.765568	0.744615
0.765568	0.74381
0.765568	0.74381
0.765568	0.744615
0.765568	0.744615
0.765568	0.744615
0.765568	0.744615
0.765568	0.744615
0.765568	0.744615
0.765568	0.744615
0.765568	0.74381
0.765568	0.744615
0.765568	0.74381
0.765568	0.744615
0.765568	0.744615
0.765568	0.744615
0.765568	0.744615
0.765568	0.744615
0.765568	0.744615
0.765568	0.744615
0.765568	0.744615
0.765568	0.744615
0.765568	0.744615
0.764762	0.744615
0.764762	0.744615
0.765568	0.744615
0.765568	0.744615
0.764762	0.744615
0.764762	0.744615
0.764762	0.744615
0.764762	0.744615
0.764762	0.744615
0.764762	0.744615
0.764762	0.744615
0.764762	0.744615
0.764762	0.744615
0.764762	0.744615
0.764762	0.744615
0.764762	0.744615
0.763956	0.744615
0.764762	0.744615
0.764762	0.744615
0.763956	0.744615
0.763956	0.744615
0.763956	0.744615
0.763956	0.744615
0.763956	0.744615
0.763956	0.744615
0.763956	0.744615
0.76315	0.744615
0.76315	0.744615
0.76315	0.744615
0.76315	0.745421
0.76315	0.745421
0.76315	0.745421
0.76315	0.745421
0.76315	0.745421
0.76315	0.745421
0.76315	0.745421
0.76315	0.745421
0.76315	0.744615
0.76315	0.745421
0.762344	0.745421
0.762344	0.745421
0.762344	0.745421
0.762344	0.745421
0.762344	0.745421
0.762344	0.745421
0.762344	0.744615
0.761538	0.744615
0.762344	0.745421
0.762344	0.745421
0.761538	0.744615
0.761538	0.744615
0.761538	0.744615
0.761538	0.745421
0.761538	0.745421
0.761538	0.744615
0.761538	0.744615
0.761538	0.745421
0.761538	0.744615
0.761538	0.744615
0.761538	0.744615
0.761538	0.745421
0.760733	0.745421
0.760733	0.745421
0.760733	0.745421
0.761538	0.744615
0.760733	0.744615
0.760733	0.744615
0.760733	0.745421
0.760733	0.744615
0.760733	0.744615
0.760733	0.745421
0.760733	0.745421
0.760733	0.745421
0.760733	0.744615
0.760733	0.744615
0.760733	0.744615
0.760733	0.744615
0.760733	0.744615
0.760733	0.744615
0.760733	0.744615
0.760733	0.745421
0.760733	0.745421
0.760733	0.744615
0.760733	0.744615
0.759927	0.744615
0.760733	0.744615
0.760733	0.744615
0.759927	0.744615
0.759927	0.744615
0.759927	0.744615
0.760733	0.744615
0.759927	0.744615
0.759927	0.744615
0.759927	0.744615
0.759927	0.744615
0.759927	0.744615
0.759927	0.744615
0.759927	0.744615
0.759927	0.744615
0.759927	0.744615
0.759927	0.744615
0.759927	0.744615
0.759927	0.744615
0.759121	0.744615
0.759121	0.744615
0.759121	0.744615
0.759121	0.744615
0.759121	0.744615
0.759121	0.744615
0.759121	0.744615
0.759121	0.744615
0.759121	0.744615
0.759121	0.744615
0.759121	0.744615
0.759121	0.744615
0.759121	0.744615
0.759121	0.744615
0.759121	0.744615
0.759121	0.744615
0.758315	0.744615
0.758315	0.744615
0.759121	0.744615
0.759121	0.744615
0.758315	0.744615
0.758315	0.744615
0.758315	0.744615
0.758315	0.744615
0.758315	0.744615
0.758315	0.744615
0.758315	0.744615
0.758315	0.744615
0.758315	0.744615
0.758315	0.744615
0.758315	0.744615
0.758315	0.744615
0.758315	0.744615
0.758315	0.744615
0.758315	0.74381
0.758315	0.744615
0.758315	0.744615
0.757509	0.744615
0.758315	0.744615
0.758315	0.744615
0.758315	0.74381
0.758315	0.74381
0.757509	0.744615
0.757509	0.744615
0.757509	0.74381
0.758315	0.744615
0.758315	0.74381
0.758315	0.74381
0.758315	0.744615
0.757509	0.744615
0.757509	0.744615
0.757509	0.744615
0.757509	0.74381
0.757509	0.74381
0.758315	0.74381
0.758315	0.74381
0.757509	0.74381
0.757509	0.74381
0.757509	0.74381
0.757509	0.74381
0.757509	0.74381
0.757509	0.74381
0.757509	0.74381
0.757509	0.74381
0.757509	0.74381
0.758315	0.74381
0.757509	0.74381
0.757509	0.74381
0.758315	0.74381
0.757509	0.74381
0.758315	0.74381
0.757509	0.74381
0.758315	0.74381
0.758315	0.74381
0.758315	0.74381
0.758315	0.74381
0.758315	0.74381
0.757509	0.74381
0.758315	0.74381
0.758315	0.74381
0.758315	0.74381
0.758315	0.74381
0.758315	0.74381
0.758315	0.74381
0.758315	0.74381
0.758315	0.743004
0.758315	0.743004
0.758315	0.74381
0.758315	0.743004
0.758315	0.74381
0.758315	0.743004
0.758315	0.743004
0.758315	0.743004
0.758315	0.743004
0.758315	0.743004
0.758315	0.743004
0.758315	0.743004
0.758315	0.743004
0.758315	0.743004
0.758315	0.743004
0.759121	0.743004
0.758315	0.743004
0.759121	0.743004
0.758315	0.743004
0.759121	0.743004
0.759121	0.743004
0.759121	0.743004
0.759121	0.743004
0.759121	0.743004
0.759121	0.743004
0.759121	0.743004
0.759121	0.743004
0.759121	0.743004
0.759121	0.743004
0.759121	0.743004
0.759121	0.743004
0.759121	0.743004
0.759121	0.742198
0.759121	0.743004
0.759927	0.743004
0.759927	0.742198
0.759927	0.743004
0.759927	0.742198
0.759927	0.743004
0.759927	0.743004
0.759927	0.743004
0.759927	0.742198
0.759927	0.743004
0.759927	0.742198
0.759927	0.742198
0.760733	0.743004
0.760733	0.742198
0.760733	0.742198
0.759927	0.742198
0.759927	0.742198
0.760733	0.743004
0.760733	0.743004
0.760733	0.742198
0.760733	0.743004
0.760733	0.742198
0.760733	0.742198
0.760733	0.743004
0.760733	0.742198
0.760733	0.742198
0.760733	0.742198
0.760733	0.742198
0.760733	0.742198
0.760733	0.742198
0.760733	0.742198
0.760733	0.742198
0.760733	0.742198
0.760733	0.742198
0.761538	0.742198
0.761538	0.742198
0.761538	0.742198
0.761538	0.742198
0.760733	0.742198
0.761538	0.742198
0.761538	0.742198
0.761538	0.742198
0.761538	0.742198
0.760733	0.742198
0.761538	0.742198
0.761538	0.742198
0.761538	0.742198
0.760733	0.742198
0.761538	0.742198
0.761538	0.742198
0.761538	0.742198
0.761538	0.742198
0.761538	0.742198
0.761538	0.742198
0.761538	0.742198
0.761538	0.742198
0.761538	0.742198
0.761538	0.742198
0.761538	0.742198
0.761538	0.742198
0.761538	0.742198
0.761538	0.742198
0.761538	0.742198
0.761538	0.742198
0.761538	0.742198
0.761538	0.742198
0.761538	0.742198
0.761538	0.742198
0.761538	0.742198
0.761538	0.742198
0.761538	0.742198
0.761538	0.742198
0.761538	0.742198
0.761538	0.742198
0.761538	0.742198
0.761538	0.742198
0.761538	0.742198
0.761538	0.742198
0.761538	0.742198
0.761538	0.742198
0.761538	0.742198
0.761538	0.742198
0.761538	0.742198
0.761538	0.742198
0.761538	0.742198
0.761538	0.742198
0.761538	0.742198
0.761538	0.742198
0.761538	0.742198
0.761538	0.742198
0.761538	0.742198
0.761538	0.742198
0.761538	0.742198
0.761538	0.742198
0.761538	0.742198
0.761538	0.742198
0.761538	0.742198
0.761538	0.742198
0.761538	0.742198
0.761538	0.742198
0.761538	0.742198
0.761538	0.742198
0.761538	0.742198
0.761538	0.742198
0.761538	0.742198
0.761538	0.742198
0.761538	0.742198
0.761538	0.742198
0.761538	0.742198
0.761538	0.742198
0.761538	0.742198
0.761538	0.742198
0.761538	0.742198
0.761538	0.742198
0.761538	0.742198
0.761538	0.742198
0.761538	0.742198
0.761538	0.742198
0.761538	0.742198
0.761538	0.742198
0.761538	0.742198
0.761538	0.742198
0.761538	0.742198
0.761538	0.742198
0.761538	0.742198
0.761538	0.742198
0.761538	0.742198
0.761538	0.742198
0.761538	0.742198
0.761538	0.742198
0.761538	0.742198
0.761538	0.742198
0.761538	0.742198
0.761538	0.742198
0.761538	0.742198
0.761538	0.742198
0.761538	0.742198
0.761538	0.742198
0.761538	0.742198
0.761538	0.742198
0.761538	0.742198
0.761538	0.742198
0.761538	0.742198
0.761538	0.742198
0.761538	0.742198
0.761538	0.742198
0.761538	0.742198
0.761538	0.742198
0.761538	0.742198
0.761538	0.742198
0.761538	0.742198
0.761538	0.742198
0.761538	0.742198
0.761538	0.742198
0.761538	0.742198
0.761538	0.742198
0.761538	0.742198
0.761538	0.742198
0.761538	0.742198
0.762344	0.742198
0.761538	0.742198
0.762344	0.742198
0.761538	0.742198
0.762344	0.742198
0.761538	0.742198
0.761538	0.742198
0.762344	0.742198
0.762344	0.742198
0.762344	0.742198
0.762344	0.742198
0.762344	0.742198
0.762344	0.742198
0.762344	0.742198
0.762344	0.742198
0.762344	0.742198
0.762344	0.742198
0.761538	0.742198
0.762344	0.743004
0.762344	0.743004
0.762344	0.742198
0.761538	0.743004
0.762344	0.743004
0.762344	0.743004
0.762344	0.743004
0.761538	0.743004
0.761538	0.743004
0.762344	0.743004
0.762344	0.743004
0.762344	0.743004
0.762344	0.743004
0.762344	0.743004
0.762344	0.743004
0.761538	0.743004
0.762344	0.743004
0.762344	0.743004
0.761538	0.743004
0.761538	0.743004
0.761538	0.743004
0.761538	0.743004
0.761538	0.743004
0.761538	0.743004
0.761538	0.743004
0.761538	0.743004
0.761538	0.743004
0.761538	0.743004
0.761538	0.743004
0.761538	0.743004
0.761538	0.743004
0.761538	0.743004
0.761538	0.743004
0.761538	0.743004
0.761538	0.743004
0.761538	0.743004
0.761538	0.743004
0.761538	0.743004
0.761538	0.743004
0.761538	0.743004
0.761538	0.743004
0.761538	0.743004
0.761538	0.74381
0.761538	0.743004
0.761538	0.74381
0.761538	0.743004
0.761538	0.74381
0.761538	0.743004
0.761538	0.743004
0.761538	0.74381
0.761538	0.74381
0.761538	0.743004
0.761538	0.743004
0.761538	0.74381
0.761538	0.743004
0.761538	0.743004
0.761538	0.74381
0.761538	0.74381
0.761538	0.74381
0.761538	0.74381
0.761538	0.74381
0.761538	0.743004
0.761538	0.74381
0.761538	0.743004
0.761538	0.74381
0.761538	0.74381
0.761538	0.74381
0.761538	0.74381
0.761538	0.74381
0.761538	0.74381
0.761538	0.74381
0.761538	0.74381
0.761538	0.74381
0.761538	0.74381
0.760733	0.74381
0.760733	0.74381
0.760733	0.74381
0.760733	0.74381
0.760733	0.74381
0.760733	0.74381
0.760733	0.74381
0.760733	0.74381
0.760733	0.74381
0.760733	0.74381
0.761538	0.74381
0.760733	0.74381
0.760733	0.74381
0.761538	0.74381
0.761538	0.74381
0.761538	0.74381
0.760733	0.74381
0.761538	0.74381
0.760733	0.74381
0.761538	0.74381
0.760733	0.74381
0.760733	0.74381
0.760733	0.74381
0.760733	0.74381
0.761538	0.74381
0.761538	0.74381
0.760733	0.74381
0.760733	0.74381
0.760733	0.74381
0.760733	0.74381
0.760733	0.74381
0.760733	0.74381
0.760733	0.74381
0.760733	0.74381
0.760733	0.74381
0.760733	0.74381
0.760733	0.74381
0.760733	0.74381
0.760733	0.74381
0.760733	0.74381
0.760733	0.74381
0.760733	0.74381
0.760733	0.74381
0.760733	0.74381
0.760733	0.74381
0.760733	0.74381
0.760733	0.74381
0.760733	0.74381
0.760733	0.74381
0.760733	0.74381
0.760733	0.74381
0.760733	0.74381
0.760733	0.74381
0.760733	0.74381
0.760733	0.74381
0.760733	0.74381
0.760733	0.74381
0.760733	0.74381
0.760733	0.74381
0.760733	0.74381
0.760733	0.74381
0.760733	0.74381
0.760733	0.74381
0.760733	0.74381
0.760733	0.74381
0.760733	0.74381
0.760733	0.74381
0.760733	0.74381
0.760733	0.74381
0.760733	0.74381
0.760733	0.74381
0.760733	0.74381
0.760733	0.74381
0.760733	0.74381
0.760733	0.74381
0.760733	0.74381
0.760733	0.74381
0.760733	0.74381
0.760733	0.74381
0.760733	0.74381
0.760733	0.74381
0.760733	0.74381
0.760733	0.74381
0.760733	0.74381
0.760733	0.74381
0.760733	0.74381
0.760733	0.74381
0.760733	0.74381
0.760733	0.74381
0.760733	0.74381
0.760733	0.74381
0.760733	0.74381
0.760733	0.74381
0.760733	0.74381
0.760733	0.74381
0.760733	0.74381
0.760733	0.74381
0.760733	0.74381
0.760733	0.74381
0.760733	0.74381
0.760733	0.74381
0.760733	0.74381
0.760733	0.74381
0.760733	0.74381
0.760733	0.74381
0.760733	0.74381
0.759927	0.74381
0.760733	0.74381
0.759927	0.74381
0.759927	0.74381
0.759927	0.74381
0.759927	0.743004
0.759927	0.74381
0.759927	0.743004
0.759927	0.743004
0.759927	0.743004
0.759927	0.743004
0.759927	0.743004
0.759927	0.743004
0.759927	0.743004
0.759927	0.743004
0.759927	0.743004
0.759927	0.743004
0.759927	0.743004
0.759927	0.743004
0.760733	0.742198
0.760733	0.742198
0.760733	0.742198
0.759927	0.742198
0.759927	0.742198
0.759927	0.742198
0.759927	0.742198
0.759927	0.742198
0.759927	0.742198
0.759927	0.742198
0.759121	0.741392
0.759121	0.741392
0.759927	0.742198
0.759927	0.741392
0.759927	0.741392
0.759927	0.741392
0.759927	0.741392
0.759927	0.741392
0.759927	0.741392
0.759927	0.741392
0.759927	0.741392
0.759927	0.741392
0.760733	0.741392
0.760733	0.741392
0.760733	0.741392
0.760733	0.741392
0.761538	0.741392
0.761538	0.741392
0.761538	0.741392
0.761538	0.741392
0.761538	0.741392
0.761538	0.741392
0.761538	0.741392
0.761538	0.741392
0.761538	0.741392
0.761538	0.741392
0.761538	0.741392
0.761538	0.741392
0.761538	0.741392
0.760733	0.741392
0.760733	0.741392
0.760733	0.741392
0.760733	0.741392
0.760733	0.741392
0.761538	0.741392
0.761538	0.741392
0.760733	0.741392
0.761538	0.741392
0.761538	0.741392
0.761538	0.741392
0.761538	0.741392
0.761538	0.741392
0.761538	0.741392
0.761538	0.741392
0.762344	0.741392
0.762344	0.741392
0.762344	0.741392
0.762344	0.741392
0.762344	0.741392
0.76315	0.741392
0.76315	0.741392
0.76315	0.741392
0.76315	0.741392
0.76315	0.741392
0.763956	0.741392
0.763956	0.742198
0.763956	0.742198
0.763956	0.742198
0.763956	0.742198
0.763956	0.742198
0.763956	0.742198
0.764762	0.742198
0.764762	0.742198
0.764762	0.742198
0.764762	0.743004
0.764762	0.743004
0.764762	0.743004
0.764762	0.743004
0.764762	0.743004
0.764762	0.743004
0.764762	0.743004
0.763956	0.743004
0.763956	0.743004
0.763956	0.743004
0.763956	0.743004
0.76315	0.743004
0.76315	0.743004
0.76315	0.743004
0.76315	0.743004
0.76315	0.743004
0.76315	0.743004
0.76315	0.743004
0.76315	0.743004
0.76315	0.743004
0.76315	0.74381
0.76315	0.74381
0.76315	0.74381
0.76315	0.74381
0.76315	0.74381
0.76315	0.74381
0.76315	0.74381
0.76315	0.74381
0.76315	0.74381
0.76315	0.74381
0.76315	0.74381
0.76315	0.74381
0.76315	0.74381
0.76315	0.74381
0.762344	0.74381
0.762344	0.74381
0.762344	0.74381
0.762344	0.74381
0.762344	0.743004
0.762344	0.743004
0.762344	0.743004
0.762344	0.743004
0.761538	0.742198
0.761538	0.742198
0.761538	0.742198
0.761538	0.742198
0.760733	0.741392
0.760733	0.741392
0.760733	0.741392
0.760733	0.740586
0.760733	0.740586
0.760733	0.740586
0.760733	0.740586
0.759927	0.740586
0.759927	0.740586
0.759927	0.740586
0.759927	0.740586
0.759927	0.740586
0.759927	0.740586
0.759927	0.740586
0.759927	0.740586
0.759927	0.740586
0.759927	0.740586
0.759927	0.740586
0.759927	0.740586
0.759927	0.740586
0.759927	0.740586
0.759927	0.740586
0.759927	0.740586
0.759927	0.73978
0.759927	0.740586
0.759121	0.73978
0.759121	0.73978
0.759121	0.73978
0.759121	0.73978
0.759927	0.73978
0.760733	0.73978
0.760733	0.740586
0.761538	0.740586
0.761538	0.740586
0.762344	0.740586
0.762344	0.740586
0.76315	0.740586
0.76315	0.740586
0.763956	0.740586
0.764762	0.740586
0.765568	0.740586
0.765568	0.740586
0.765568	0.740586
0.764762	0.741392
0.764762	0.740586
0.764762	0.741392
0.764762	0.741392
0.764762	0.741392
0.764762	0.741392
0.764762	0.741392
0.764762	0.741392
0.764762	0.741392
0.764762	0.741392
0.767179	0.742198
0.767985	0.742198
0.767985	0.742198
0.767985	0.742198
0.767985	0.742198
0.767985	0.742198
0.767985	0.742198
0.767985	0.742198
0.767985	0.742198
0.767985	0.742198
0.767179	0.742198
0.767179	0.742198
0.767179	0.742198
0.767179	0.742198
0.767179	0.742198
0.767179	0.742198
0.766374	0.742198
0.766374	0.742198
0.766374	0.743004
0.766374	0.743004
0.766374	0.742198
0.766374	0.743004
0.766374	0.743004
0.765568	0.743004
0.765568	0.743004
0.765568	0.743004
0.765568	0.743004
0.765568	0.743004
0.765568	0.743004
0.765568	0.74381
0.764762	0.74381
0.764762	0.743004
0.764762	0.743004
0.764762	0.743004
0.764762	0.74381
0.763956	0.743004
0.763956	0.743004
0.763956	0.742198
0.763956	0.742198
0.76315	0.742198
0.763956	0.742198
0.763956	0.742198
0.76315	0.742198
0.76315	0.742198
0.76315	0.742198
0.76315	0.742198
0.76315	0.742198
0.76315	0.742198
0.76315	0.742198
0.76315	0.742198
0.76315	0.742198
0.762344	0.742198
0.76315	0.742198
0.76315	0.742198
0.762344	0.742198
0.762344	0.742198
0.762344	0.742198
0.762344	0.742198
0.762344	0.742198
0.762344	0.742198
0.762344	0.742198
0.762344	0.742198
0.762344	0.742198
0.762344	0.742198
0.762344	0.742198
0.762344	0.741392
0.761538	0.741392
0.762344	0.741392
0.762344	0.742198
0.761538	0.742198
0.761538	0.742198
0.761538	0.742198
0.761538	0.741392
0.761538	0.741392
0.761538	0.742198
0.761538	0.742198
0.761538	0.742198
0.761538	0.742198
0.761538	0.741392
0.761538	0.741392
0.761538	0.742198
0.761538	0.742198
0.761538	0.742198
0.761538	0.742198
0.761538	0.742198
0.761538	0.742198
0.761538	0.742198
0.761538	0.742198
0.762344	0.742198
0.762344	0.742198
0.762344	0.742198
0.762344	0.742198
0.762344	0.742198
0.762344	0.742198
0.76315	0.742198
0.76315	0.742198
0.76315	0.742198
0.76315	0.742198
0.76315	0.742198
0.76315	0.742198
0.76315	0.742198
0.76315	0.742198
0.763956	0.742198
0.763956	0.742198
0.763956	0.742198
0.763956	0.742198
0.764762	0.742198
0.764762	0.742198
0.764762	0.742198
0.764762	0.742198
0.764762	0.742198
0.764762	0.742198
0.764762	0.742198
0.765568	0.742198
0.765568	0.742198
0.765568	0.742198
0.765568	0.742198
0.765568	0.742198
0.765568	0.742198
0.765568	0.742198
0.765568	0.742198
0.766374	0.742198
0.766374	0.742198
0.766374	0.742198
0.766374	0.742198
0.766374	0.742198
0.766374	0.742198
0.766374	0.742198
0.766374	0.741392
0.766374	0.741392
0.766374	0.741392
0.766374	0.741392
0.766374	0.741392
0.765568	0.741392
0.765568	0.741392
0.766374	0.741392
0.766374	0.741392
0.766374	0.741392
0.766374	0.741392
0.766374	0.741392
0.765568	0.740586
0.765568	0.740586
0.765568	0.740586
0.765568	0.740586
0.765568	0.740586
0.765568	0.73978
0.765568	0.73978
0.765568	0.73978
0.764762	0.738168
0.764762	0.738168
0.764762	0.737363
0.764762	0.737363
0.764762	0.737363
0.763956	0.737363
0.763956	0.736557
0.763956	0.736557
0.763956	0.736557
0.763956	0.735751
0.76315	0.735751
0.76315	0.735751
0.76315	0.735751
0.76315	0.735751
0.76315	0.735751
0.76315	0.735751
0.76315	0.734945
0.76315	0.734139
0.76315	0.734139
0.763956	0.734139
0.763956	0.733333
0.764762	0.733333
0.764762	0.732527
0.764762	0.732527
0.764762	0.732527
0.764762	0.731722
0.764762	0.731722
0.765568	0.731722
0.765568	0.730916
0.766374	0.730916
0.766374	0.73011
0.766374	0.73011
0.765568	0.73011
0.766374	0.73011
0.765568	0.73011
0.765568	0.73011
0.765568	0.729304
0.765568	0.729304
0.765568	0.729304
0.765568	0.729304
0.765568	0.729304
0.765568	0.729304
0.765568	0.728498
0.765568	0.728498
0.765568	0.728498
0.765568	0.728498
0.765568	0.728498
0.764762	0.728498
0.765568	0.727692
0.764762	0.727692
0.765568	0.727692
0.764762	0.727692
0.764762	0.727692
0.764762	0.726886
0.764762	0.726886
0.764762	0.726886
0.764762	0.726886
0.764762	0.726081
0.764762	0.726081
0.763956	0.726081
0.763956	0.726081
0.763956	0.726081
0.763956	0.726081
0.763956	0.726081
0.763956	0.726081
0.763956	0.726081
0.763956	0.726081
0.763956	0.726081
0.763956	0.726081
0.763956	0.726081
0.763956	0.726081
0.763956	0.726081
0.763956	0.726081
0.764762	0.726081
0.764762	0.726081
0.764762	0.726081
0.764762	0.726081
0.764762	0.726081
0.765568	0.726081
0.765568	0.726081
0.765568	0.726081
0.765568	0.726081
0.765568	0.726886
0.765568	0.726081
0.766374	0.726081
0.766374	0.726081
0.766374	0.726886
0.766374	0.726886
0.766374	0.726886
0.767179	0.726886
0.767179	0.726886
0.767179	0.726886
0.767179	0.726886
0.767179	0.726886
0.767985	0.727692
0.767985	0.727692
0.767985	0.727692
0.767985	0.727692
0.767985	0.728498
0.768791	0.728498
0.768791	0.728498
0.768791	0.729304
0.769597	0.729304
0.769597	0.729304
0.769597	0.729304
0.769597	0.729304
0.770403	0.729304
0.770403	0.729304
0.770403	0.73011
0.770403	0.73011
0.770403	0.73011
0.770403	0.73011
0.770403	0.73011
0.771209	0.73011
0.771209	0.73011
0.771209	0.73011
0.771209	0.73011
0.771209	0.73011
0.772015	0.73011
0.772821	0.73011
0.772821	0.73011
0.772821	0.729304
0.772821	0.729304
0.772821	0.729304
0.772821	0.729304
0.772821	0.729304
0.773626	0.73011
0.773626	0.73011
0.773626	0.73011
0.773626	0.73011
0.773626	0.73011
0.773626	0.729304
0.774432	0.73011
0.774432	0.73011
0.774432	0.729304
0.774432	0.73011
0.774432	0.729304
0.775238	0.729304
0.775238	0.729304
0.775238	0.729304
0.775238	0.729304
0.775238	0.729304
0.776044	0.729304
0.776044	0.729304
0.776044	0.729304
0.776044	0.729304
0.776044	0.729304
0.77685	0.729304
0.77685	0.729304
0.77685	0.73011
0.777656	0.73011
0.777656	0.73011
0.777656	0.73011
0.778462	0.73011
0.779267	0.73011
0.780073	0.73011
0.780073	0.73011
0.780879	0.73011
0.781685	0.73011
0.781685	0.73011
0.782491	0.73011
0.783297	0.73011
0.783297	0.73011
0.784103	0.73011
0.784103	0.73011
0.784908	0.730916
0.785714	0.73011
0.785714	0.730916
0.78652	0.730916
0.787326	0.730916
0.788132	0.730916
0.788132	0.730916
0.788132	0.730916
0.788938	0.730916
0.790549	0.731722
0.790549	0.731722
0.790549	0.731722
0.790549	0.731722
0.790549	0.731722
0.791355	0.731722
0.791355	0.731722
0.791355	0.731722
0.792161	0.732527
0.792161	0.732527
0.792161	0.732527
0.792161	0.732527
0.792161	0.732527
0.792967	0.732527
0.792967	0.732527
0.792967	0.733333
0.792967	0.733333
0.792967	0.733333
0.792967	0.733333
0.792967	0.733333
0.792967	0.733333
0.792967	0.733333
0.792967	0.733333
0.792967	0.733333
0.792967	0.733333
0.792967	0.733333
0.792967	0.733333
0.792967	0.733333
0.792967	0.733333
0.792967	0.733333
0.792967	0.733333
0.792967	0.733333
0.792967	0.733333
0.792967	0.733333
0.792967	0.733333
0.792967	0.733333
0.792967	0.733333
0.792967	0.733333
0.792967	0.733333
0.792967	0.733333
0.792967	0.733333
0.792967	0.733333
0.792967	0.733333
0.792967	0.733333
0.792967	0.733333
0.792967	0.733333
0.792967	0.733333
0.792967	0.733333
0.792967	0.733333
0.792967	0.733333
0.792967	0.733333
0.792967	0.733333
0.792967	0.733333
0.792967	0.733333
0.792967	0.733333
0.792967	0.733333
0.792967	0.733333
0.792967	0.733333
0.792967	0.733333
0.792967	0.733333
0.792967	0.733333
0.792967	0.733333
0.792967	0.733333
0.792967	0.733333
0.792967	0.733333
0.792967	0.733333
0.792967	0.733333
0.793773	0.733333
0.793773	0.733333
0.792967	0.733333
0.793773	0.733333
0.792967	0.733333
0.792967	0.733333
0.793773	0.733333
0.792967	0.733333
0.792967	0.733333
0.793773	0.733333
0.793773	0.733333
0.793773	0.733333
0.792967	0.733333
0.793773	0.733333
0.793773	0.733333
0.793773	0.733333
0.793773	0.733333
0.793773	0.733333
0.793773	0.733333
0.793773	0.733333
0.793773	0.733333
0.793773	0.733333
0.793773	0.733333
0.793773	0.733333
0.793773	0.733333
0.793773	0.733333
0.793773	0.733333
0.793773	0.733333
0.793773	0.733333
0.793773	0.733333
0.793773	0.733333
0.793773	0.733333
0.793773	0.734139
0.793773	0.733333
0.793773	0.734139
0.793773	0.733333
0.793773	0.733333
0.793773	0.733333
0.793773	0.733333
0.793773	0.733333
0.793773	0.733333
0.793773	0.733333
0.793773	0.733333
0.793773	0.733333
0.793773	0.733333
0.793773	0.733333
0.793773	0.734139
0.793773	0.733333
0.793773	0.733333
0.793773	0.734139
0.793773	0.734139
0.793773	0.734139
0.793773	0.733333
0.793773	0.734139
0.793773	0.734139
0.793773	0.734139
0.793773	0.734139
0.793773	0.733333
0.793773	0.733333
0.793773	0.734139
0.793773	0.733333
0.793773	0.733333
0.793773	0.733333
0.793773	0.733333
0.793773	0.734139
0.793773	0.734139
0.793773	0.734139
0.793773	0.734139
0.793773	0.734139
0.793773	0.734139
0.793773	0.734139
0.793773	0.734139
0.793773	0.734139
0.793773	0.734139
0.793773	0.733333
0.793773	0.734139
0.793773	0.734139
0.793773	0.734139
0.793773	0.733333
0.793773	0.734139
0.793773	0.733333
0.793773	0.734139
0.793773	0.734139
0.793773	0.734139
0.793773	0.733333
0.793773	0.734139
0.793773	0.734139
0.793773	0.734139
0.793773	0.734139
0.793773	0.734139
0.793773	0.733333
0.793773	0.734139
0.793773	0.734139
0.793773	0.734139
0.793773	0.734139
0.793773	0.734139
0.793773	0.733333
0.793773	0.733333
0.793773	0.734139
0.793773	0.734139
0.793773	0.734139
0.793773	0.734139
0.793773	0.734139
0.793773	0.733333
0.793773	0.734139
0.793773	0.734139
0.793773	0.734139
0.793773	0.734139
0.793773	0.734139
0.793773	0.734139
0.793773	0.734139
0.793773	0.734139
0.793773	0.734139
0.793773	0.734139
0.793773	0.734139
0.793773	0.734139
0.793773	0.734139
0.793773	0.734139
0.793773	0.734139
0.793773	0.734139
0.793773	0.734139
0.793773	0.734139
0.793773	0.734139
0.794579	0.734139
0.793773	0.734139
0.793773	0.734139
0.794579	0.734139
0.793773	0.734139
0.793773	0.734139
0.794579	0.734139
0.794579	0.734139
0.794579	0.734139
0.793773	0.734139
0.794579	0.734139
0.794579	0.734139
0.794579	0.734139
0.794579	0.734139
0.794579	0.734139
0.794579	0.734139
0.794579	0.734139
0.794579	0.734139
0.793773	0.734139
0.794579	0.734139
0.793773	0.734139
0.793773	0.734139
0.793773	0.734139
0.793773	0.734139
0.793773	0.734139
0.793773	0.734139
0.793773	0.734139
0.793773	0.734139
0.793773	0.734139
0.792967	0.734139
0.792967	0.734139
0.792967	0.734139
0.792967	0.734139
0.792967	0.734139
0.792161	0.734139
0.792161	0.734139
0.792161	0.733333
0.792161	0.733333
0.792161	0.733333
0.792161	0.733333
0.791355	0.733333
0.791355	0.733333
0.791355	0.733333
0.791355	0.733333
0.791355	0.733333
0.790549	0.733333
0.790549	0.733333
0.790549	0.733333
0.790549	0.733333
0.790549	0.733333
0.790549	0.733333
0.789744	0.733333
0.789744	0.733333
0.789744	0.733333
0.789744	0.732527
0.789744	0.732527
0.788938	0.732527
0.788938	0.732527
0.788938	0.732527
0.788938	0.732527
0.788938	0.732527
0.788938	0.732527
0.788132	0.732527
0.788132	0.732527
0.788132	0.732527
0.787326	0.732527
0.787326	0.731722
0.787326	0.731722
0.787326	0.731722
0.787326	0.731722
0.787326	0.731722
0.78652	0.731722
0.78652	0.731722
0.78652	0.731722
0.78652	0.731722
0.785714	0.731722
0.785714	0.731722
0.78652	0.731722
0.785714	0.730916
0.785714	0.730916
0.785714	0.730916
0.785714	0.730916
0.785714	0.730916
0.785714	0.730916
0.785714	0.730916
0.785714	0.730916
0.785714	0.730916
0.785714	0.730916
0.785714	0.730916
0.785714	0.730916
0.785714	0.730916
0.785714	0.730916
0.785714	0.73011
0.785714	0.730916
0.784908	0.73011
0.785714	0.73011
0.785714	0.730916
0.785714	0.730916
0.785714	0.730916
0.785714	0.73011
0.785714	0.730916
0.785714	0.730916
0.785714	0.73011
0.785714	0.73011
0.785714	0.73011
0.785714	0.73011
0.785714	0.73011
0.785714	0.73011
0.785714	0.73011
0.785714	0.73011
0.785714	0.73011
0.785714	0.73011
0.785714	0.73011
0.785714	0.73011
0.785714	0.73011
0.785714	0.73011
0.785714	0.73011
0.785714	0.73011
0.785714	0.73011
0.785714	0.73011
0.785714	0.73011
0.785714	0.73011
0.785714	0.73011
0.785714	0.73011
0.785714	0.73011
0.785714	0.73011
0.785714	0.73011
0.785714	0.73011
0.785714	0.73011
0.785714	0.73011
0.78652	0.73011
0.785714	0.73011
0.785714	0.73011
0.785714	0.73011
0.785714	0.73011
0.785714	0.73011
0.78652	0.73011
0.785714	0.73011
0.785714	0.73011
0.78652	0.73011
0.785714	0.73011
0.785714	0.73011
0.78652	0.73011
0.78652	0.73011
0.78652	0.73011
0.785714	0.73011
0.785714	0.73011
0.785714	0.73011
0.78652	0.73011
0.785714	0.73011
0.785714	0.73011
0.78652	0.73011
0.785714	0.73011
0.78652	0.73011
0.78652	0.73011
0.785714	0.73011
0.785714	0.73011
0.785714	0.73011
0.785714	0.73011
0.785714	0.73011
0.785714	0.73011
0.78652	0.73011
0.78652	0.73011
0.78652	0.73011
0.78652	0.73011
0.78652	0.73011
0.78652	0.73011
0.78652	0.73011
0.78652	0.73011
0.78652	0.73011
0.785714	0.73011
0.78652	0.73011
0.78652	0.73011
0.78652	0.73011
0.785714	0.73011
0.785714	0.73011
0.78652	0.73011
0.78652	0.73011
0.78652	0.73011
0.78652	0.73011
0.78652	0.73011
0.78652	0.73011
0.785714	0.73011
0.78652	0.73011
0.78652	0.73011
0.78652	0.73011
0.78652	0.73011
0.785714	0.73011
0.785714	0.73011
0.785714	0.73011
0.78652	0.73011
0.78652	0.73011
0.78652	0.73011
0.78652	0.73011
0.78652	0.73011
0.78652	0.73011
0.78652	0.73011
0.78652	0.73011
0.78652	0.73011
0.78652	0.73011
0.78652	0.73011
0.78652	0.73011
0.78652	0.73011
0.78652	0.73011
0.78652	0.73011
0.78652	0.73011
0.78652	0.73011
0.78652	0.73011
0.785714	0.73011
0.78652	0.73011
0.78652	0.73011
0.78652	0.73011
0.78652	0.73011
0.78652	0.73011
0.78652	0.73011
0.78652	0.73011
0.78652	0.73011
0.78652	0.73011
0.78652	0.73011
0.78652	0.73011
0.78652	0.73011
0.78652	0.73011
0.78652	0.73011
0.78652	0.73011
0.78652	0.73011
0.78652	0.73011
0.78652	0.73011
0.78652	0.73011
0.78652	0.73011
0.78652	0.73011
0.78652	0.73011
0.78652	0.729304
0.78652	0.73011
0.78652	0.73011
0.78652	0.729304
0.78652	0.73011
0.78652	0.73011
0.78652	0.73011
0.78652	0.73011
0.787326	0.729304
0.78652	0.73011
0.78652	0.73011
0.78652	0.73011
0.78652	0.73011
0.787326	0.729304
0.78652	0.73011
0.787326	0.73011
0.787326	0.73011
0.787326	0.73011
0.787326	0.73011
0.787326	0.73011
0.787326	0.73011
0.787326	0.73011
0.787326	0.73011
0.787326	0.73011
0.787326	0.73011
0.787326	0.73011
0.787326	0.729304
0.787326	0.729304
0.787326	0.73011
0.787326	0.73011
0.787326	0.73011
0.788132	0.73011
0.788132	0.73011
0.788132	0.73011
0.788132	0.73011
0.788132	0.73011
0.788132	0.73011
0.788132	0.73011
0.788132	0.73011
0.788938	0.73011
0.788132	0.73011
0.788938	0.73011
0.788938	0.73011
0.788938	0.73011
0.788938	0.73011
0.788938	0.73011
0.788938	0.73011
0.788938	0.73011
0.789744	0.73011
0.789744	0.73011
0.789744	0.73011
0.789744	0.73011
0.789744	0.73011
0.789744	0.730916
0.790549	0.730916
0.790549	0.73011
0.790549	0.73011
0.790549	0.730916
0.790549	0.730916
0.790549	0.730916
0.791355	0.730916
0.791355	0.730916
0.791355	0.730916
0.791355	0.730916
0.791355	0.730916
0.791355	0.730916
0.791355	0.730916
0.792161	0.730916
0.792161	0.730916
0.792161	0.730916
0.792161	0.730916
0.792161	0.730916
0.792967	0.730916
0.792967	0.730916
0.792161	0.730916
0.792967	0.730916
0.792967	0.730916
0.792967	0.730916
0.792967	0.730916
0.792967	0.730916
0.793773	0.730916
0.793773	0.730916
0.793773	0.731722
0.793773	0.730916
0.793773	0.731722
0.793773	0.730916
0.793773	0.730916
0.793773	0.731722
0.793773	0.730916
0.794579	0.731722
0.793773	0.730916
0.794579	0.731722
0.794579	0.731722
0.794579	0.730916
0.794579	0.731722
0.794579	0.731722
0.794579	0.731722
0.794579	0.731722
0.794579	0.731722
0.794579	0.731722
0.794579	0.731722
0.794579	0.731722
0.794579	0.731722
0.794579	0.731722
0.794579	0.731722
0.794579	0.731722
0.795385	0.731722
0.795385	0.731722
0.795385	0.731722
0.795385	0.731722
0.795385	0.731722
0.795385	0.731722
0.795385	0.731722
0.795385	0.731722
0.795385	0.731722
0.795385	0.731722
0.795385	0.731722
0.795385	0.731722
0.795385	0.731722
0.795385	0.731722
0.795385	0.731722
0.795385	0.731722
0.795385	0.732527
0.795385	0.731722
0.795385	0.732527
0.795385	0.731722
0.795385	0.731722
0.795385	0.731722
0.795385	0.731722
0.795385	0.731722
0.795385	0.731722
0.795385	0.731722
0.795385	0.731722
0.795385	0.731722
0.795385	0.731722
0.795385	0.731722
0.795385	0.731722
0.795385	0.732527
0.795385	0.731722
0.795385	0.731722
0.795385	0.731722
0.795385	0.731722
0.795385	0.732527
0.795385	0.732527
0.795385	0.732527
0.795385	0.731722
0.795385	0.731722
0.795385	0.731722
0.795385	0.732527
0.795385	0.731722
0.795385	0.732527
0.795385	0.731722
0.795385	0.732527
0.795385	0.732527
0.795385	0.732527
0.795385	0.731722
0.795385	0.732527
0.795385	0.732527
0.795385	0.732527
0.795385	0.732527
0.795385	0.731722
0.795385	0.732527
0.795385	0.732527
0.795385	0.732527
0.795385	0.732527
0.795385	0.732527
0.795385	0.732527
0.795385	0.731722
0.795385	0.732527
0.795385	0.732527
0.795385	0.732527
0.795385	0.732527
0.795385	0.732527
0.795385	0.731722
0.795385	0.732527
0.795385	0.732527
0.795385	0.731722
0.795385	0.732527
0.795385	0.732527
0.795385	0.732527
0.795385	0.732527
0.795385	0.732527
0.795385	0.732527
0.795385	0.732527
0.795385	0.732527
0.795385	0.731722
0.794579	0.732527
0.795385	0.732527
0.794579	0.732527
0.794579	0.732527
0.795385	0.732527
0.795385	0.732527
0.794579	0.732527
0.794579	0.732527
0.794579	0.731722
0.794579	0.732527
0.794579	0.732527
0.794579	0.732527
0.794579	0.732527
0.794579	0.731722
0.794579	0.731722
0.794579	0.731722
0.794579	0.731722
0.794579	0.732527
0.794579	0.731722
0.794579	0.732527
0.794579	0.732527
0.794579	0.731722
0.794579	0.732527
0.794579	0.731722
0.794579	0.731722
0.794579	0.731722
0.793773	0.731722
0.794579	0.731722
0.794579	0.731722
0.793773	0.731722
0.793773	0.731722
0.793773	0.731722
0.793773	0.731722
0.793773	0.731722
0.793773	0.731722
0.793773	0.731722
0.793773	0.731722
0.793773	0.731722
0.793773	0.731722
0.793773	0.731722
0.793773	0.731722
0.793773	0.731722
0.793773	0.731722
0.792967	0.731722
0.792967	0.731722
0.792967	0.731722
0.792967	0.731722
0.792967	0.731722
0.792967	0.731722
0.792967	0.731722
0.792967	0.731722
0.792967	0.731722
0.792967	0.731722
0.792967	0.731722
0.792967	0.731722
0.792967	0.731722
0.792161	0.731722
0.792161	0.731722
0.792161	0.731722
0.792161	0.731722
0.792161	0.731722
0.792161	0.731722
0.792161	0.731722
0.792161	0.730916
0.792161	0.730916
0.792161	0.730916
0.792161	0.730916
0.792161	0.730916
0.791355	0.730916
0.791355	0.730916
0.791355	0.730916
0.792161	0.730916
0.791355	0.730916
0.791355	0.730916
0.791355	0.730916
0.791355	0.730916
0.791355	0.730916
0.791355	0.730916
0.791355	0.730916
0.791355	0.730916
0.791355	0.730916
0.791355	0.730916
0.791355	0.730916
0.791355	0.730916
0.790549	0.730916
0.791355	0.730916
0.790549	0.730916
0.790549	0.730916
0.791355	0.730916
0.791355	0.730916
0.791355	0.730916
0.790549	0.730916
0.790549	0.730916
0.790549	0.730916
0.790549	0.730916
0.790549	0.730916
0.790549	0.730916
0.790549	0.730916
0.790549	0.730916
0.790549	0.730916
0.790549	0.730916
0.790549	0.730916
0.790549	0.730916
0.790549	0.730916
0.789744	0.730916
0.789744	0.730916
0.789744	0.73011
0.789744	0.730916
0.789744	0.730916
0.789744	0.730916
0.789744	0.730916
0.789744	0.73011
0.789744	0.73011
0.789744	0.730916
0.789744	0.730916
0.788938	0.73011
0.788938	0.730916
0.789744	0.730916
0.789744	0.730916
0.788938	0.73011
0.788938	0.73011
0.788938	0.730916
0.788938	0.73011
0.788938	0.730916
0.788938	0.730916
0.788938	0.73011
0.788938	0.73011
0.788938	0.730916
0.788938	0.73011
0.788938	0.73011
0.788938	0.73011
0.788938	0.73011
0.788938	0.73011
0.788938	0.73011
0.788132	0.73011
0.788938	0.73011
0.788938	0.73011
0.788938	0.73011
0.788132	0.73011
0.788132	0.73011
0.788132	0.73011
0.788132	0.73011
0.788132	0.73011
0.788132	0.73011
0.788132	0.73011
0.788132	0.73011
0.788132	0.73011
0.788132	0.73011
0.788132	0.73011
0.788132	0.73011
0.788132	0.73011
0.788132	0.73011
0.788132	0.73011
0.788132	0.73011
0.788132	0.73011
0.788132	0.73011
0.788132	0.73011
0.788132	0.73011
0.788132	0.73011
0.788132	0.73011
0.788132	0.73011
0.788132	0.73011
0.788132	0.73011
0.788132	0.73011
0.788132	0.73011
0.788132	0.73011
0.788132	0.73011
0.788132	0.73011
0.788132	0.73011
0.788132	0.73011
0.788132	0.73011
0.788132	0.73011
0.788132	0.73011
0.788132	0.73011
0.788132	0.73011
0.788132	0.73011
0.788132	0.73011
0.788132	0.73011
0.788132	0.73011
0.788132	0.73011
0.788132	0.73011
0.788132	0.73011
0.788132	0.73011
0.788132	0.73011
0.788132	0.73011
0.788132	0.73011
0.788132	0.73011
0.788132	0.73011
0.788132	0.73011
0.788132	0.73011
0.788132	0.73011
0.788132	0.73011
0.788132	0.73011
0.788132	0.73011
0.788132	0.73011
0.788132	0.73011
0.788132	0.73011
0.788132	0.73011
0.788132	0.73011
0.788132	0.73011
0.788132	0.73011
0.788132	0.73011
0.788132	0.73011
0.788132	0.73011
0.788132	0.73011
0.788132	0.73011
0.788132	0.73011
0.788132	0.73011
0.788132	0.73011
0.788132	0.73011
0.788132	0.73011
0.788132	0.73011
0.788132	0.73011
0.788132	0.73011
0.788132	0.73011
0.788132	0.73011
0.788132	0.73011
0.788132	0.73011
0.788132	0.73011
0.788132	0.73011
0.788132	0.73011
0.788132	0.73011
0.788132	0.73011
0.788132	0.73011
0.788132	0.73011
0.788938	0.73011
0.788132	0.73011
0.788132	0.73011
0.788132	0.73011
0.788132	0.73011
0.788938	0.73011
0.788938	0.73011
0.788938	0.73011
0.788938	0.73011
0.788938	0.73011
0.788938	0.73011
0.788938	0.73011
0.788938	0.73011
0.788938	0.73011
0.788938	0.73011
0.788938	0.73011
0.788938	0.73011
0.788938	0.73011
0.788938	0.73011
0.788938	0.73011
0.788938	0.73011
0.788938	0.73011
0.788938	0.73011
0.788938	0.73011
0.788938	0.73011
0.788938	0.73011
0.789744	0.73011
0.788938	0.73011
0.788938	0.73011
0.789744	0.73011
0.789744	0.73011
0.789744	0.73011
0.789744	0.73011
0.789744	0.73011
0.789744	0.73011
0.789744	0.73011
0.789744	0.73011
0.789744	0.73011
0.789744	0.73011
0.789744	0.73011
0.789744	0.73011
0.789744	0.73011
0.789744	0.73011
0.789744	0.73011
0.789744	0.73011
0.789744	0.73011
0.789744	0.730916
0.790549	0.73011
0.790549	0.73011
0.790549	0.73011
0.790549	0.73011
0.790549	0.730916
0.790549	0.73011
0.790549	0.73011
0.790549	0.73011
0.790549	0.730916
0.790549	0.73011
0.790549	0.730916
0.790549	0.730916
0.790549	0.730916
0.790549	0.730916
0.790549	0.730916
0.790549	0.73011
0.791355	0.730916
0.790549	0.730916
0.790549	0.730916
0.791355	0.730916
0.791355	0.730916
0.791355	0.730916
0.791355	0.73011
0.791355	0.730916
0.791355	0.730916
0.791355	0.730916
0.791355	0.73011
0.791355	0.73011
0.791355	0.730916
0.791355	0.730916
0.791355	0.730916
0.791355	0.73011
0.791355	0.730916
0.791355	0.730916
0.791355	0.730916
0.791355	0.730916
0.791355	0.730916
0.791355	0.730916
0.792161	0.730916
0.792161	0.730916
0.791355	0.730916
0.792161	0.730916
0.792161	0.730916
0.792161	0.730916
0.792161	0.730916
0.792161	0.730916
0.792161	0.730916
0.792161	0.730916
0.792161	0.730916
0.792161	0.730916
0.792161	0.730916
0.792161	0.730916
0.792161	0.730916
0.792161	0.730916
0.792161	0.730916
0.792161	0.730916
0.792161	0.730916
0.792161	0.730916
0.792161	0.730916
0.792161	0.730916
0.792161	0.730916
0.792161	0.730916
0.792161	0.730916
0.792161	0.730916
0.792161	0.730916
0.792967	0.730916
0.792161	0.730916
0.792161	0.730916
0.792161	0.730916
0.792161	0.730916
0.792161	0.730916
0.792967	0.730916
0.792967	0.730916
0.792161	0.730916
0.792161	0.730916
0.792161	0.730916
0.792161	0.730916
0.792967	0.730916
0.792161	0.730916
0.792161	0.730916
0.792161	0.730916
0.792967	0.730916
0.792161	0.730916
0.792161	0.730916
0.792967	0.730916
0.792161	0.730916
0.792161	0.730916
0.792161	0.730916
0.792967	0.730916
0.792967	0.730916
0.792967	0.730916
0.792967	0.730916
0.792161	0.730916
0.792161	0.730916
0.792967	0.730916
0.792967	0.730916
0.792161	0.730916
0.792161	0.730916
0.792161	0.730916
0.792967	0.730916
0.792967	0.730916
0.792967	0.730916
0.792161	0.730916
0.792967	0.730916
0.792967	0.730916
0.792967	0.730916
0.792967	0.730916
0.792967	0.730916
0.792161	0.730916
0.792967	0.730916
0.792967	0.730916
0.792161	0.730916
0.792161	0.730916
0.792967	0.730916
0.792161	0.730916
0.792161	0.730916
0.792967	0.730916
0.792967	0.730916
0.792967	0.730916
0.792967	0.730916
0.792967	0.730916
0.792161	0.730916
0.792967	0.730916
0.792967	0.730916
0.792161	0.730916
0.792967	0.730916
0.792161	0.730916
0.792161	0.730916
0.792161	0.730916
0.792967	0.730916
0.792161	0.730916
0.792161	0.730916
0.792161	0.730916
0.792161	0.730916
0.792161	0.730916
0.792161	0.730916
0.792161	0.730916
0.792161	0.730916
0.792161	0.730916
0.792161	0.730916
0.792161	0.730916
0.792161	0.730916
0.792161	0.730916
0.792161	0.730916
0.792161	0.730916
0.792161	0.730916
0.792161	0.730916
0.792161	0.730916
0.792161	0.730916
0.792161	0.730916
0.792161	0.730916
0.792161	0.730916
0.792161	0.730916
0.792161	0.730916
0.792161	0.730916
0.792161	0.730916
0.792161	0.730916
0.792161	0.730916
0.792161	0.730916
0.792161	0.730916
0.792161	0.730916
0.792161	0.730916
0.792161	0.730916
0.792161	0.730916
0.792161	0.730916
0.792161	0.730916
0.792161	0.730916
0.792161	0.730916
0.792161	0.730916
0.792161	0.730916
0.792161	0.730916
0.792161	0.730916
0.792161	0.730916
0.792161	0.730916
0.792161	0.730916
0.791355	0.730916
0.791355	0.730916
0.791355	0.730916
0.791355	0.730916
0.791355	0.730916
0.791355	0.730916
0.791355	0.730916
0.791355	0.730916
0.791355	0.730916
0.791355	0.730916
0.791355	0.730916
0.791355	0.730916
0.791355	0.730916
0.791355	0.730916
0.791355	0.730916
0.791355	0.730916
0.791355	0.730916
0.791355	0.730916
0.791355	0.730916
0.791355	0.730916
0.791355	0.730916
0.791355	0.730916
0.791355	0.730916
0.791355	0.730916
0.791355	0.730916
0.791355	0.730916
0.790549	0.730916
0.790549	0.730916
0.791355	0.730916
0.790549	0.730916
0.790549	0.730916
0.790549	0.730916
0.790549	0.730916
0.790549	0.730916
0.790549	0.730916
0.790549	0.730916
0.790549	0.730916
0.790549	0.73011
0.790549	0.730916
0.790549	0.730916
0.790549	0.730916
0.790549	0.730916
0.790549	0.730916
0.790549	0.730916
0.790549	0.730916
0.790549	0.730916
0.790549	0.730916
0.790549	0.730916
0.790549	0.73011
0.790549	0.730916
0.790549	0.730916
0.790549	0.730916
0.790549	0.730916
0.790549	0.730916
0.790549	0.730916
0.790549	0.730916
0.790549	0.730916
0.790549	0.73011
0.790549	0.730916
0.790549	0.73011
0.789744	0.73011
0.790549	0.730916
0.790549	0.730916
0.789744	0.73011
0.789744	0.73011
0.789744	0.73011
0.789744	0.73011
0.789744	0.73011
0.789744	0.730916
0.789744	0.73011
0.789744	0.73011
0.789744	0.730916
0.789744	0.73011
0.789744	0.73011
0.789744	0.730916
0.789744	0.730916
0.789744	0.73011
0.789744	0.73011
0.789744	0.730916
0.789744	0.730916
0.789744	0.73011
0.789744	0.73011
0.789744	0.73011
0.789744	0.730916
0.789744	0.73011
0.789744	0.73011
0.789744	0.73011
0.789744	0.730916
0.789744	0.73011
0.789744	0.73011
0.789744	0.73011
0.789744	0.730916
0.789744	0.730916
0.789744	0.73011
0.789744	0.73011
0.789744	0.73011
0.789744	0.73011
0.789744	0.730916
0.789744	0.73011
0.789744	0.73011
0.789744	0.73011
0.789744	0.73011
0.789744	0.730916
0.789744	0.73011
0.789744	0.730916
0.789744	0.73011
0.789744	0.73011
0.789744	0.73011
0.789744	0.73011
0.789744	0.73011
0.789744	0.73011
0.789744	0.73011
0.789744	0.73011
0.789744	0.73011
0.789744	0.73011
0.789744	0.73011
0.789744	0.73011
0.789744	0.73011
0.789744	0.73011
0.789744	0.73011
0.789744	0.73011
0.789744	0.73011
0.789744	0.73011
0.789744	0.73011
0.789744	0.73011
0.789744	0.73011
0.789744	0.73011
0.789744	0.73011
0.789744	0.73011
0.789744	0.73011
0.789744	0.73011
0.789744	0.73011
0.789744	0.73011
0.789744	0.73011
0.789744	0.73011
0.789744	0.73011
0.789744	0.73011
0.789744	0.73011
0.789744	0.73011
0.789744	0.73011
0.789744	0.73011
0.789744	0.73011
0.789744	0.73011
0.789744	0.73011
0.789744	0.73011
0.789744	0.73011
0.789744	0.73011
0.789744	0.730916
0.789744	0.73011
0.789744	0.73011
0.789744	0.73011
0.789744	0.730916
0.789744	0.73011
0.789744	0.73011
0.789744	0.73011
0.789744	0.73011
0.789744	0.73011
0.789744	0.73011
0.789744	0.73011
0.789744	0.73011
0.789744	0.73011
0.789744	0.73011
0.789744	0.73011
0.789744	0.73011
0.789744	0.73011
0.789744	0.73011
0.789744	0.73011
0.789744	0.73011
0.789744	0.73011
0.789744	0.73011
0.789744	0.73011
0.789744	0.73011
0.790549	0.73011
0.789744	0.73011
0.789744	0.73011
0.789744	0.73011
0.790549	0.73011
0.789744	0.73011
0.790549	0.73011
0.789744	0.73011
0.790549	0.73011
0.789744	0.73011
0.790549	0.730916
0.789744	0.73011
0.789744	0.73011
0.790549	0.73011
0.790549	0.73011
0.789744	0.73011
0.790549	0.73011
0.790549	0.73011
0.790549	0.73011
0.790549	0.73011
0.790549	0.73011
0.790549	0.73011
0.790549	0.73011
0.790549	0.73011
0.790549	0.73011
0.790549	0.73011
0.790549	0.73011
0.790549	0.73011
0.790549	0.73011
0.790549	0.73011
0.790549	0.73011
0.790549	0.73011
0.790549	0.73011
0.790549	0.73011
0.790549	0.73011
0.790549	0.73011
0.790549	0.73011
0.790549	0.73011
0.790549	0.73011
0.790549	0.73011
0.790549	0.73011
0.790549	0.73011
0.790549	0.73011
0.790549	0.73011
0.790549	0.73011
0.790549	0.73011
0.790549	0.73011
0.790549	0.73011
0.790549	0.73011
0.790549	0.73011
0.790549	0.73011
0.790549	0.73011
0.790549	0.73011
0.790549	0.73011
0.790549	0.73011
0.790549	0.73011
0.790549	0.73011
0.790549	0.73011
0.790549	0.73011
0.790549	0.73011
0.790549	0.73011
0.790549	0.73011
0.790549	0.73011
0.790549	0.73011
0.790549	0.73011
0.790549	0.73011
0.790549	0.73011
0.790549	0.73011
0.790549	0.73011
0.790549	0.73011
0.790549	0.73011
0.790549	0.73011
0.790549	0.73011
0.790549	0.73011
0.790549	0.73011
0.790549	0.73011
0.790549	0.73011
0.790549	0.73011
0.790549	0.73011
0.790549	0.73011
0.790549	0.73011
0.790549	0.73011
0.790549	0.73011
